2023-07-29 21:06:19.800  INFO 8824 --- [main] c.w.service.impl.ClientServiceImplTest   : Starting ClientServiceImplTest using Java 1.8.0_291 on LAPTOP-PQIHT6TS with PID 8824 (started by Xuyujie in D:\面试\OAuth-Project\OAuth-ResourceServer)
2023-07-29 21:06:19.801  INFO 8824 --- [main] c.w.service.impl.ClientServiceImplTest   : The following 1 profile is active: "dev"
2023-07-29 21:06:19.839 DEBUG 8824 --- [main] o.s.w.c.s.GenericWebApplicationContext   : Refreshing org.springframework.web.context.support.GenericWebApplicationContext@306851c7
2023-07-29 21:06:20.819  INFO 8824 --- [main] .s.d.r.c.RepositoryConfigurationDelegate : Bootstrapping Spring Data JPA repositories in DEFAULT mode.
2023-07-29 21:06:20.871  INFO 8824 --- [main] .s.d.r.c.RepositoryConfigurationDelegate : Finished Spring Data repository scanning in 45 ms. Found 2 JPA repository interfaces.
2023-07-29 21:06:21.013  WARN 8824 --- [main] o.m.s.mapper.ClassPathMapperScanner      : No MyBatis mapper was found in '[com.wojucai]' package. Please check your configuration.
2023-07-29 21:06:21.455  INFO 8824 --- [main] com.zaxxer.hikari.HikariDataSource       : defaultDataSource - Starting...
2023-07-29 21:06:22.258  INFO 8824 --- [main] com.zaxxer.hikari.HikariDataSource       : defaultDataSource - Start completed.
2023-07-29 21:06:22.330  INFO 8824 --- [main] o.hibernate.jpa.internal.util.LogHelper  : HHH000204: Processing PersistenceUnitInfo [name: default]
2023-07-29 21:06:22.402  INFO 8824 --- [main] org.hibernate.Version                    : HHH000412: Hibernate ORM core version 5.6.12.Final
2023-07-29 21:06:22.602  INFO 8824 --- [main] o.hibernate.annotations.common.Version   : HCANN000001: Hibernate Commons Annotations {5.1.2.Final}
2023-07-29 21:06:22.742  INFO 8824 --- [main] org.hibernate.dialect.Dialect            : HHH000400: Using dialect: org.hibernate.dialect.MySQL5Dialect
2023-07-29 21:06:23.619  INFO 8824 --- [main] o.h.e.t.j.p.i.JtaPlatformInitiator       : HHH000490: Using JtaPlatform implementation: [org.hibernate.engine.transaction.jta.platform.internal.NoJtaPlatform]
2023-07-29 21:06:23.629  INFO 8824 --- [main] j.LocalContainerEntityManagerFactoryBean : Initialized JPA EntityManagerFactory for persistence unit 'default'
2023-07-29 21:06:23.944  WARN 8824 --- [main] o.s.w.c.s.GenericWebApplicationContext   : Exception encountered during context initialization - cancelling refresh attempt: org.springframework.beans.factory.UnsatisfiedDependencyException: Error creating bean with name 'clientController': Unsatisfied dependency expressed through field 'clientService'; nested exception is org.springframework.beans.factory.UnsatisfiedDependencyException: Error creating bean with name 'clientServiceImpl': Unsatisfied dependency expressed through field 'converter'; nested exception is org.springframework.beans.factory.UnsatisfiedDependencyException: Error creating bean with name 'com.wojucai.service.impl.ClientServiceImpl$ClientConverter': Unsatisfied dependency expressed through constructor parameter 0; nested exception is org.springframework.beans.factory.BeanCurrentlyInCreationException: Error creating bean with name 'clientServiceImpl': Requested bean is currently in creation: Is there an unresolvable circular reference?
2023-07-29 21:06:23.945  INFO 8824 --- [main] j.LocalContainerEntityManagerFactoryBean : Closing JPA EntityManagerFactory for persistence unit 'default'
2023-07-29 21:06:23.947  INFO 8824 --- [main] com.zaxxer.hikari.HikariDataSource       : defaultDataSource - Shutdown initiated...
2023-07-29 21:06:23.956  INFO 8824 --- [main] com.zaxxer.hikari.HikariDataSource       : defaultDataSource - Shutdown completed.
2023-07-29 21:06:23.965  INFO 8824 --- [main] ConditionEvaluationReportLoggingListener : 

Error starting ApplicationContext. To display the conditions report re-run your application with 'debug' enabled.
2023-07-29 21:06:23.992 ERROR 8824 --- [main] o.s.b.d.LoggingFailureAnalysisReporter   : 

***************************
APPLICATION FAILED TO START
***************************

Description:

The dependencies of some of the beans in the application context form a cycle:

   clientController (field private com.wojucai.service.ClientService com.wojucai.export.api.ClientController.clientService)
┌─────┐
|  clientServiceImpl (field private com.wojucai.service.impl.ClientServiceImpl$ClientConverter com.wojucai.service.impl.ClientServiceImpl.converter)
↑     ↓
|  com.wojucai.service.impl.ClientServiceImpl$ClientConverter
└─────┘


Action:

Relying upon circular references is discouraged and they are prohibited by default. Update your application to remove the dependency cycle between beans. As a last resort, it may be possible to break the cycle automatically by setting spring.main.allow-circular-references to true.

2023-07-29 21:06:23.998 ERROR 8824 --- [main] o.s.test.context.TestContextManager      : Caught exception while allowing TestExecutionListener [org.springframework.test.context.web.ServletTestExecutionListener@27e47833] to prepare test instance [com.wojucai.service.impl.ClientServiceImplTest@31443680]

java.lang.IllegalStateException: Failed to load ApplicationContext
	at org.springframework.test.context.cache.DefaultCacheAwareContextLoaderDelegate.loadContext(DefaultCacheAwareContextLoaderDelegate.java:98)
	at org.springframework.test.context.support.DefaultTestContext.getApplicationContext(DefaultTestContext.java:124)
	at org.springframework.test.context.web.ServletTestExecutionListener.setUpRequestContextIfNecessary(ServletTestExecutionListener.java:190)
	at org.springframework.test.context.web.ServletTestExecutionListener.prepareTestInstance(ServletTestExecutionListener.java:132)
	at org.springframework.test.context.TestContextManager.prepareTestInstance(TestContextManager.java:248)
	at org.springframework.test.context.junit.jupiter.SpringExtension.postProcessTestInstance(SpringExtension.java:138)
	at org.junit.jupiter.engine.descriptor.ClassBasedTestDescriptor.lambda$invokeTestInstancePostProcessors$8(ClassBasedTestDescriptor.java:363)
	at org.junit.jupiter.engine.descriptor.ClassBasedTestDescriptor.executeAndMaskThrowable(ClassBasedTestDescriptor.java:368)
	at org.junit.jupiter.engine.descriptor.ClassBasedTestDescriptor.lambda$invokeTestInstancePostProcessors$9(ClassBasedTestDescriptor.java:363)
	at java.util.stream.ReferencePipeline$3$1.accept(ReferencePipeline.java:193)
	at java.util.stream.ReferencePipeline$2$1.accept(ReferencePipeline.java:175)
	at java.util.ArrayList$ArrayListSpliterator.forEachRemaining(ArrayList.java:1384)
	at java.util.stream.AbstractPipeline.copyInto(AbstractPipeline.java:482)
	at java.util.stream.AbstractPipeline.wrapAndCopyInto(AbstractPipeline.java:472)
	at java.util.stream.StreamSpliterators$WrappingSpliterator.forEachRemaining(StreamSpliterators.java:312)
	at java.util.stream.Streams$ConcatSpliterator.forEachRemaining(Streams.java:743)
	at java.util.stream.Streams$ConcatSpliterator.forEachRemaining(Streams.java:742)
	at java.util.stream.ReferencePipeline$Head.forEach(ReferencePipeline.java:580)
	at org.junit.jupiter.engine.descriptor.ClassBasedTestDescriptor.invokeTestInstancePostProcessors(ClassBasedTestDescriptor.java:362)
	at org.junit.jupiter.engine.descriptor.ClassBasedTestDescriptor.lambda$instantiateAndPostProcessTestInstance$6(ClassBasedTestDescriptor.java:283)
	at org.junit.platform.engine.support.hierarchical.ThrowableCollector.execute(ThrowableCollector.java:73)
	at org.junit.jupiter.engine.descriptor.ClassBasedTestDescriptor.instantiateAndPostProcessTestInstance(ClassBasedTestDescriptor.java:282)
	at org.junit.jupiter.engine.descriptor.ClassBasedTestDescriptor.lambda$testInstancesProvider$4(ClassBasedTestDescriptor.java:272)
	at java.util.Optional.orElseGet(Optional.java:267)
	at org.junit.jupiter.engine.descriptor.ClassBasedTestDescriptor.lambda$testInstancesProvider$5(ClassBasedTestDescriptor.java:271)
	at org.junit.jupiter.engine.execution.TestInstancesProvider.getTestInstances(TestInstancesProvider.java:31)
	at org.junit.jupiter.engine.descriptor.TestMethodTestDescriptor.lambda$prepare$0(TestMethodTestDescriptor.java:102)
	at org.junit.platform.engine.support.hierarchical.ThrowableCollector.execute(ThrowableCollector.java:73)
	at org.junit.jupiter.engine.descriptor.TestMethodTestDescriptor.prepare(TestMethodTestDescriptor.java:101)
	at org.junit.jupiter.engine.descriptor.TestMethodTestDescriptor.prepare(TestMethodTestDescriptor.java:66)
	at org.junit.platform.engine.support.hierarchical.NodeTestTask.lambda$prepare$2(NodeTestTask.java:123)
	at org.junit.platform.engine.support.hierarchical.ThrowableCollector.execute(ThrowableCollector.java:73)
	at org.junit.platform.engine.support.hierarchical.NodeTestTask.prepare(NodeTestTask.java:123)
	at org.junit.platform.engine.support.hierarchical.NodeTestTask.execute(NodeTestTask.java:90)
	at java.util.ArrayList.forEach(ArrayList.java:1259)
	at org.junit.platform.engine.support.hierarchical.SameThreadHierarchicalTestExecutorService.invokeAll(SameThreadHierarchicalTestExecutorService.java:41)
	at org.junit.platform.engine.support.hierarchical.NodeTestTask.lambda$executeRecursively$6(NodeTestTask.java:155)
	at org.junit.platform.engine.support.hierarchical.ThrowableCollector.execute(ThrowableCollector.java:73)
	at org.junit.platform.engine.support.hierarchical.NodeTestTask.lambda$executeRecursively$8(NodeTestTask.java:141)
	at org.junit.platform.engine.support.hierarchical.Node.around(Node.java:137)
	at org.junit.platform.engine.support.hierarchical.NodeTestTask.lambda$executeRecursively$9(NodeTestTask.java:139)
	at org.junit.platform.engine.support.hierarchical.ThrowableCollector.execute(ThrowableCollector.java:73)
	at org.junit.platform.engine.support.hierarchical.NodeTestTask.executeRecursively(NodeTestTask.java:138)
	at org.junit.platform.engine.support.hierarchical.NodeTestTask.execute(NodeTestTask.java:95)
	at java.util.ArrayList.forEach(ArrayList.java:1259)
	at org.junit.platform.engine.support.hierarchical.SameThreadHierarchicalTestExecutorService.invokeAll(SameThreadHierarchicalTestExecutorService.java:41)
	at org.junit.platform.engine.support.hierarchical.NodeTestTask.lambda$executeRecursively$6(NodeTestTask.java:155)
	at org.junit.platform.engine.support.hierarchical.ThrowableCollector.execute(ThrowableCollector.java:73)
	at org.junit.platform.engine.support.hierarchical.NodeTestTask.lambda$executeRecursively$8(NodeTestTask.java:141)
	at org.junit.platform.engine.support.hierarchical.Node.around(Node.java:137)
	at org.junit.platform.engine.support.hierarchical.NodeTestTask.lambda$executeRecursively$9(NodeTestTask.java:139)
	at org.junit.platform.engine.support.hierarchical.ThrowableCollector.execute(ThrowableCollector.java:73)
	at org.junit.platform.engine.support.hierarchical.NodeTestTask.executeRecursively(NodeTestTask.java:138)
	at org.junit.platform.engine.support.hierarchical.NodeTestTask.execute(NodeTestTask.java:95)
	at org.junit.platform.engine.support.hierarchical.SameThreadHierarchicalTestExecutorService.submit(SameThreadHierarchicalTestExecutorService.java:35)
	at org.junit.platform.engine.support.hierarchical.HierarchicalTestExecutor.execute(HierarchicalTestExecutor.java:57)
	at org.junit.platform.engine.support.hierarchical.HierarchicalTestEngine.execute(HierarchicalTestEngine.java:54)
	at org.junit.platform.launcher.core.EngineExecutionOrchestrator.execute(EngineExecutionOrchestrator.java:107)
	at org.junit.platform.launcher.core.EngineExecutionOrchestrator.execute(EngineExecutionOrchestrator.java:88)
	at org.junit.platform.launcher.core.EngineExecutionOrchestrator.lambda$execute$0(EngineExecutionOrchestrator.java:54)
	at org.junit.platform.launcher.core.EngineExecutionOrchestrator.withInterceptedStreams(EngineExecutionOrchestrator.java:67)
	at org.junit.platform.launcher.core.EngineExecutionOrchestrator.execute(EngineExecutionOrchestrator.java:52)
	at org.junit.platform.launcher.core.DefaultLauncher.execute(DefaultLauncher.java:114)
	at org.junit.platform.launcher.core.DefaultLauncher.execute(DefaultLauncher.java:86)
	at org.junit.platform.launcher.core.DefaultLauncherSession$DelegatingLauncher.execute(DefaultLauncherSession.java:86)
	at org.junit.platform.launcher.core.SessionPerRequestLauncher.execute(SessionPerRequestLauncher.java:53)
	at com.intellij.junit5.JUnit5IdeaTestRunner.startRunnerWithArgs(JUnit5IdeaTestRunner.java:71)
	at com.intellij.rt.junit.IdeaTestRunner$Repeater$1.execute(IdeaTestRunner.java:38)
	at com.intellij.rt.execution.junit.TestsRepeater.repeat(TestsRepeater.java:11)
	at com.intellij.rt.junit.IdeaTestRunner$Repeater.startRunnerWithArgs(IdeaTestRunner.java:35)
	at com.intellij.rt.junit.JUnitStarter.prepareStreamsAndStart(JUnitStarter.java:235)
	at com.intellij.rt.junit.JUnitStarter.main(JUnitStarter.java:54)
Caused by: org.springframework.beans.factory.UnsatisfiedDependencyException: Error creating bean with name 'clientController': Unsatisfied dependency expressed through field 'clientService'; nested exception is org.springframework.beans.factory.UnsatisfiedDependencyException: Error creating bean with name 'clientServiceImpl': Unsatisfied dependency expressed through field 'converter'; nested exception is org.springframework.beans.factory.UnsatisfiedDependencyException: Error creating bean with name 'com.wojucai.service.impl.ClientServiceImpl$ClientConverter': Unsatisfied dependency expressed through constructor parameter 0; nested exception is org.springframework.beans.factory.BeanCurrentlyInCreationException: Error creating bean with name 'clientServiceImpl': Requested bean is currently in creation: Is there an unresolvable circular reference?
	at org.springframework.beans.factory.annotation.AutowiredAnnotationBeanPostProcessor$AutowiredFieldElement.resolveFieldValue(AutowiredAnnotationBeanPostProcessor.java:659)
	at org.springframework.beans.factory.annotation.AutowiredAnnotationBeanPostProcessor$AutowiredFieldElement.inject(AutowiredAnnotationBeanPostProcessor.java:639)
	at org.springframework.beans.factory.annotation.InjectionMetadata.inject(InjectionMetadata.java:119)
	at org.springframework.beans.factory.annotation.AutowiredAnnotationBeanPostProcessor.postProcessProperties(AutowiredAnnotationBeanPostProcessor.java:399)
	at org.springframework.beans.factory.support.AbstractAutowireCapableBeanFactory.populateBean(AbstractAutowireCapableBeanFactory.java:1431)
	at org.springframework.beans.factory.support.AbstractAutowireCapableBeanFactory.doCreateBean(AbstractAutowireCapableBeanFactory.java:619)
	at org.springframework.beans.factory.support.AbstractAutowireCapableBeanFactory.createBean(AbstractAutowireCapableBeanFactory.java:542)
	at org.springframework.beans.factory.support.AbstractBeanFactory.lambda$doGetBean$0(AbstractBeanFactory.java:335)
	at org.springframework.beans.factory.support.DefaultSingletonBeanRegistry.getSingleton(DefaultSingletonBeanRegistry.java:234)
	at org.springframework.beans.factory.support.AbstractBeanFactory.doGetBean(AbstractBeanFactory.java:333)
	at org.springframework.beans.factory.support.AbstractBeanFactory.getBean(AbstractBeanFactory.java:208)
	at org.springframework.beans.factory.support.DefaultListableBeanFactory.preInstantiateSingletons(DefaultListableBeanFactory.java:955)
	at org.springframework.context.support.AbstractApplicationContext.finishBeanFactoryInitialization(AbstractApplicationContext.java:918)
	at org.springframework.context.support.AbstractApplicationContext.refresh(AbstractApplicationContext.java:583)
	at org.springframework.boot.SpringApplication.refresh(SpringApplication.java:745)
	at org.springframework.boot.SpringApplication.refreshContext(SpringApplication.java:420)
	at org.springframework.boot.SpringApplication.run(SpringApplication.java:307)
	at org.springframework.boot.test.context.SpringBootContextLoader.loadContext(SpringBootContextLoader.java:144)
	at org.springframework.test.context.cache.DefaultCacheAwareContextLoaderDelegate.loadContextInternal(DefaultCacheAwareContextLoaderDelegate.java:141)
	at org.springframework.test.context.cache.DefaultCacheAwareContextLoaderDelegate.loadContext(DefaultCacheAwareContextLoaderDelegate.java:90)
	... 71 common frames omitted
Caused by: org.springframework.beans.factory.UnsatisfiedDependencyException: Error creating bean with name 'clientServiceImpl': Unsatisfied dependency expressed through field 'converter'; nested exception is org.springframework.beans.factory.UnsatisfiedDependencyException: Error creating bean with name 'com.wojucai.service.impl.ClientServiceImpl$ClientConverter': Unsatisfied dependency expressed through constructor parameter 0; nested exception is org.springframework.beans.factory.BeanCurrentlyInCreationException: Error creating bean with name 'clientServiceImpl': Requested bean is currently in creation: Is there an unresolvable circular reference?
	at org.springframework.beans.factory.annotation.AutowiredAnnotationBeanPostProcessor$AutowiredFieldElement.resolveFieldValue(AutowiredAnnotationBeanPostProcessor.java:659)
	at org.springframework.beans.factory.annotation.AutowiredAnnotationBeanPostProcessor$AutowiredFieldElement.inject(AutowiredAnnotationBeanPostProcessor.java:639)
	at org.springframework.beans.factory.annotation.InjectionMetadata.inject(InjectionMetadata.java:119)
	at org.springframework.beans.factory.annotation.AutowiredAnnotationBeanPostProcessor.postProcessProperties(AutowiredAnnotationBeanPostProcessor.java:399)
	at org.springframework.beans.factory.support.AbstractAutowireCapableBeanFactory.populateBean(AbstractAutowireCapableBeanFactory.java:1431)
	at org.springframework.beans.factory.support.AbstractAutowireCapableBeanFactory.doCreateBean(AbstractAutowireCapableBeanFactory.java:619)
	at org.springframework.beans.factory.support.AbstractAutowireCapableBeanFactory.createBean(AbstractAutowireCapableBeanFactory.java:542)
	at org.springframework.beans.factory.support.AbstractBeanFactory.lambda$doGetBean$0(AbstractBeanFactory.java:335)
	at org.springframework.beans.factory.support.DefaultSingletonBeanRegistry.getSingleton(DefaultSingletonBeanRegistry.java:234)
	at org.springframework.beans.factory.support.AbstractBeanFactory.doGetBean(AbstractBeanFactory.java:333)
	at org.springframework.beans.factory.support.AbstractBeanFactory.getBean(AbstractBeanFactory.java:208)
	at org.springframework.beans.factory.config.DependencyDescriptor.resolveCandidate(DependencyDescriptor.java:276)
	at org.springframework.beans.factory.support.DefaultListableBeanFactory.doResolveDependency(DefaultListableBeanFactory.java:1391)
	at org.springframework.beans.factory.support.DefaultListableBeanFactory.resolveDependency(DefaultListableBeanFactory.java:1311)
	at org.springframework.beans.factory.annotation.AutowiredAnnotationBeanPostProcessor$AutowiredFieldElement.resolveFieldValue(AutowiredAnnotationBeanPostProcessor.java:656)
	... 90 common frames omitted
Caused by: org.springframework.beans.factory.UnsatisfiedDependencyException: Error creating bean with name 'com.wojucai.service.impl.ClientServiceImpl$ClientConverter': Unsatisfied dependency expressed through constructor parameter 0; nested exception is org.springframework.beans.factory.BeanCurrentlyInCreationException: Error creating bean with name 'clientServiceImpl': Requested bean is currently in creation: Is there an unresolvable circular reference?
	at org.springframework.beans.factory.support.ConstructorResolver.createArgumentArray(ConstructorResolver.java:800)
	at org.springframework.beans.factory.support.ConstructorResolver.autowireConstructor(ConstructorResolver.java:229)
	at org.springframework.beans.factory.support.AbstractAutowireCapableBeanFactory.autowireConstructor(AbstractAutowireCapableBeanFactory.java:1372)
	at org.springframework.beans.factory.support.AbstractAutowireCapableBeanFactory.createBeanInstance(AbstractAutowireCapableBeanFactory.java:1222)
	at org.springframework.beans.factory.support.AbstractAutowireCapableBeanFactory.doCreateBean(AbstractAutowireCapableBeanFactory.java:582)
	at org.springframework.beans.factory.support.AbstractAutowireCapableBeanFactory.createBean(AbstractAutowireCapableBeanFactory.java:542)
	at org.springframework.beans.factory.support.AbstractBeanFactory.lambda$doGetBean$0(AbstractBeanFactory.java:335)
	at org.springframework.beans.factory.support.DefaultSingletonBeanRegistry.getSingleton(DefaultSingletonBeanRegistry.java:234)
	at org.springframework.beans.factory.support.AbstractBeanFactory.doGetBean(AbstractBeanFactory.java:333)
	at org.springframework.beans.factory.support.AbstractBeanFactory.getBean(AbstractBeanFactory.java:208)
	at org.springframework.beans.factory.config.DependencyDescriptor.resolveCandidate(DependencyDescriptor.java:276)
	at org.springframework.beans.factory.support.DefaultListableBeanFactory.doResolveDependency(DefaultListableBeanFactory.java:1391)
	at org.springframework.beans.factory.support.DefaultListableBeanFactory.resolveDependency(DefaultListableBeanFactory.java:1311)
	at org.springframework.beans.factory.annotation.AutowiredAnnotationBeanPostProcessor$AutowiredFieldElement.resolveFieldValue(AutowiredAnnotationBeanPostProcessor.java:656)
	... 104 common frames omitted
Caused by: org.springframework.beans.factory.BeanCurrentlyInCreationException: Error creating bean with name 'clientServiceImpl': Requested bean is currently in creation: Is there an unresolvable circular reference?
	at org.springframework.beans.factory.support.DefaultSingletonBeanRegistry.beforeSingletonCreation(DefaultSingletonBeanRegistry.java:355)
	at org.springframework.beans.factory.support.DefaultSingletonBeanRegistry.getSingleton(DefaultSingletonBeanRegistry.java:227)
	at org.springframework.beans.factory.support.AbstractBeanFactory.doGetBean(AbstractBeanFactory.java:333)
	at org.springframework.beans.factory.support.AbstractBeanFactory.getBean(AbstractBeanFactory.java:208)
	at org.springframework.beans.factory.config.DependencyDescriptor.resolveCandidate(DependencyDescriptor.java:276)
	at org.springframework.beans.factory.support.DefaultListableBeanFactory.doResolveDependency(DefaultListableBeanFactory.java:1391)
	at org.springframework.beans.factory.support.DefaultListableBeanFactory.resolveDependency(DefaultListableBeanFactory.java:1311)
	at org.springframework.beans.factory.support.ConstructorResolver.resolveAutowiredArgument(ConstructorResolver.java:887)
	at org.springframework.beans.factory.support.ConstructorResolver.createArgumentArray(ConstructorResolver.java:791)
	... 117 common frames omitted

2023-07-29 21:09:47.781  INFO 21048 --- [main] c.w.service.impl.ClientServiceImplTest   : Starting ClientServiceImplTest using Java 1.8.0_291 on LAPTOP-PQIHT6TS with PID 21048 (started by Xuyujie in D:\面试\OAuth-Project\OAuth-ResourceServer)
2023-07-29 21:09:47.781  INFO 21048 --- [main] c.w.service.impl.ClientServiceImplTest   : The following 1 profile is active: "dev"
2023-07-29 21:09:47.817 DEBUG 21048 --- [main] o.s.w.c.s.GenericWebApplicationContext   : Refreshing org.springframework.web.context.support.GenericWebApplicationContext@306851c7
2023-07-29 21:09:48.653  INFO 21048 --- [main] .s.d.r.c.RepositoryConfigurationDelegate : Bootstrapping Spring Data JPA repositories in DEFAULT mode.
2023-07-29 21:09:48.711  INFO 21048 --- [main] .s.d.r.c.RepositoryConfigurationDelegate : Finished Spring Data repository scanning in 49 ms. Found 2 JPA repository interfaces.
2023-07-29 21:09:48.902  WARN 21048 --- [main] o.m.s.mapper.ClassPathMapperScanner      : No MyBatis mapper was found in '[com.wojucai]' package. Please check your configuration.
2023-07-29 21:09:49.370  INFO 21048 --- [main] com.zaxxer.hikari.HikariDataSource       : defaultDataSource - Starting...
2023-07-29 21:09:50.111  INFO 21048 --- [main] com.zaxxer.hikari.HikariDataSource       : defaultDataSource - Start completed.
2023-07-29 21:09:50.167  INFO 21048 --- [main] o.hibernate.jpa.internal.util.LogHelper  : HHH000204: Processing PersistenceUnitInfo [name: default]
2023-07-29 21:09:50.232  INFO 21048 --- [main] org.hibernate.Version                    : HHH000412: Hibernate ORM core version 5.6.12.Final
2023-07-29 21:09:50.415  INFO 21048 --- [main] o.hibernate.annotations.common.Version   : HCANN000001: Hibernate Commons Annotations {5.1.2.Final}
2023-07-29 21:09:50.541  INFO 21048 --- [main] org.hibernate.dialect.Dialect            : HHH000400: Using dialect: org.hibernate.dialect.MySQL5Dialect
2023-07-29 21:09:51.349  INFO 21048 --- [main] o.h.e.t.j.p.i.JtaPlatformInitiator       : HHH000490: Using JtaPlatform implementation: [org.hibernate.engine.transaction.jta.platform.internal.NoJtaPlatform]
2023-07-29 21:09:51.359  INFO 21048 --- [main] j.LocalContainerEntityManagerFactoryBean : Initialized JPA EntityManagerFactory for persistence unit 'default'
2023-07-29 21:09:51.946  WARN 21048 --- [main] JpaBaseConfiguration$JpaWebConfiguration : spring.jpa.open-in-view is enabled by default. Therefore, database queries may be performed during view rendering. Explicitly configure spring.jpa.open-in-view to disable this warning
2023-07-29 21:09:52.073 DEBUG 21048 --- [main] s.w.s.m.m.a.RequestMappingHandlerMapping : 20 mappings in 'requestMappingHandlerMapping'
2023-07-29 21:09:52.366 DEBUG 21048 --- [main] o.s.w.s.handler.SimpleUrlHandlerMapping  : Patterns [/swagger-ui/] in 'viewControllerHandlerMapping'
2023-07-29 21:09:52.533 DEBUG 21048 --- [main] o.s.w.s.handler.SimpleUrlHandlerMapping  : Patterns [/swagger-ui/**] in 'resourceHandlerMapping'
2023-07-29 21:09:52.594 DEBUG 21048 --- [main] s.w.s.m.m.a.RequestMappingHandlerAdapter : ControllerAdvice beans: 0 @ModelAttribute, 0 @InitBinder, 1 RequestBodyAdvice, 1 ResponseBodyAdvice
2023-07-29 21:09:52.638 DEBUG 21048 --- [main] .m.m.a.ExceptionHandlerExceptionResolver : ControllerAdvice beans: 1 @ExceptionHandler, 1 ResponseBodyAdvice
2023-07-29 21:09:53.459  INFO 21048 --- [main] c.w.service.impl.ClientServiceImplTest   : Started ClientServiceImplTest in 6.044 seconds (JVM running for 7.146)
2023-07-29 21:09:53.560 DEBUG 21048 --- [SpringApplicationShutdownHook] o.s.w.c.s.GenericWebApplicationContext   : Closing org.springframework.web.context.support.GenericWebApplicationContext@306851c7, started on Sat Jul 29 21:09:47 GMT+08:00 2023
2023-07-29 21:09:53.567  INFO 21048 --- [SpringApplicationShutdownHook] j.LocalContainerEntityManagerFactoryBean : Closing JPA EntityManagerFactory for persistence unit 'default'
2023-07-29 21:09:53.569  INFO 21048 --- [SpringApplicationShutdownHook] com.zaxxer.hikari.HikariDataSource       : defaultDataSource - Shutdown initiated...
2023-07-29 21:09:53.577  INFO 21048 --- [SpringApplicationShutdownHook] com.zaxxer.hikari.HikariDataSource       : defaultDataSource - Shutdown completed.
2023-07-29 21:15:27.797  INFO 19864 --- [main] c.w.service.impl.ClientServiceImplTest   : Starting ClientServiceImplTest using Java 1.8.0_291 on LAPTOP-PQIHT6TS with PID 19864 (started by Xuyujie in D:\面试\OAuth-Project\OAuth-ResourceServer)
2023-07-29 21:15:27.798  INFO 19864 --- [main] c.w.service.impl.ClientServiceImplTest   : The following 1 profile is active: "dev"
2023-07-29 21:15:27.831 DEBUG 19864 --- [main] o.s.w.c.s.GenericWebApplicationContext   : Refreshing org.springframework.web.context.support.GenericWebApplicationContext@306851c7
2023-07-29 21:15:28.687  INFO 19864 --- [main] .s.d.r.c.RepositoryConfigurationDelegate : Bootstrapping Spring Data JPA repositories in DEFAULT mode.
2023-07-29 21:15:28.744  INFO 19864 --- [main] .s.d.r.c.RepositoryConfigurationDelegate : Finished Spring Data repository scanning in 49 ms. Found 2 JPA repository interfaces.
2023-07-29 21:15:28.900  WARN 19864 --- [main] o.m.s.mapper.ClassPathMapperScanner      : No MyBatis mapper was found in '[com.wojucai]' package. Please check your configuration.
2023-07-29 21:15:29.394  INFO 19864 --- [main] com.zaxxer.hikari.HikariDataSource       : defaultDataSource - Starting...
2023-07-29 21:15:30.330  INFO 19864 --- [main] com.zaxxer.hikari.HikariDataSource       : defaultDataSource - Start completed.
2023-07-29 21:15:30.392  INFO 19864 --- [main] o.hibernate.jpa.internal.util.LogHelper  : HHH000204: Processing PersistenceUnitInfo [name: default]
2023-07-29 21:15:30.470  INFO 19864 --- [main] org.hibernate.Version                    : HHH000412: Hibernate ORM core version 5.6.12.Final
2023-07-29 21:15:30.657  INFO 19864 --- [main] o.hibernate.annotations.common.Version   : HCANN000001: Hibernate Commons Annotations {5.1.2.Final}
2023-07-29 21:15:30.796  INFO 19864 --- [main] org.hibernate.dialect.Dialect            : HHH000400: Using dialect: org.hibernate.dialect.MySQL5Dialect
2023-07-29 21:15:31.634  INFO 19864 --- [main] o.h.e.t.j.p.i.JtaPlatformInitiator       : HHH000490: Using JtaPlatform implementation: [org.hibernate.engine.transaction.jta.platform.internal.NoJtaPlatform]
2023-07-29 21:15:31.644  INFO 19864 --- [main] j.LocalContainerEntityManagerFactoryBean : Initialized JPA EntityManagerFactory for persistence unit 'default'
2023-07-29 21:15:32.357  WARN 19864 --- [main] JpaBaseConfiguration$JpaWebConfiguration : spring.jpa.open-in-view is enabled by default. Therefore, database queries may be performed during view rendering. Explicitly configure spring.jpa.open-in-view to disable this warning
2023-07-29 21:15:32.501 DEBUG 19864 --- [main] s.w.s.m.m.a.RequestMappingHandlerMapping : 20 mappings in 'requestMappingHandlerMapping'
2023-07-29 21:15:32.708 DEBUG 19864 --- [main] o.s.w.s.handler.SimpleUrlHandlerMapping  : Patterns [/swagger-ui/] in 'viewControllerHandlerMapping'
2023-07-29 21:15:32.854 DEBUG 19864 --- [main] o.s.w.s.handler.SimpleUrlHandlerMapping  : Patterns [/swagger-ui/**] in 'resourceHandlerMapping'
2023-07-29 21:15:32.918 DEBUG 19864 --- [main] s.w.s.m.m.a.RequestMappingHandlerAdapter : ControllerAdvice beans: 0 @ModelAttribute, 0 @InitBinder, 1 RequestBodyAdvice, 1 ResponseBodyAdvice
2023-07-29 21:15:32.965 DEBUG 19864 --- [main] .m.m.a.ExceptionHandlerExceptionResolver : ControllerAdvice beans: 1 @ExceptionHandler, 1 ResponseBodyAdvice
2023-07-29 21:15:33.825  INFO 19864 --- [main] c.w.service.impl.ClientServiceImplTest   : Started ClientServiceImplTest in 6.386 seconds (JVM running for 7.448)
2023-07-29 21:15:33.919 DEBUG 19864 --- [SpringApplicationShutdownHook] o.s.w.c.s.GenericWebApplicationContext   : Closing org.springframework.web.context.support.GenericWebApplicationContext@306851c7, started on Sat Jul 29 21:15:27 GMT+08:00 2023
2023-07-29 21:15:33.926  INFO 19864 --- [SpringApplicationShutdownHook] j.LocalContainerEntityManagerFactoryBean : Closing JPA EntityManagerFactory for persistence unit 'default'
2023-07-29 21:15:33.929  INFO 19864 --- [SpringApplicationShutdownHook] com.zaxxer.hikari.HikariDataSource       : defaultDataSource - Shutdown initiated...
2023-07-29 21:15:33.933  INFO 19864 --- [SpringApplicationShutdownHook] com.zaxxer.hikari.HikariDataSource       : defaultDataSource - Shutdown completed.
2023-07-29 21:17:35.678  INFO 3928 --- [main] c.w.service.impl.ClientServiceImplTest   : Starting ClientServiceImplTest using Java 1.8.0_291 on LAPTOP-PQIHT6TS with PID 3928 (started by Xuyujie in D:\面试\OAuth-Project\OAuth-ResourceServer)
2023-07-29 21:17:35.679  INFO 3928 --- [main] c.w.service.impl.ClientServiceImplTest   : The following 1 profile is active: "dev"
2023-07-29 21:17:35.712 DEBUG 3928 --- [main] o.s.w.c.s.GenericWebApplicationContext   : Refreshing org.springframework.web.context.support.GenericWebApplicationContext@306851c7
2023-07-29 21:17:36.541  INFO 3928 --- [main] .s.d.r.c.RepositoryConfigurationDelegate : Bootstrapping Spring Data JPA repositories in DEFAULT mode.
2023-07-29 21:17:36.609  INFO 3928 --- [main] .s.d.r.c.RepositoryConfigurationDelegate : Finished Spring Data repository scanning in 58 ms. Found 2 JPA repository interfaces.
2023-07-29 21:17:36.801  WARN 3928 --- [main] o.m.s.mapper.ClassPathMapperScanner      : No MyBatis mapper was found in '[com.wojucai]' package. Please check your configuration.
2023-07-29 21:17:37.275  INFO 3928 --- [main] com.zaxxer.hikari.HikariDataSource       : defaultDataSource - Starting...
2023-07-29 21:17:38.015  INFO 3928 --- [main] com.zaxxer.hikari.HikariDataSource       : defaultDataSource - Start completed.
2023-07-29 21:17:38.071  INFO 3928 --- [main] o.hibernate.jpa.internal.util.LogHelper  : HHH000204: Processing PersistenceUnitInfo [name: default]
2023-07-29 21:17:38.139  INFO 3928 --- [main] org.hibernate.Version                    : HHH000412: Hibernate ORM core version 5.6.12.Final
2023-07-29 21:17:38.370  INFO 3928 --- [main] o.hibernate.annotations.common.Version   : HCANN000001: Hibernate Commons Annotations {5.1.2.Final}
2023-07-29 21:17:38.495  INFO 3928 --- [main] org.hibernate.dialect.Dialect            : HHH000400: Using dialect: org.hibernate.dialect.MySQL5Dialect
2023-07-29 21:17:39.303  INFO 3928 --- [main] o.h.e.t.j.p.i.JtaPlatformInitiator       : HHH000490: Using JtaPlatform implementation: [org.hibernate.engine.transaction.jta.platform.internal.NoJtaPlatform]
2023-07-29 21:17:39.313  INFO 3928 --- [main] j.LocalContainerEntityManagerFactoryBean : Initialized JPA EntityManagerFactory for persistence unit 'default'
2023-07-29 21:17:39.970  WARN 3928 --- [main] JpaBaseConfiguration$JpaWebConfiguration : spring.jpa.open-in-view is enabled by default. Therefore, database queries may be performed during view rendering. Explicitly configure spring.jpa.open-in-view to disable this warning
2023-07-29 21:17:40.122 DEBUG 3928 --- [main] s.w.s.m.m.a.RequestMappingHandlerMapping : 20 mappings in 'requestMappingHandlerMapping'
2023-07-29 21:17:40.370 DEBUG 3928 --- [main] o.s.w.s.handler.SimpleUrlHandlerMapping  : Patterns [/swagger-ui/] in 'viewControllerHandlerMapping'
2023-07-29 21:17:40.528 DEBUG 3928 --- [main] o.s.w.s.handler.SimpleUrlHandlerMapping  : Patterns [/swagger-ui/**] in 'resourceHandlerMapping'
2023-07-29 21:17:40.598 DEBUG 3928 --- [main] s.w.s.m.m.a.RequestMappingHandlerAdapter : ControllerAdvice beans: 0 @ModelAttribute, 0 @InitBinder, 1 RequestBodyAdvice, 1 ResponseBodyAdvice
2023-07-29 21:17:40.656 DEBUG 3928 --- [main] .m.m.a.ExceptionHandlerExceptionResolver : ControllerAdvice beans: 1 @ExceptionHandler, 1 ResponseBodyAdvice
2023-07-29 21:17:41.557  INFO 3928 --- [main] c.w.service.impl.ClientServiceImplTest   : Started ClientServiceImplTest in 6.222 seconds (JVM running for 7.331)
2023-07-29 21:17:41.866 DEBUG 3928 --- [SpringApplicationShutdownHook] o.s.w.c.s.GenericWebApplicationContext   : Closing org.springframework.web.context.support.GenericWebApplicationContext@306851c7, started on Sat Jul 29 21:17:35 GMT+08:00 2023
2023-07-29 21:17:41.872  INFO 3928 --- [SpringApplicationShutdownHook] j.LocalContainerEntityManagerFactoryBean : Closing JPA EntityManagerFactory for persistence unit 'default'
2023-07-29 21:17:41.873  INFO 3928 --- [SpringApplicationShutdownHook] com.zaxxer.hikari.HikariDataSource       : defaultDataSource - Shutdown initiated...
2023-07-29 21:17:41.878  INFO 3928 --- [SpringApplicationShutdownHook] com.zaxxer.hikari.HikariDataSource       : defaultDataSource - Shutdown completed.
2023-07-29 21:18:09.656  INFO 12784 --- [main] c.w.service.impl.ClientServiceImplTest   : Starting ClientServiceImplTest using Java 1.8.0_291 on LAPTOP-PQIHT6TS with PID 12784 (started by Xuyujie in D:\面试\OAuth-Project\OAuth-ResourceServer)
2023-07-29 21:18:09.657  INFO 12784 --- [main] c.w.service.impl.ClientServiceImplTest   : The following 1 profile is active: "dev"
2023-07-29 21:18:09.688 DEBUG 12784 --- [main] o.s.w.c.s.GenericWebApplicationContext   : Refreshing org.springframework.web.context.support.GenericWebApplicationContext@306851c7
2023-07-29 21:18:10.425  INFO 12784 --- [main] .s.d.r.c.RepositoryConfigurationDelegate : Bootstrapping Spring Data JPA repositories in DEFAULT mode.
2023-07-29 21:18:10.476  INFO 12784 --- [main] .s.d.r.c.RepositoryConfigurationDelegate : Finished Spring Data repository scanning in 44 ms. Found 2 JPA repository interfaces.
2023-07-29 21:18:10.631  WARN 12784 --- [main] o.m.s.mapper.ClassPathMapperScanner      : No MyBatis mapper was found in '[com.wojucai]' package. Please check your configuration.
2023-07-29 21:18:11.160  INFO 12784 --- [main] com.zaxxer.hikari.HikariDataSource       : defaultDataSource - Starting...
2023-07-29 21:18:11.980  INFO 12784 --- [main] com.zaxxer.hikari.HikariDataSource       : defaultDataSource - Start completed.
2023-07-29 21:18:12.036  INFO 12784 --- [main] o.hibernate.jpa.internal.util.LogHelper  : HHH000204: Processing PersistenceUnitInfo [name: default]
2023-07-29 21:18:12.109  INFO 12784 --- [main] org.hibernate.Version                    : HHH000412: Hibernate ORM core version 5.6.12.Final
2023-07-29 21:18:12.297  INFO 12784 --- [main] o.hibernate.annotations.common.Version   : HCANN000001: Hibernate Commons Annotations {5.1.2.Final}
2023-07-29 21:18:12.419  INFO 12784 --- [main] org.hibernate.dialect.Dialect            : HHH000400: Using dialect: org.hibernate.dialect.MySQL5Dialect
2023-07-29 21:18:13.192  INFO 12784 --- [main] o.h.e.t.j.p.i.JtaPlatformInitiator       : HHH000490: Using JtaPlatform implementation: [org.hibernate.engine.transaction.jta.platform.internal.NoJtaPlatform]
2023-07-29 21:18:13.202  INFO 12784 --- [main] j.LocalContainerEntityManagerFactoryBean : Initialized JPA EntityManagerFactory for persistence unit 'default'
2023-07-29 21:18:13.874  WARN 12784 --- [main] JpaBaseConfiguration$JpaWebConfiguration : spring.jpa.open-in-view is enabled by default. Therefore, database queries may be performed during view rendering. Explicitly configure spring.jpa.open-in-view to disable this warning
2023-07-29 21:18:13.987 DEBUG 12784 --- [main] s.w.s.m.m.a.RequestMappingHandlerMapping : 20 mappings in 'requestMappingHandlerMapping'
2023-07-29 21:18:14.251 DEBUG 12784 --- [main] o.s.w.s.handler.SimpleUrlHandlerMapping  : Patterns [/swagger-ui/] in 'viewControllerHandlerMapping'
2023-07-29 21:18:14.440 DEBUG 12784 --- [main] o.s.w.s.handler.SimpleUrlHandlerMapping  : Patterns [/swagger-ui/**] in 'resourceHandlerMapping'
2023-07-29 21:18:14.502 DEBUG 12784 --- [main] s.w.s.m.m.a.RequestMappingHandlerAdapter : ControllerAdvice beans: 0 @ModelAttribute, 0 @InitBinder, 1 RequestBodyAdvice, 1 ResponseBodyAdvice
2023-07-29 21:18:14.549 DEBUG 12784 --- [main] .m.m.a.ExceptionHandlerExceptionResolver : ControllerAdvice beans: 1 @ExceptionHandler, 1 ResponseBodyAdvice
2023-07-29 21:18:15.377  INFO 12784 --- [main] c.w.service.impl.ClientServiceImplTest   : Started ClientServiceImplTest in 6.044 seconds (JVM running for 7.105)
2023-07-29 21:18:15.716 DEBUG 12784 --- [SpringApplicationShutdownHook] o.s.w.c.s.GenericWebApplicationContext   : Closing org.springframework.web.context.support.GenericWebApplicationContext@306851c7, started on Sat Jul 29 21:18:09 GMT+08:00 2023
2023-07-29 21:18:15.722  INFO 12784 --- [SpringApplicationShutdownHook] j.LocalContainerEntityManagerFactoryBean : Closing JPA EntityManagerFactory for persistence unit 'default'
2023-07-29 21:18:15.724  INFO 12784 --- [SpringApplicationShutdownHook] com.zaxxer.hikari.HikariDataSource       : defaultDataSource - Shutdown initiated...
2023-07-29 21:18:15.729  INFO 12784 --- [SpringApplicationShutdownHook] com.zaxxer.hikari.HikariDataSource       : defaultDataSource - Shutdown completed.
2023-07-29 21:24:42.103  INFO 18640 --- [main] c.w.service.impl.ClientServiceImplTest   : Starting ClientServiceImplTest using Java 1.8.0_291 on LAPTOP-PQIHT6TS with PID 18640 (started by Xuyujie in D:\面试\OAuth-Project\OAuth-ResourceServer)
2023-07-29 21:24:42.104  INFO 18640 --- [main] c.w.service.impl.ClientServiceImplTest   : The following 1 profile is active: "dev"
2023-07-29 21:24:42.136 DEBUG 18640 --- [main] o.s.w.c.s.GenericWebApplicationContext   : Refreshing org.springframework.web.context.support.GenericWebApplicationContext@306851c7
2023-07-29 21:24:42.843  INFO 18640 --- [main] .s.d.r.c.RepositoryConfigurationDelegate : Bootstrapping Spring Data JPA repositories in DEFAULT mode.
2023-07-29 21:24:42.894  INFO 18640 --- [main] .s.d.r.c.RepositoryConfigurationDelegate : Finished Spring Data repository scanning in 43 ms. Found 2 JPA repository interfaces.
2023-07-29 21:24:43.018  WARN 18640 --- [main] o.m.s.mapper.ClassPathMapperScanner      : No MyBatis mapper was found in '[com.wojucai]' package. Please check your configuration.
2023-07-29 21:24:43.503  INFO 18640 --- [main] com.zaxxer.hikari.HikariDataSource       : defaultDataSource - Starting...
2023-07-29 21:24:44.342  INFO 18640 --- [main] com.zaxxer.hikari.HikariDataSource       : defaultDataSource - Start completed.
2023-07-29 21:24:44.401  INFO 18640 --- [main] o.hibernate.jpa.internal.util.LogHelper  : HHH000204: Processing PersistenceUnitInfo [name: default]
2023-07-29 21:24:44.471  INFO 18640 --- [main] org.hibernate.Version                    : HHH000412: Hibernate ORM core version 5.6.12.Final
2023-07-29 21:24:44.643  INFO 18640 --- [main] o.hibernate.annotations.common.Version   : HCANN000001: Hibernate Commons Annotations {5.1.2.Final}
2023-07-29 21:24:44.775  INFO 18640 --- [main] org.hibernate.dialect.Dialect            : HHH000400: Using dialect: org.hibernate.dialect.MySQL5Dialect
2023-07-29 21:24:45.613  INFO 18640 --- [main] o.h.e.t.j.p.i.JtaPlatformInitiator       : HHH000490: Using JtaPlatform implementation: [org.hibernate.engine.transaction.jta.platform.internal.NoJtaPlatform]
2023-07-29 21:24:45.625  INFO 18640 --- [main] j.LocalContainerEntityManagerFactoryBean : Initialized JPA EntityManagerFactory for persistence unit 'default'
2023-07-29 21:24:46.470  WARN 18640 --- [main] JpaBaseConfiguration$JpaWebConfiguration : spring.jpa.open-in-view is enabled by default. Therefore, database queries may be performed during view rendering. Explicitly configure spring.jpa.open-in-view to disable this warning
2023-07-29 21:24:46.601 DEBUG 18640 --- [main] s.w.s.m.m.a.RequestMappingHandlerMapping : 20 mappings in 'requestMappingHandlerMapping'
2023-07-29 21:24:46.831 DEBUG 18640 --- [main] o.s.w.s.handler.SimpleUrlHandlerMapping  : Patterns [/swagger-ui/] in 'viewControllerHandlerMapping'
2023-07-29 21:24:46.980 DEBUG 18640 --- [main] o.s.w.s.handler.SimpleUrlHandlerMapping  : Patterns [/swagger-ui/**] in 'resourceHandlerMapping'
2023-07-29 21:24:47.050 DEBUG 18640 --- [main] s.w.s.m.m.a.RequestMappingHandlerAdapter : ControllerAdvice beans: 0 @ModelAttribute, 0 @InitBinder, 1 RequestBodyAdvice, 1 ResponseBodyAdvice
2023-07-29 21:24:47.104 DEBUG 18640 --- [main] .m.m.a.ExceptionHandlerExceptionResolver : ControllerAdvice beans: 1 @ExceptionHandler, 1 ResponseBodyAdvice
2023-07-29 21:24:48.036  INFO 18640 --- [main] c.w.service.impl.ClientServiceImplTest   : Started ClientServiceImplTest in 6.23 seconds (JVM running for 7.324)
2023-07-29 21:24:48.323 DEBUG 18640 --- [SpringApplicationShutdownHook] o.s.w.c.s.GenericWebApplicationContext   : Closing org.springframework.web.context.support.GenericWebApplicationContext@306851c7, started on Sat Jul 29 21:24:42 GMT+08:00 2023
2023-07-29 21:24:48.330  INFO 18640 --- [SpringApplicationShutdownHook] j.LocalContainerEntityManagerFactoryBean : Closing JPA EntityManagerFactory for persistence unit 'default'
2023-07-29 21:24:48.332  INFO 18640 --- [SpringApplicationShutdownHook] com.zaxxer.hikari.HikariDataSource       : defaultDataSource - Shutdown initiated...
2023-07-29 21:24:48.335  INFO 18640 --- [SpringApplicationShutdownHook] com.zaxxer.hikari.HikariDataSource       : defaultDataSource - Shutdown completed.
2023-07-29 21:28:31.493  INFO 18448 --- [main] c.w.service.impl.ClientServiceImplTest   : Starting ClientServiceImplTest using Java 1.8.0_291 on LAPTOP-PQIHT6TS with PID 18448 (started by Xuyujie in D:\面试\OAuth-Project\OAuth-ResourceServer)
2023-07-29 21:28:31.494  INFO 18448 --- [main] c.w.service.impl.ClientServiceImplTest   : The following 1 profile is active: "dev"
2023-07-29 21:28:31.528 DEBUG 18448 --- [main] o.s.w.c.s.GenericWebApplicationContext   : Refreshing org.springframework.web.context.support.GenericWebApplicationContext@306851c7
2023-07-29 21:28:32.327  INFO 18448 --- [main] .s.d.r.c.RepositoryConfigurationDelegate : Bootstrapping Spring Data JPA repositories in DEFAULT mode.
2023-07-29 21:28:32.392  INFO 18448 --- [main] .s.d.r.c.RepositoryConfigurationDelegate : Finished Spring Data repository scanning in 57 ms. Found 2 JPA repository interfaces.
2023-07-29 21:28:32.572  WARN 18448 --- [main] o.m.s.mapper.ClassPathMapperScanner      : No MyBatis mapper was found in '[com.wojucai]' package. Please check your configuration.
2023-07-29 21:28:33.017  INFO 18448 --- [main] com.zaxxer.hikari.HikariDataSource       : defaultDataSource - Starting...
2023-07-29 21:28:33.774  INFO 18448 --- [main] com.zaxxer.hikari.HikariDataSource       : defaultDataSource - Start completed.
2023-07-29 21:28:33.833  INFO 18448 --- [main] o.hibernate.jpa.internal.util.LogHelper  : HHH000204: Processing PersistenceUnitInfo [name: default]
2023-07-29 21:28:33.902  INFO 18448 --- [main] org.hibernate.Version                    : HHH000412: Hibernate ORM core version 5.6.12.Final
2023-07-29 21:28:34.111  INFO 18448 --- [main] o.hibernate.annotations.common.Version   : HCANN000001: Hibernate Commons Annotations {5.1.2.Final}
2023-07-29 21:28:34.237  INFO 18448 --- [main] org.hibernate.dialect.Dialect            : HHH000400: Using dialect: org.hibernate.dialect.MySQL5Dialect
2023-07-29 21:28:35.050  INFO 18448 --- [main] o.h.e.t.j.p.i.JtaPlatformInitiator       : HHH000490: Using JtaPlatform implementation: [org.hibernate.engine.transaction.jta.platform.internal.NoJtaPlatform]
2023-07-29 21:28:35.079  INFO 18448 --- [main] j.LocalContainerEntityManagerFactoryBean : Initialized JPA EntityManagerFactory for persistence unit 'default'
2023-07-29 21:28:35.718  WARN 18448 --- [main] JpaBaseConfiguration$JpaWebConfiguration : spring.jpa.open-in-view is enabled by default. Therefore, database queries may be performed during view rendering. Explicitly configure spring.jpa.open-in-view to disable this warning
2023-07-29 21:28:35.847 DEBUG 18448 --- [main] s.w.s.m.m.a.RequestMappingHandlerMapping : 20 mappings in 'requestMappingHandlerMapping'
2023-07-29 21:28:36.077 DEBUG 18448 --- [main] o.s.w.s.handler.SimpleUrlHandlerMapping  : Patterns [/swagger-ui/] in 'viewControllerHandlerMapping'
2023-07-29 21:28:36.254 DEBUG 18448 --- [main] o.s.w.s.handler.SimpleUrlHandlerMapping  : Patterns [/swagger-ui/**] in 'resourceHandlerMapping'
2023-07-29 21:28:36.355 DEBUG 18448 --- [main] s.w.s.m.m.a.RequestMappingHandlerAdapter : ControllerAdvice beans: 0 @ModelAttribute, 0 @InitBinder, 1 RequestBodyAdvice, 1 ResponseBodyAdvice
2023-07-29 21:28:36.406 DEBUG 18448 --- [main] .m.m.a.ExceptionHandlerExceptionResolver : ControllerAdvice beans: 1 @ExceptionHandler, 1 ResponseBodyAdvice
2023-07-29 21:28:37.288  INFO 18448 --- [main] c.w.service.impl.ClientServiceImplTest   : Started ClientServiceImplTest in 6.108 seconds (JVM running for 7.215)
2023-07-29 21:28:37.565 DEBUG 18448 --- [SpringApplicationShutdownHook] o.s.w.c.s.GenericWebApplicationContext   : Closing org.springframework.web.context.support.GenericWebApplicationContext@306851c7, started on Sat Jul 29 21:28:31 GMT+08:00 2023
2023-07-29 21:28:37.572  INFO 18448 --- [SpringApplicationShutdownHook] j.LocalContainerEntityManagerFactoryBean : Closing JPA EntityManagerFactory for persistence unit 'default'
2023-07-29 21:28:37.574  INFO 18448 --- [SpringApplicationShutdownHook] com.zaxxer.hikari.HikariDataSource       : defaultDataSource - Shutdown initiated...
2023-07-29 21:28:37.577  INFO 18448 --- [SpringApplicationShutdownHook] com.zaxxer.hikari.HikariDataSource       : defaultDataSource - Shutdown completed.
2023-07-29 21:29:47.138  INFO 6128 --- [main] c.w.service.impl.ClientServiceImplTest   : Starting ClientServiceImplTest using Java 1.8.0_291 on LAPTOP-PQIHT6TS with PID 6128 (started by Xuyujie in D:\面试\OAuth-Project\OAuth-ResourceServer)
2023-07-29 21:29:47.138  INFO 6128 --- [main] c.w.service.impl.ClientServiceImplTest   : The following 1 profile is active: "dev"
2023-07-29 21:29:47.169 DEBUG 6128 --- [main] o.s.w.c.s.GenericWebApplicationContext   : Refreshing org.springframework.web.context.support.GenericWebApplicationContext@306851c7
2023-07-29 21:29:47.921  INFO 6128 --- [main] .s.d.r.c.RepositoryConfigurationDelegate : Bootstrapping Spring Data JPA repositories in DEFAULT mode.
2023-07-29 21:29:47.980  INFO 6128 --- [main] .s.d.r.c.RepositoryConfigurationDelegate : Finished Spring Data repository scanning in 50 ms. Found 2 JPA repository interfaces.
2023-07-29 21:29:48.125  WARN 6128 --- [main] o.m.s.mapper.ClassPathMapperScanner      : No MyBatis mapper was found in '[com.wojucai]' package. Please check your configuration.
2023-07-29 21:29:48.554  INFO 6128 --- [main] com.zaxxer.hikari.HikariDataSource       : defaultDataSource - Starting...
2023-07-29 21:29:49.276  INFO 6128 --- [main] com.zaxxer.hikari.HikariDataSource       : defaultDataSource - Start completed.
2023-07-29 21:29:49.326  INFO 6128 --- [main] o.hibernate.jpa.internal.util.LogHelper  : HHH000204: Processing PersistenceUnitInfo [name: default]
2023-07-29 21:29:49.375  INFO 6128 --- [main] org.hibernate.Version                    : HHH000412: Hibernate ORM core version 5.6.12.Final
2023-07-29 21:29:49.541  INFO 6128 --- [main] o.hibernate.annotations.common.Version   : HCANN000001: Hibernate Commons Annotations {5.1.2.Final}
2023-07-29 21:29:49.665  INFO 6128 --- [main] org.hibernate.dialect.Dialect            : HHH000400: Using dialect: org.hibernate.dialect.MySQL5Dialect
2023-07-29 21:29:50.504  INFO 6128 --- [main] o.h.e.t.j.p.i.JtaPlatformInitiator       : HHH000490: Using JtaPlatform implementation: [org.hibernate.engine.transaction.jta.platform.internal.NoJtaPlatform]
2023-07-29 21:29:50.513  INFO 6128 --- [main] j.LocalContainerEntityManagerFactoryBean : Initialized JPA EntityManagerFactory for persistence unit 'default'
2023-07-29 21:29:51.051  WARN 6128 --- [main] JpaBaseConfiguration$JpaWebConfiguration : spring.jpa.open-in-view is enabled by default. Therefore, database queries may be performed during view rendering. Explicitly configure spring.jpa.open-in-view to disable this warning
2023-07-29 21:29:51.171 DEBUG 6128 --- [main] s.w.s.m.m.a.RequestMappingHandlerMapping : 20 mappings in 'requestMappingHandlerMapping'
2023-07-29 21:29:51.372 DEBUG 6128 --- [main] o.s.w.s.handler.SimpleUrlHandlerMapping  : Patterns [/swagger-ui/] in 'viewControllerHandlerMapping'
2023-07-29 21:29:51.492 DEBUG 6128 --- [main] o.s.w.s.handler.SimpleUrlHandlerMapping  : Patterns [/swagger-ui/**] in 'resourceHandlerMapping'
2023-07-29 21:29:51.544 DEBUG 6128 --- [main] s.w.s.m.m.a.RequestMappingHandlerAdapter : ControllerAdvice beans: 0 @ModelAttribute, 0 @InitBinder, 1 RequestBodyAdvice, 1 ResponseBodyAdvice
2023-07-29 21:29:51.588 DEBUG 6128 --- [main] .m.m.a.ExceptionHandlerExceptionResolver : ControllerAdvice beans: 1 @ExceptionHandler, 1 ResponseBodyAdvice
2023-07-29 21:29:52.544  INFO 6128 --- [main] c.w.service.impl.ClientServiceImplTest   : Started ClientServiceImplTest in 5.708 seconds (JVM running for 6.792)
2023-07-29 21:29:52.865 DEBUG 6128 --- [SpringApplicationShutdownHook] o.s.w.c.s.GenericWebApplicationContext   : Closing org.springframework.web.context.support.GenericWebApplicationContext@306851c7, started on Sat Jul 29 21:29:47 GMT+08:00 2023
2023-07-29 21:29:52.871  INFO 6128 --- [SpringApplicationShutdownHook] j.LocalContainerEntityManagerFactoryBean : Closing JPA EntityManagerFactory for persistence unit 'default'
2023-07-29 21:29:52.873  INFO 6128 --- [SpringApplicationShutdownHook] com.zaxxer.hikari.HikariDataSource       : defaultDataSource - Shutdown initiated...
2023-07-29 21:29:52.876  INFO 6128 --- [SpringApplicationShutdownHook] com.zaxxer.hikari.HikariDataSource       : defaultDataSource - Shutdown completed.
2023-07-29 21:33:27.224  INFO 10260 --- [main] c.w.service.impl.ClientServiceImplTest   : Starting ClientServiceImplTest using Java 1.8.0_291 on LAPTOP-PQIHT6TS with PID 10260 (started by Xuyujie in D:\面试\OAuth-Project\OAuth-ResourceServer)
2023-07-29 21:33:27.225  INFO 10260 --- [main] c.w.service.impl.ClientServiceImplTest   : The following 1 profile is active: "dev"
2023-07-29 21:33:27.255 DEBUG 10260 --- [main] o.s.w.c.s.GenericWebApplicationContext   : Refreshing org.springframework.web.context.support.GenericWebApplicationContext@306851c7
2023-07-29 21:33:27.972  INFO 10260 --- [main] .s.d.r.c.RepositoryConfigurationDelegate : Bootstrapping Spring Data JPA repositories in DEFAULT mode.
2023-07-29 21:33:28.017  INFO 10260 --- [main] .s.d.r.c.RepositoryConfigurationDelegate : Finished Spring Data repository scanning in 39 ms. Found 2 JPA repository interfaces.
2023-07-29 21:33:28.176  WARN 10260 --- [main] o.m.s.mapper.ClassPathMapperScanner      : No MyBatis mapper was found in '[com.wojucai]' package. Please check your configuration.
2023-07-29 21:33:28.663  INFO 10260 --- [main] com.zaxxer.hikari.HikariDataSource       : defaultDataSource - Starting...
2023-07-29 21:33:29.392  INFO 10260 --- [main] com.zaxxer.hikari.HikariDataSource       : defaultDataSource - Start completed.
2023-07-29 21:33:29.446  INFO 10260 --- [main] o.hibernate.jpa.internal.util.LogHelper  : HHH000204: Processing PersistenceUnitInfo [name: default]
2023-07-29 21:33:29.500  INFO 10260 --- [main] org.hibernate.Version                    : HHH000412: Hibernate ORM core version 5.6.12.Final
2023-07-29 21:33:29.684  INFO 10260 --- [main] o.hibernate.annotations.common.Version   : HCANN000001: Hibernate Commons Annotations {5.1.2.Final}
2023-07-29 21:33:29.798  INFO 10260 --- [main] org.hibernate.dialect.Dialect            : HHH000400: Using dialect: org.hibernate.dialect.MySQL5Dialect
2023-07-29 21:33:30.554  INFO 10260 --- [main] o.h.e.t.j.p.i.JtaPlatformInitiator       : HHH000490: Using JtaPlatform implementation: [org.hibernate.engine.transaction.jta.platform.internal.NoJtaPlatform]
2023-07-29 21:33:30.562  INFO 10260 --- [main] j.LocalContainerEntityManagerFactoryBean : Initialized JPA EntityManagerFactory for persistence unit 'default'
2023-07-29 21:33:31.196  WARN 10260 --- [main] JpaBaseConfiguration$JpaWebConfiguration : spring.jpa.open-in-view is enabled by default. Therefore, database queries may be performed during view rendering. Explicitly configure spring.jpa.open-in-view to disable this warning
2023-07-29 21:33:31.325 DEBUG 10260 --- [main] s.w.s.m.m.a.RequestMappingHandlerMapping : 20 mappings in 'requestMappingHandlerMapping'
2023-07-29 21:33:31.542 DEBUG 10260 --- [main] o.s.w.s.handler.SimpleUrlHandlerMapping  : Patterns [/swagger-ui/] in 'viewControllerHandlerMapping'
2023-07-29 21:33:31.696 DEBUG 10260 --- [main] o.s.w.s.handler.SimpleUrlHandlerMapping  : Patterns [/swagger-ui/**] in 'resourceHandlerMapping'
2023-07-29 21:33:31.767 DEBUG 10260 --- [main] s.w.s.m.m.a.RequestMappingHandlerAdapter : ControllerAdvice beans: 0 @ModelAttribute, 0 @InitBinder, 1 RequestBodyAdvice, 1 ResponseBodyAdvice
2023-07-29 21:33:31.812 DEBUG 10260 --- [main] .m.m.a.ExceptionHandlerExceptionResolver : ControllerAdvice beans: 1 @ExceptionHandler, 1 ResponseBodyAdvice
2023-07-29 21:33:32.659  INFO 10260 --- [main] c.w.service.impl.ClientServiceImplTest   : Started ClientServiceImplTest in 5.723 seconds (JVM running for 6.795)
2023-07-29 21:33:32.944 DEBUG 10260 --- [SpringApplicationShutdownHook] o.s.w.c.s.GenericWebApplicationContext   : Closing org.springframework.web.context.support.GenericWebApplicationContext@306851c7, started on Sat Jul 29 21:33:27 GMT+08:00 2023
2023-07-29 21:33:32.952  INFO 10260 --- [SpringApplicationShutdownHook] j.LocalContainerEntityManagerFactoryBean : Closing JPA EntityManagerFactory for persistence unit 'default'
2023-07-29 21:33:32.954  INFO 10260 --- [SpringApplicationShutdownHook] com.zaxxer.hikari.HikariDataSource       : defaultDataSource - Shutdown initiated...
2023-07-29 21:33:32.957  INFO 10260 --- [SpringApplicationShutdownHook] com.zaxxer.hikari.HikariDataSource       : defaultDataSource - Shutdown completed.
2023-07-29 21:34:24.227  INFO 18780 --- [main] c.w.service.impl.ClientServiceImplTest   : Starting ClientServiceImplTest using Java 1.8.0_291 on LAPTOP-PQIHT6TS with PID 18780 (started by Xuyujie in D:\面试\OAuth-Project\OAuth-ResourceServer)
2023-07-29 21:34:24.228  INFO 18780 --- [main] c.w.service.impl.ClientServiceImplTest   : The following 1 profile is active: "dev"
2023-07-29 21:34:24.258 DEBUG 18780 --- [main] o.s.w.c.s.GenericWebApplicationContext   : Refreshing org.springframework.web.context.support.GenericWebApplicationContext@306851c7
2023-07-29 21:34:25.032  INFO 18780 --- [main] .s.d.r.c.RepositoryConfigurationDelegate : Bootstrapping Spring Data JPA repositories in DEFAULT mode.
2023-07-29 21:34:25.093  INFO 18780 --- [main] .s.d.r.c.RepositoryConfigurationDelegate : Finished Spring Data repository scanning in 52 ms. Found 2 JPA repository interfaces.
2023-07-29 21:34:25.258  WARN 18780 --- [main] o.m.s.mapper.ClassPathMapperScanner      : No MyBatis mapper was found in '[com.wojucai]' package. Please check your configuration.
2023-07-29 21:34:25.680  INFO 18780 --- [main] com.zaxxer.hikari.HikariDataSource       : defaultDataSource - Starting...
2023-07-29 21:34:26.410  INFO 18780 --- [main] com.zaxxer.hikari.HikariDataSource       : defaultDataSource - Start completed.
2023-07-29 21:34:26.465  INFO 18780 --- [main] o.hibernate.jpa.internal.util.LogHelper  : HHH000204: Processing PersistenceUnitInfo [name: default]
2023-07-29 21:34:26.530  INFO 18780 --- [main] org.hibernate.Version                    : HHH000412: Hibernate ORM core version 5.6.12.Final
2023-07-29 21:34:26.710  INFO 18780 --- [main] o.hibernate.annotations.common.Version   : HCANN000001: Hibernate Commons Annotations {5.1.2.Final}
2023-07-29 21:34:26.825  INFO 18780 --- [main] org.hibernate.dialect.Dialect            : HHH000400: Using dialect: org.hibernate.dialect.MySQL5Dialect
2023-07-29 21:34:27.570  INFO 18780 --- [main] o.h.e.t.j.p.i.JtaPlatformInitiator       : HHH000490: Using JtaPlatform implementation: [org.hibernate.engine.transaction.jta.platform.internal.NoJtaPlatform]
2023-07-29 21:34:27.578  INFO 18780 --- [main] j.LocalContainerEntityManagerFactoryBean : Initialized JPA EntityManagerFactory for persistence unit 'default'
2023-07-29 21:34:28.159  WARN 18780 --- [main] JpaBaseConfiguration$JpaWebConfiguration : spring.jpa.open-in-view is enabled by default. Therefore, database queries may be performed during view rendering. Explicitly configure spring.jpa.open-in-view to disable this warning
2023-07-29 21:34:28.267 DEBUG 18780 --- [main] s.w.s.m.m.a.RequestMappingHandlerMapping : 20 mappings in 'requestMappingHandlerMapping'
2023-07-29 21:34:28.470 DEBUG 18780 --- [main] o.s.w.s.handler.SimpleUrlHandlerMapping  : Patterns [/swagger-ui/] in 'viewControllerHandlerMapping'
2023-07-29 21:34:28.628 DEBUG 18780 --- [main] o.s.w.s.handler.SimpleUrlHandlerMapping  : Patterns [/swagger-ui/**] in 'resourceHandlerMapping'
2023-07-29 21:34:28.703 DEBUG 18780 --- [main] s.w.s.m.m.a.RequestMappingHandlerAdapter : ControllerAdvice beans: 0 @ModelAttribute, 0 @InitBinder, 1 RequestBodyAdvice, 1 ResponseBodyAdvice
2023-07-29 21:34:28.755 DEBUG 18780 --- [main] .m.m.a.ExceptionHandlerExceptionResolver : ControllerAdvice beans: 1 @ExceptionHandler, 1 ResponseBodyAdvice
2023-07-29 21:34:29.503  INFO 18780 --- [main] c.w.service.impl.ClientServiceImplTest   : Started ClientServiceImplTest in 5.569 seconds (JVM running for 6.623)
2023-07-29 21:34:29.591 DEBUG 18780 --- [SpringApplicationShutdownHook] o.s.w.c.s.GenericWebApplicationContext   : Closing org.springframework.web.context.support.GenericWebApplicationContext@306851c7, started on Sat Jul 29 21:34:24 GMT+08:00 2023
2023-07-29 21:34:29.599  INFO 18780 --- [SpringApplicationShutdownHook] j.LocalContainerEntityManagerFactoryBean : Closing JPA EntityManagerFactory for persistence unit 'default'
2023-07-29 21:34:29.601  INFO 18780 --- [SpringApplicationShutdownHook] com.zaxxer.hikari.HikariDataSource       : defaultDataSource - Shutdown initiated...
2023-07-29 21:34:29.606  INFO 18780 --- [SpringApplicationShutdownHook] com.zaxxer.hikari.HikariDataSource       : defaultDataSource - Shutdown completed.
2023-07-29 21:35:24.682  INFO 16732 --- [main] c.w.service.impl.ClientServiceImplTest   : Starting ClientServiceImplTest using Java 1.8.0_291 on LAPTOP-PQIHT6TS with PID 16732 (started by Xuyujie in D:\面试\OAuth-Project\OAuth-ResourceServer)
2023-07-29 21:35:24.683  INFO 16732 --- [main] c.w.service.impl.ClientServiceImplTest   : The following 1 profile is active: "dev"
2023-07-29 21:35:24.717 DEBUG 16732 --- [main] o.s.w.c.s.GenericWebApplicationContext   : Refreshing org.springframework.web.context.support.GenericWebApplicationContext@306851c7
2023-07-29 21:35:25.462  INFO 16732 --- [main] .s.d.r.c.RepositoryConfigurationDelegate : Bootstrapping Spring Data JPA repositories in DEFAULT mode.
2023-07-29 21:35:25.522  INFO 16732 --- [main] .s.d.r.c.RepositoryConfigurationDelegate : Finished Spring Data repository scanning in 53 ms. Found 2 JPA repository interfaces.
2023-07-29 21:35:25.688  WARN 16732 --- [main] o.m.s.mapper.ClassPathMapperScanner      : No MyBatis mapper was found in '[com.wojucai]' package. Please check your configuration.
2023-07-29 21:35:26.120  INFO 16732 --- [main] com.zaxxer.hikari.HikariDataSource       : defaultDataSource - Starting...
2023-07-29 21:35:26.852  INFO 16732 --- [main] com.zaxxer.hikari.HikariDataSource       : defaultDataSource - Start completed.
2023-07-29 21:35:26.906  INFO 16732 --- [main] o.hibernate.jpa.internal.util.LogHelper  : HHH000204: Processing PersistenceUnitInfo [name: default]
2023-07-29 21:35:26.959  INFO 16732 --- [main] org.hibernate.Version                    : HHH000412: Hibernate ORM core version 5.6.12.Final
2023-07-29 21:35:27.130  INFO 16732 --- [main] o.hibernate.annotations.common.Version   : HCANN000001: Hibernate Commons Annotations {5.1.2.Final}
2023-07-29 21:35:27.247  INFO 16732 --- [main] org.hibernate.dialect.Dialect            : HHH000400: Using dialect: org.hibernate.dialect.MySQL5Dialect
2023-07-29 21:35:28.003  INFO 16732 --- [main] o.h.e.t.j.p.i.JtaPlatformInitiator       : HHH000490: Using JtaPlatform implementation: [org.hibernate.engine.transaction.jta.platform.internal.NoJtaPlatform]
2023-07-29 21:35:28.012  INFO 16732 --- [main] j.LocalContainerEntityManagerFactoryBean : Initialized JPA EntityManagerFactory for persistence unit 'default'
2023-07-29 21:35:28.604  WARN 16732 --- [main] JpaBaseConfiguration$JpaWebConfiguration : spring.jpa.open-in-view is enabled by default. Therefore, database queries may be performed during view rendering. Explicitly configure spring.jpa.open-in-view to disable this warning
2023-07-29 21:35:28.713 DEBUG 16732 --- [main] s.w.s.m.m.a.RequestMappingHandlerMapping : 20 mappings in 'requestMappingHandlerMapping'
2023-07-29 21:35:28.916 DEBUG 16732 --- [main] o.s.w.s.handler.SimpleUrlHandlerMapping  : Patterns [/swagger-ui/] in 'viewControllerHandlerMapping'
2023-07-29 21:35:29.059 DEBUG 16732 --- [main] o.s.w.s.handler.SimpleUrlHandlerMapping  : Patterns [/swagger-ui/**] in 'resourceHandlerMapping'
2023-07-29 21:35:29.121 DEBUG 16732 --- [main] s.w.s.m.m.a.RequestMappingHandlerAdapter : ControllerAdvice beans: 0 @ModelAttribute, 0 @InitBinder, 1 RequestBodyAdvice, 1 ResponseBodyAdvice
2023-07-29 21:35:29.170 DEBUG 16732 --- [main] .m.m.a.ExceptionHandlerExceptionResolver : ControllerAdvice beans: 1 @ExceptionHandler, 1 ResponseBodyAdvice
2023-07-29 21:35:30.005  INFO 16732 --- [main] c.w.service.impl.ClientServiceImplTest   : Started ClientServiceImplTest in 5.665 seconds (JVM running for 6.702)
2023-07-29 21:35:30.145 DEBUG 16732 --- [SpringApplicationShutdownHook] o.s.w.c.s.GenericWebApplicationContext   : Closing org.springframework.web.context.support.GenericWebApplicationContext@306851c7, started on Sat Jul 29 21:35:24 GMT+08:00 2023
2023-07-29 21:35:30.149  INFO 16732 --- [SpringApplicationShutdownHook] j.LocalContainerEntityManagerFactoryBean : Closing JPA EntityManagerFactory for persistence unit 'default'
2023-07-29 21:35:30.151  INFO 16732 --- [SpringApplicationShutdownHook] com.zaxxer.hikari.HikariDataSource       : defaultDataSource - Shutdown initiated...
2023-07-29 21:35:30.155  INFO 16732 --- [SpringApplicationShutdownHook] com.zaxxer.hikari.HikariDataSource       : defaultDataSource - Shutdown completed.
2023-07-29 21:36:32.933  INFO 1728 --- [main] c.w.service.impl.ClientServiceImplTest   : Starting ClientServiceImplTest using Java 1.8.0_291 on LAPTOP-PQIHT6TS with PID 1728 (started by Xuyujie in D:\面试\OAuth-Project\OAuth-ResourceServer)
2023-07-29 21:36:32.934  INFO 1728 --- [main] c.w.service.impl.ClientServiceImplTest   : The following 1 profile is active: "dev"
2023-07-29 21:36:32.967 DEBUG 1728 --- [main] o.s.w.c.s.GenericWebApplicationContext   : Refreshing org.springframework.web.context.support.GenericWebApplicationContext@306851c7
2023-07-29 21:36:33.781  INFO 1728 --- [main] .s.d.r.c.RepositoryConfigurationDelegate : Bootstrapping Spring Data JPA repositories in DEFAULT mode.
2023-07-29 21:36:33.843  INFO 1728 --- [main] .s.d.r.c.RepositoryConfigurationDelegate : Finished Spring Data repository scanning in 53 ms. Found 2 JPA repository interfaces.
2023-07-29 21:36:34.015  WARN 1728 --- [main] o.m.s.mapper.ClassPathMapperScanner      : No MyBatis mapper was found in '[com.wojucai]' package. Please check your configuration.
2023-07-29 21:36:34.448  INFO 1728 --- [main] com.zaxxer.hikari.HikariDataSource       : defaultDataSource - Starting...
2023-07-29 21:36:35.193  INFO 1728 --- [main] com.zaxxer.hikari.HikariDataSource       : defaultDataSource - Start completed.
2023-07-29 21:36:35.249  INFO 1728 --- [main] o.hibernate.jpa.internal.util.LogHelper  : HHH000204: Processing PersistenceUnitInfo [name: default]
2023-07-29 21:36:35.315  INFO 1728 --- [main] org.hibernate.Version                    : HHH000412: Hibernate ORM core version 5.6.12.Final
2023-07-29 21:36:35.496  INFO 1728 --- [main] o.hibernate.annotations.common.Version   : HCANN000001: Hibernate Commons Annotations {5.1.2.Final}
2023-07-29 21:36:35.612  INFO 1728 --- [main] org.hibernate.dialect.Dialect            : HHH000400: Using dialect: org.hibernate.dialect.MySQL5Dialect
2023-07-29 21:36:36.381  INFO 1728 --- [main] o.h.e.t.j.p.i.JtaPlatformInitiator       : HHH000490: Using JtaPlatform implementation: [org.hibernate.engine.transaction.jta.platform.internal.NoJtaPlatform]
2023-07-29 21:36:36.390  INFO 1728 --- [main] j.LocalContainerEntityManagerFactoryBean : Initialized JPA EntityManagerFactory for persistence unit 'default'
2023-07-29 21:36:37.025  WARN 1728 --- [main] JpaBaseConfiguration$JpaWebConfiguration : spring.jpa.open-in-view is enabled by default. Therefore, database queries may be performed during view rendering. Explicitly configure spring.jpa.open-in-view to disable this warning
2023-07-29 21:36:37.158 DEBUG 1728 --- [main] s.w.s.m.m.a.RequestMappingHandlerMapping : 20 mappings in 'requestMappingHandlerMapping'
2023-07-29 21:36:37.377 DEBUG 1728 --- [main] o.s.w.s.handler.SimpleUrlHandlerMapping  : Patterns [/swagger-ui/] in 'viewControllerHandlerMapping'
2023-07-29 21:36:37.527 DEBUG 1728 --- [main] o.s.w.s.handler.SimpleUrlHandlerMapping  : Patterns [/swagger-ui/**] in 'resourceHandlerMapping'
2023-07-29 21:36:37.598 DEBUG 1728 --- [main] s.w.s.m.m.a.RequestMappingHandlerAdapter : ControllerAdvice beans: 0 @ModelAttribute, 0 @InitBinder, 1 RequestBodyAdvice, 1 ResponseBodyAdvice
2023-07-29 21:36:37.652 DEBUG 1728 --- [main] .m.m.a.ExceptionHandlerExceptionResolver : ControllerAdvice beans: 1 @ExceptionHandler, 1 ResponseBodyAdvice
2023-07-29 21:36:38.497  INFO 1728 --- [main] c.w.service.impl.ClientServiceImplTest   : Started ClientServiceImplTest in 5.899 seconds (JVM running for 6.922)
2023-07-29 21:36:38.638 DEBUG 1728 --- [SpringApplicationShutdownHook] o.s.w.c.s.GenericWebApplicationContext   : Closing org.springframework.web.context.support.GenericWebApplicationContext@306851c7, started on Sat Jul 29 21:36:32 GMT+08:00 2023
2023-07-29 21:36:38.644  INFO 1728 --- [SpringApplicationShutdownHook] j.LocalContainerEntityManagerFactoryBean : Closing JPA EntityManagerFactory for persistence unit 'default'
2023-07-29 21:36:38.646  INFO 1728 --- [SpringApplicationShutdownHook] com.zaxxer.hikari.HikariDataSource       : defaultDataSource - Shutdown initiated...
2023-07-29 21:36:38.651  INFO 1728 --- [SpringApplicationShutdownHook] com.zaxxer.hikari.HikariDataSource       : defaultDataSource - Shutdown completed.
2023-07-29 21:37:57.738  INFO 18672 --- [main] c.w.service.impl.ClientServiceImplTest   : Starting ClientServiceImplTest using Java 1.8.0_291 on LAPTOP-PQIHT6TS with PID 18672 (started by Xuyujie in D:\面试\OAuth-Project\OAuth-ResourceServer)
2023-07-29 21:37:57.739  INFO 18672 --- [main] c.w.service.impl.ClientServiceImplTest   : The following 1 profile is active: "dev"
2023-07-29 21:37:57.768 DEBUG 18672 --- [main] o.s.w.c.s.GenericWebApplicationContext   : Refreshing org.springframework.web.context.support.GenericWebApplicationContext@306851c7
2023-07-29 21:37:58.465  INFO 18672 --- [main] .s.d.r.c.RepositoryConfigurationDelegate : Bootstrapping Spring Data JPA repositories in DEFAULT mode.
2023-07-29 21:37:58.516  INFO 18672 --- [main] .s.d.r.c.RepositoryConfigurationDelegate : Finished Spring Data repository scanning in 43 ms. Found 2 JPA repository interfaces.
2023-07-29 21:37:58.643  WARN 18672 --- [main] o.m.s.mapper.ClassPathMapperScanner      : No MyBatis mapper was found in '[com.wojucai]' package. Please check your configuration.
2023-07-29 21:37:59.068  INFO 18672 --- [main] com.zaxxer.hikari.HikariDataSource       : defaultDataSource - Starting...
2023-07-29 21:37:59.784  INFO 18672 --- [main] com.zaxxer.hikari.HikariDataSource       : defaultDataSource - Start completed.
2023-07-29 21:37:59.841  INFO 18672 --- [main] o.hibernate.jpa.internal.util.LogHelper  : HHH000204: Processing PersistenceUnitInfo [name: default]
2023-07-29 21:37:59.912  INFO 18672 --- [main] org.hibernate.Version                    : HHH000412: Hibernate ORM core version 5.6.12.Final
2023-07-29 21:38:00.089  INFO 18672 --- [main] o.hibernate.annotations.common.Version   : HCANN000001: Hibernate Commons Annotations {5.1.2.Final}
2023-07-29 21:38:00.215  INFO 18672 --- [main] org.hibernate.dialect.Dialect            : HHH000400: Using dialect: org.hibernate.dialect.MySQL5Dialect
2023-07-29 21:38:01.039  INFO 18672 --- [main] o.h.e.t.j.p.i.JtaPlatformInitiator       : HHH000490: Using JtaPlatform implementation: [org.hibernate.engine.transaction.jta.platform.internal.NoJtaPlatform]
2023-07-29 21:38:01.048  INFO 18672 --- [main] j.LocalContainerEntityManagerFactoryBean : Initialized JPA EntityManagerFactory for persistence unit 'default'
2023-07-29 21:38:01.682  WARN 18672 --- [main] JpaBaseConfiguration$JpaWebConfiguration : spring.jpa.open-in-view is enabled by default. Therefore, database queries may be performed during view rendering. Explicitly configure spring.jpa.open-in-view to disable this warning
2023-07-29 21:38:01.809 DEBUG 18672 --- [main] s.w.s.m.m.a.RequestMappingHandlerMapping : 20 mappings in 'requestMappingHandlerMapping'
2023-07-29 21:38:02.031 DEBUG 18672 --- [main] o.s.w.s.handler.SimpleUrlHandlerMapping  : Patterns [/swagger-ui/] in 'viewControllerHandlerMapping'
2023-07-29 21:38:02.176 DEBUG 18672 --- [main] o.s.w.s.handler.SimpleUrlHandlerMapping  : Patterns [/swagger-ui/**] in 'resourceHandlerMapping'
2023-07-29 21:38:02.250 DEBUG 18672 --- [main] s.w.s.m.m.a.RequestMappingHandlerAdapter : ControllerAdvice beans: 0 @ModelAttribute, 0 @InitBinder, 1 RequestBodyAdvice, 1 ResponseBodyAdvice
2023-07-29 21:38:02.302 DEBUG 18672 --- [main] .m.m.a.ExceptionHandlerExceptionResolver : ControllerAdvice beans: 1 @ExceptionHandler, 1 ResponseBodyAdvice
2023-07-29 21:38:03.130  INFO 18672 --- [main] c.w.service.impl.ClientServiceImplTest   : Started ClientServiceImplTest in 5.684 seconds (JVM running for 6.717)
2023-07-29 21:38:03.432 DEBUG 18672 --- [SpringApplicationShutdownHook] o.s.w.c.s.GenericWebApplicationContext   : Closing org.springframework.web.context.support.GenericWebApplicationContext@306851c7, started on Sat Jul 29 21:37:57 GMT+08:00 2023
2023-07-29 21:38:03.440  INFO 18672 --- [SpringApplicationShutdownHook] j.LocalContainerEntityManagerFactoryBean : Closing JPA EntityManagerFactory for persistence unit 'default'
2023-07-29 21:38:03.443  INFO 18672 --- [SpringApplicationShutdownHook] com.zaxxer.hikari.HikariDataSource       : defaultDataSource - Shutdown initiated...
2023-07-29 21:38:03.448  INFO 18672 --- [SpringApplicationShutdownHook] com.zaxxer.hikari.HikariDataSource       : defaultDataSource - Shutdown completed.
