2023-08-23 10:25:08.198 [main] DEBUG org.springframework.web.context.support.GenericWebApplicationContext - Refreshing org.springframework.web.context.support.GenericWebApplicationContext@173373b4
2023-08-23 10:25:10.470 [main] DEBUG org.springframework.web.servlet.mvc.method.annotation.RequestMappingHandlerMapping - 33 mappings in 'requestMappingHandlerMapping'
2023-08-23 10:25:10.911 [main] DEBUG org.springframework.web.servlet.mvc.method.annotation.RequestMappingHandlerAdapter - ControllerAdvice beans: 0 @ModelAttribute, 0 @InitBinder, 1 RequestBodyAdvice, 1 ResponseBodyAdvice
2023-08-23 10:25:10.972 [main] DEBUG org.springframework.web.servlet.handler.SimpleUrlHandlerMapping - Patterns [/swagger-ui/] in 'viewControllerHandlerMapping'
2023-08-23 10:25:11.019 [main] DEBUG org.springframework.web.servlet.handler.SimpleUrlHandlerMapping - Patterns [/webjars/**, /**, /swagger-ui/**] in 'resourceHandlerMapping'
2023-08-23 10:25:11.030 [main] DEBUG org.springframework.web.servlet.mvc.method.annotation.ExceptionHandlerExceptionResolver - ControllerAdvice beans: 1 @ExceptionHandler, 1 ResponseBodyAdvice
2023-08-23 10:25:12.135 [main] DEBUG com.wojucai.service.UserService - [UserService#queryAll] ---> GET http://localhost:8082/sysUser/queryAll?pageNumber=10&pageNow=0 HTTP/1.1
2023-08-23 10:25:12.135 [main] DEBUG com.wojucai.service.UserService - [UserService#queryAll] ---> END HTTP (0-byte body)
2023-08-23 10:25:12.913 [main] DEBUG com.wojucai.service.UserService - [UserService#queryAll] <--- HTTP/1.1 200 (770ms)
2023-08-23 10:25:12.913 [main] DEBUG com.wojucai.service.UserService - [UserService#queryAll] connection: keep-alive
2023-08-23 10:25:12.913 [main] DEBUG com.wojucai.service.UserService - [UserService#queryAll] content-type: application/json
2023-08-23 10:25:12.913 [main] DEBUG com.wojucai.service.UserService - [UserService#queryAll] date: Wed, 23 Aug 2023 02:25:12 GMT
2023-08-23 10:25:12.913 [main] DEBUG com.wojucai.service.UserService - [UserService#queryAll] keep-alive: timeout=60
2023-08-23 10:25:12.913 [main] DEBUG com.wojucai.service.UserService - [UserService#queryAll] transfer-encoding: chunked
2023-08-23 10:25:12.913 [main] DEBUG com.wojucai.service.UserService - [UserService#queryAll] 
2023-08-23 10:25:12.953 [main] DEBUG com.wojucai.service.UserService - [UserService#queryAll] {"code":10000,"message":"请求成功","object":{"content":[{"userId":1,"username":"admin","nickName":"莴苣菜3号","birthday":"2023-08-08 19:21:00","userImage":"http://local","sex":"男","age":18,"description":"有点傻","createTime":"2023-08-05T06:09:08","updateTime":"2023-08-19T06:09:12","role":{"roleId":2,"roleDesc":"管理员","roleName":"ADMIN"}}{"userId":2,"username":"userdemo","nickName":"莴苣菜2号","birthday":"2023-08-02 00:41:54","userImage":"http://local","sex":"男","age":18,"description":"有点傻","createTime":"2023-08-05T06:09:10","updateTime":"2023-08-25T06:09:15","role":{"roleId":1,"roleDesc":"普通用户","roleName":"USER"}}{"userId":572,"username":"user1","nickName":"莴苣菜1号","birthday":"2023-08-20 19:21:05","sex":"女","description":"我是普通人","createTime":"2023-08-11T14:02:48","updateTime":"2023-08-11T14:02:48","role":{"roleId":1,"roleDesc":"普通用户","roleName":"USER"}}],"pageable":{"sort":{"empty":true,"sorted":false,"unsorted":true},"offset":"0","pageSize":10,"pageNumber":0,"paged":true,"unpaged":false},"last":true,"totalPages":1,"totalElements":"3","size":10,"number":0,"sort":{"empty":true,"sorted":false,"unsorted":true},"first":true,"numberOfElements":3,"empty":false}}
2023-08-23 10:25:12.956 [main] DEBUG com.wojucai.service.UserService - [UserService#queryAll] <--- END HTTP (1239-byte body)
2023-08-23 10:25:12.970 [SpringApplicationShutdownHook] DEBUG org.springframework.web.context.support.GenericWebApplicationContext - Closing org.springframework.web.context.support.GenericWebApplicationContext@173373b4, started on Wed Aug 23 10:25:08 GMT+08:00 2023
2023-08-23 10:25:52.046 [main] DEBUG org.springframework.web.context.support.GenericWebApplicationContext - Refreshing org.springframework.web.context.support.GenericWebApplicationContext@173373b4
2023-08-23 10:25:54.089 [main] DEBUG org.springframework.web.servlet.mvc.method.annotation.RequestMappingHandlerMapping - 33 mappings in 'requestMappingHandlerMapping'
2023-08-23 10:25:54.457 [main] DEBUG org.springframework.web.servlet.mvc.method.annotation.RequestMappingHandlerAdapter - ControllerAdvice beans: 0 @ModelAttribute, 0 @InitBinder, 1 RequestBodyAdvice, 1 ResponseBodyAdvice
2023-08-23 10:25:54.521 [main] DEBUG org.springframework.web.servlet.handler.SimpleUrlHandlerMapping - Patterns [/swagger-ui/] in 'viewControllerHandlerMapping'
2023-08-23 10:25:54.564 [main] DEBUG org.springframework.web.servlet.handler.SimpleUrlHandlerMapping - Patterns [/webjars/**, /**, /swagger-ui/**] in 'resourceHandlerMapping'
2023-08-23 10:25:54.574 [main] DEBUG org.springframework.web.servlet.mvc.method.annotation.ExceptionHandlerExceptionResolver - ControllerAdvice beans: 1 @ExceptionHandler, 1 ResponseBodyAdvice
2023-08-23 10:25:55.566 [main] DEBUG com.wojucai.service.UserService - [UserService#queryAll] ---> GET http://localhost:8082/sysUser/queryAll?pageNumber=10&pageNow=0 HTTP/1.1
2023-08-23 10:25:55.566 [main] DEBUG com.wojucai.service.UserService - [UserService#queryAll] ---> END HTTP (0-byte body)
2023-08-23 10:25:56.389 [main] DEBUG com.wojucai.service.UserService - [UserService#queryAll] <--- HTTP/1.1 200 (814ms)
2023-08-23 10:25:56.389 [main] DEBUG com.wojucai.service.UserService - [UserService#queryAll] connection: keep-alive
2023-08-23 10:25:56.389 [main] DEBUG com.wojucai.service.UserService - [UserService#queryAll] content-type: application/json
2023-08-23 10:25:56.389 [main] DEBUG com.wojucai.service.UserService - [UserService#queryAll] date: Wed, 23 Aug 2023 02:25:56 GMT
2023-08-23 10:25:56.389 [main] DEBUG com.wojucai.service.UserService - [UserService#queryAll] keep-alive: timeout=60
2023-08-23 10:25:56.389 [main] DEBUG com.wojucai.service.UserService - [UserService#queryAll] transfer-encoding: chunked
2023-08-23 10:25:56.389 [main] DEBUG com.wojucai.service.UserService - [UserService#queryAll] 
2023-08-23 10:25:56.389 [main] DEBUG com.wojucai.service.UserService - [UserService#queryAll] {"code":10000,"message":"请求成功","object":{"content":[{"userId":1,"username":"admin","nickName":"莴苣菜3号","birthday":"2023-08-08 19:21:00","userImage":"http://local","sex":"男","age":18,"description":"有点傻","createTime":"2023-08-05T06:09:08","updateTime":"2023-08-19T06:09:12","role":{"roleId":2,"roleDesc":"管理员","roleName":"ADMIN"}}{"userId":2,"username":"userdemo","nickName":"莴苣菜2号","birthday":"2023-08-02 00:41:54","userImage":"http://local","sex":"男","age":18,"description":"有点傻","createTime":"2023-08-05T06:09:10","updateTime":"2023-08-25T06:09:15","role":{"roleId":1,"roleDesc":"普通用户","roleName":"USER"}}{"userId":572,"username":"user1","nickName":"莴苣菜1号","birthday":"2023-08-20 19:21:05","sex":"女","description":"我是普通人","createTime":"2023-08-11T14:02:48","updateTime":"2023-08-11T14:02:48","role":{"roleId":1,"roleDesc":"普通用户","roleName":"USER"}}],"pageable":{"sort":{"empty":true,"sorted":false,"unsorted":true},"offset":"0","pageSize":10,"pageNumber":0,"paged":true,"unpaged":false},"last":true,"totalPages":1,"totalElements":"3","size":10,"number":0,"sort":{"empty":true,"sorted":false,"unsorted":true},"first":true,"numberOfElements":3,"empty":false}}
2023-08-23 10:25:56.389 [main] DEBUG com.wojucai.service.UserService - [UserService#queryAll] <--- END HTTP (1239-byte body)
2023-08-23 10:25:56.399 [SpringApplicationShutdownHook] DEBUG org.springframework.web.context.support.GenericWebApplicationContext - Closing org.springframework.web.context.support.GenericWebApplicationContext@173373b4, started on Wed Aug 23 10:25:52 GMT+08:00 2023
2023-08-23 10:27:59.559 [main] DEBUG org.springframework.web.context.support.GenericWebApplicationContext - Refreshing org.springframework.web.context.support.GenericWebApplicationContext@173373b4
2023-08-23 10:28:01.929 [main] DEBUG org.springframework.web.servlet.mvc.method.annotation.RequestMappingHandlerMapping - 33 mappings in 'requestMappingHandlerMapping'
2023-08-23 10:28:02.383 [main] DEBUG org.springframework.web.servlet.mvc.method.annotation.RequestMappingHandlerAdapter - ControllerAdvice beans: 0 @ModelAttribute, 0 @InitBinder, 1 RequestBodyAdvice, 1 ResponseBodyAdvice
2023-08-23 10:28:02.447 [main] DEBUG org.springframework.web.servlet.handler.SimpleUrlHandlerMapping - Patterns [/swagger-ui/] in 'viewControllerHandlerMapping'
2023-08-23 10:28:02.484 [main] DEBUG org.springframework.web.servlet.handler.SimpleUrlHandlerMapping - Patterns [/webjars/**, /**, /swagger-ui/**] in 'resourceHandlerMapping'
2023-08-23 10:28:02.494 [main] DEBUG org.springframework.web.servlet.mvc.method.annotation.ExceptionHandlerExceptionResolver - ControllerAdvice beans: 1 @ExceptionHandler, 1 ResponseBodyAdvice
2023-08-23 10:28:03.727 [main] DEBUG com.wojucai.service.UserService - [UserService#queryAll] ---> GET http://localhost:8082/sysUser/queryAll?pageNumber=10&pageNow=0 HTTP/1.1
2023-08-23 10:28:03.737 [main] DEBUG com.wojucai.service.UserService - [UserService#queryAll] ---> END HTTP (0-byte body)
2023-08-23 10:28:04.420 [main] DEBUG com.wojucai.service.UserService - [UserService#queryAll] <--- HTTP/1.1 200 (682ms)
2023-08-23 10:28:04.420 [main] DEBUG com.wojucai.service.UserService - [UserService#queryAll] connection: keep-alive
2023-08-23 10:28:04.420 [main] DEBUG com.wojucai.service.UserService - [UserService#queryAll] content-type: application/json
2023-08-23 10:28:04.420 [main] DEBUG com.wojucai.service.UserService - [UserService#queryAll] date: Wed, 23 Aug 2023 02:28:04 GMT
2023-08-23 10:28:04.420 [main] DEBUG com.wojucai.service.UserService - [UserService#queryAll] keep-alive: timeout=60
2023-08-23 10:28:04.420 [main] DEBUG com.wojucai.service.UserService - [UserService#queryAll] transfer-encoding: chunked
2023-08-23 10:28:04.420 [main] DEBUG com.wojucai.service.UserService - [UserService#queryAll] 
2023-08-23 10:28:04.420 [main] DEBUG com.wojucai.service.UserService - [UserService#queryAll] {"code":10000,"message":"请求成功","object":{"content":[{"userId":1,"username":"admin","nickName":"莴苣菜3号","birthday":"2023-08-08 19:21:00","userImage":"http://local","sex":"男","age":18,"description":"有点傻","createTime":"2023-08-05T06:09:08","updateTime":"2023-08-19T06:09:12","role":{"roleId":2,"roleDesc":"管理员","roleName":"ADMIN"}}{"userId":2,"username":"userdemo","nickName":"莴苣菜2号","birthday":"2023-08-02 00:41:54","userImage":"http://local","sex":"男","age":18,"description":"有点傻","createTime":"2023-08-05T06:09:10","updateTime":"2023-08-25T06:09:15","role":{"roleId":1,"roleDesc":"普通用户","roleName":"USER"}}{"userId":572,"username":"user1","nickName":"莴苣菜1号","birthday":"2023-08-20 19:21:05","sex":"女","description":"我是普通人","createTime":"2023-08-11T14:02:48","updateTime":"2023-08-11T14:02:48","role":{"roleId":1,"roleDesc":"普通用户","roleName":"USER"}}],"pageable":{"sort":{"empty":true,"sorted":false,"unsorted":true},"offset":"0","pageSize":10,"pageNumber":0,"paged":true,"unpaged":false},"last":true,"totalPages":1,"totalElements":"3","size":10,"number":0,"sort":{"empty":true,"sorted":false,"unsorted":true},"first":true,"numberOfElements":3,"empty":false}}
2023-08-23 10:28:04.420 [main] DEBUG com.wojucai.service.UserService - [UserService#queryAll] <--- END HTTP (1239-byte body)
2023-08-23 10:28:04.446 [SpringApplicationShutdownHook] DEBUG org.springframework.web.context.support.GenericWebApplicationContext - Closing org.springframework.web.context.support.GenericWebApplicationContext@173373b4, started on Wed Aug 23 10:27:59 GMT+08:00 2023
2023-08-23 10:29:59.776 [main] DEBUG org.springframework.web.context.support.GenericWebApplicationContext - Refreshing org.springframework.web.context.support.GenericWebApplicationContext@173373b4
2023-08-23 10:30:02.078 [main] DEBUG org.springframework.web.servlet.mvc.method.annotation.RequestMappingHandlerMapping - 33 mappings in 'requestMappingHandlerMapping'
2023-08-23 10:30:02.506 [main] DEBUG org.springframework.web.servlet.mvc.method.annotation.RequestMappingHandlerAdapter - ControllerAdvice beans: 0 @ModelAttribute, 0 @InitBinder, 1 RequestBodyAdvice, 1 ResponseBodyAdvice
2023-08-23 10:30:02.578 [main] DEBUG org.springframework.web.servlet.handler.SimpleUrlHandlerMapping - Patterns [/swagger-ui/] in 'viewControllerHandlerMapping'
2023-08-23 10:30:02.602 [main] DEBUG org.springframework.web.servlet.handler.SimpleUrlHandlerMapping - Patterns [/webjars/**, /**, /swagger-ui/**] in 'resourceHandlerMapping'
2023-08-23 10:30:02.627 [main] DEBUG org.springframework.web.servlet.mvc.method.annotation.ExceptionHandlerExceptionResolver - ControllerAdvice beans: 1 @ExceptionHandler, 1 ResponseBodyAdvice
2023-08-23 10:30:03.829 [main] DEBUG com.wojucai.service.UserService - [UserService#queryAll] ---> GET http://localhost:8082/sysUser/queryAll?pageNumber=10&pageNow=0 HTTP/1.1
2023-08-23 10:30:03.829 [main] DEBUG com.wojucai.service.UserService - [UserService#queryAll] ---> END HTTP (0-byte body)
2023-08-23 10:30:05.514 [main] DEBUG com.wojucai.service.UserService - [UserService#queryAll] <--- HTTP/1.1 200 (1685ms)
2023-08-23 10:30:05.514 [main] DEBUG com.wojucai.service.UserService - [UserService#queryAll] connection: keep-alive
2023-08-23 10:30:05.514 [main] DEBUG com.wojucai.service.UserService - [UserService#queryAll] content-type: application/json
2023-08-23 10:30:05.514 [main] DEBUG com.wojucai.service.UserService - [UserService#queryAll] date: Wed, 23 Aug 2023 02:30:05 GMT
2023-08-23 10:30:05.514 [main] DEBUG com.wojucai.service.UserService - [UserService#queryAll] keep-alive: timeout=60
2023-08-23 10:30:05.514 [main] DEBUG com.wojucai.service.UserService - [UserService#queryAll] transfer-encoding: chunked
2023-08-23 10:30:05.514 [main] DEBUG com.wojucai.service.UserService - [UserService#queryAll] 
2023-08-23 10:30:05.514 [main] DEBUG com.wojucai.service.UserService - [UserService#queryAll] {"code":10000,"message":"请求成功","object":{"content":[{"userId":1,"username":"admin","nickName":"莴苣菜3号","birthday":"2023-08-08 19:21:00","userImage":"http://local","sex":"男","age":18,"description":"有点傻","createTime":"2023-08-05T06:09:08","updateTime":"2023-08-19T06:09:12","role":{"roleId":2,"roleDesc":"管理员","roleName":"ADMIN"}}{"userId":2,"username":"userdemo","nickName":"莴苣菜2号","birthday":"2023-08-02 00:41:54","userImage":"http://local","sex":"男","age":18,"description":"有点傻","createTime":"2023-08-05T06:09:10","updateTime":"2023-08-25T06:09:15","role":{"roleId":1,"roleDesc":"普通用户","roleName":"USER"}}{"userId":572,"username":"user1","nickName":"莴苣菜1号","birthday":"2023-08-20 19:21:05","sex":"女","description":"我是普通人","createTime":"2023-08-11T14:02:48","updateTime":"2023-08-11T14:02:48","role":{"roleId":1,"roleDesc":"普通用户","roleName":"USER"}}],"pageable":{"sort":{"empty":true,"sorted":false,"unsorted":true},"offset":"0","pageSize":10,"pageNumber":0,"paged":true,"unpaged":false},"last":true,"totalPages":1,"totalElements":"3","size":10,"number":0,"sort":{"empty":true,"sorted":false,"unsorted":true},"first":true,"numberOfElements":3,"empty":false}}
2023-08-23 10:30:05.514 [main] DEBUG com.wojucai.service.UserService - [UserService#queryAll] <--- END HTTP (1239-byte body)
2023-08-23 10:30:05.535 [SpringApplicationShutdownHook] DEBUG org.springframework.web.context.support.GenericWebApplicationContext - Closing org.springframework.web.context.support.GenericWebApplicationContext@173373b4, started on Wed Aug 23 10:29:59 GMT+08:00 2023
2023-08-23 10:32:37.098 [main] DEBUG org.springframework.web.context.support.GenericWebApplicationContext - Refreshing org.springframework.web.context.support.GenericWebApplicationContext@173373b4
2023-08-23 10:32:39.103 [main] DEBUG org.springframework.web.servlet.mvc.method.annotation.RequestMappingHandlerMapping - 33 mappings in 'requestMappingHandlerMapping'
2023-08-23 10:32:39.472 [main] DEBUG org.springframework.web.servlet.mvc.method.annotation.RequestMappingHandlerAdapter - ControllerAdvice beans: 0 @ModelAttribute, 0 @InitBinder, 1 RequestBodyAdvice, 1 ResponseBodyAdvice
2023-08-23 10:32:39.519 [main] DEBUG org.springframework.web.servlet.handler.SimpleUrlHandlerMapping - Patterns [/swagger-ui/] in 'viewControllerHandlerMapping'
2023-08-23 10:32:39.551 [main] DEBUG org.springframework.web.servlet.handler.SimpleUrlHandlerMapping - Patterns [/webjars/**, /**, /swagger-ui/**] in 'resourceHandlerMapping'
2023-08-23 10:32:39.567 [main] DEBUG org.springframework.web.servlet.mvc.method.annotation.ExceptionHandlerExceptionResolver - ControllerAdvice beans: 1 @ExceptionHandler, 1 ResponseBodyAdvice
2023-08-23 10:32:40.586 [main] DEBUG com.wojucai.service.UserService - [UserService#queryAll] ---> GET http://localhost:8082/sysUser/queryAll?pageNumber=10&pageNow=0 HTTP/1.1
2023-08-23 10:32:40.591 [main] DEBUG com.wojucai.service.UserService - [UserService#queryAll] ---> END HTTP (0-byte body)
2023-08-23 10:32:41.557 [main] DEBUG com.wojucai.service.UserService - [UserService#queryAll] <--- HTTP/1.1 200 (964ms)
2023-08-23 10:32:41.557 [main] DEBUG com.wojucai.service.UserService - [UserService#queryAll] connection: keep-alive
2023-08-23 10:32:41.557 [main] DEBUG com.wojucai.service.UserService - [UserService#queryAll] content-type: application/json
2023-08-23 10:32:41.557 [main] DEBUG com.wojucai.service.UserService - [UserService#queryAll] date: Wed, 23 Aug 2023 02:32:41 GMT
2023-08-23 10:32:41.557 [main] DEBUG com.wojucai.service.UserService - [UserService#queryAll] keep-alive: timeout=60
2023-08-23 10:32:41.557 [main] DEBUG com.wojucai.service.UserService - [UserService#queryAll] transfer-encoding: chunked
2023-08-23 10:32:41.557 [main] DEBUG com.wojucai.service.UserService - [UserService#queryAll] 
2023-08-23 10:32:41.557 [main] DEBUG com.wojucai.service.UserService - [UserService#queryAll] {"code":10000,"message":"请求成功","object":{"content":[{"userId":1,"username":"admin","nickName":"莴苣菜3号","birthday":"2023-08-08 19:21:00","userImage":"http://local","sex":"男","age":18,"description":"有点傻","createTime":"2023-08-05T06:09:08","updateTime":"2023-08-19T06:09:12","role":{"roleId":2,"roleDesc":"管理员","roleName":"ADMIN"}}{"userId":2,"username":"userdemo","nickName":"莴苣菜2号","birthday":"2023-08-02 00:41:54","userImage":"http://local","sex":"男","age":18,"description":"有点傻","createTime":"2023-08-05T06:09:10","updateTime":"2023-08-25T06:09:15","role":{"roleId":1,"roleDesc":"普通用户","roleName":"USER"}}{"userId":572,"username":"user1","nickName":"莴苣菜1号","birthday":"2023-08-20 19:21:05","sex":"女","description":"我是普通人","createTime":"2023-08-11T14:02:48","updateTime":"2023-08-11T14:02:48","role":{"roleId":1,"roleDesc":"普通用户","roleName":"USER"}}],"pageable":{"sort":{"empty":true,"sorted":false,"unsorted":true},"offset":"0","pageSize":10,"pageNumber":0,"paged":true,"unpaged":false},"last":true,"totalPages":1,"totalElements":"3","size":10,"number":0,"sort":{"empty":true,"sorted":false,"unsorted":true},"first":true,"numberOfElements":3,"empty":false}}
2023-08-23 10:32:41.557 [main] DEBUG com.wojucai.service.UserService - [UserService#queryAll] <--- END HTTP (1239-byte body)
2023-08-23 10:32:41.571 [SpringApplicationShutdownHook] DEBUG org.springframework.web.context.support.GenericWebApplicationContext - Closing org.springframework.web.context.support.GenericWebApplicationContext@173373b4, started on Wed Aug 23 10:32:37 GMT+08:00 2023
