2023-07-29 21:06:19.839 [main] DEBUG org.springframework.web.context.support.GenericWebApplicationContext - Refreshing org.springframework.web.context.support.GenericWebApplicationContext@306851c7
2023-07-29 21:09:47.817 [main] DEBUG org.springframework.web.context.support.GenericWebApplicationContext - Refreshing org.springframework.web.context.support.GenericWebApplicationContext@306851c7
2023-07-29 21:09:52.073 [main] DEBUG org.springframework.web.servlet.mvc.method.annotation.RequestMappingHandlerMapping - 20 mappings in 'requestMappingHandlerMapping'
2023-07-29 21:09:52.366 [main] DEBUG org.springframework.web.servlet.handler.SimpleUrlHandlerMapping - Patterns [/swagger-ui/] in 'viewControllerHandlerMapping'
2023-07-29 21:09:52.533 [main] DEBUG org.springframework.web.servlet.handler.SimpleUrlHandlerMapping - Patterns [/swagger-ui/**] in 'resourceHandlerMapping'
2023-07-29 21:09:52.594 [main] DEBUG org.springframework.web.servlet.mvc.method.annotation.RequestMappingHandlerAdapter - ControllerAdvice beans: 0 @ModelAttribute, 0 @InitBinder, 1 RequestBodyAdvice, 1 ResponseBodyAdvice
2023-07-29 21:09:52.638 [main] DEBUG org.springframework.web.servlet.mvc.method.annotation.ExceptionHandlerExceptionResolver - ControllerAdvice beans: 1 @ExceptionHandler, 1 ResponseBodyAdvice
2023-07-29 21:09:53.560 [SpringApplicationShutdownHook] DEBUG org.springframework.web.context.support.GenericWebApplicationContext - Closing org.springframework.web.context.support.GenericWebApplicationContext@306851c7, started on Sat Jul 29 21:09:47 GMT+08:00 2023
2023-07-29 21:15:27.831 [main] DEBUG org.springframework.web.context.support.GenericWebApplicationContext - Refreshing org.springframework.web.context.support.GenericWebApplicationContext@306851c7
2023-07-29 21:15:32.501 [main] DEBUG org.springframework.web.servlet.mvc.method.annotation.RequestMappingHandlerMapping - 20 mappings in 'requestMappingHandlerMapping'
2023-07-29 21:15:32.708 [main] DEBUG org.springframework.web.servlet.handler.SimpleUrlHandlerMapping - Patterns [/swagger-ui/] in 'viewControllerHandlerMapping'
2023-07-29 21:15:32.854 [main] DEBUG org.springframework.web.servlet.handler.SimpleUrlHandlerMapping - Patterns [/swagger-ui/**] in 'resourceHandlerMapping'
2023-07-29 21:15:32.918 [main] DEBUG org.springframework.web.servlet.mvc.method.annotation.RequestMappingHandlerAdapter - ControllerAdvice beans: 0 @ModelAttribute, 0 @InitBinder, 1 RequestBodyAdvice, 1 ResponseBodyAdvice
2023-07-29 21:15:32.965 [main] DEBUG org.springframework.web.servlet.mvc.method.annotation.ExceptionHandlerExceptionResolver - ControllerAdvice beans: 1 @ExceptionHandler, 1 ResponseBodyAdvice
2023-07-29 21:15:33.919 [SpringApplicationShutdownHook] DEBUG org.springframework.web.context.support.GenericWebApplicationContext - Closing org.springframework.web.context.support.GenericWebApplicationContext@306851c7, started on Sat Jul 29 21:15:27 GMT+08:00 2023
2023-07-29 21:17:35.712 [main] DEBUG org.springframework.web.context.support.GenericWebApplicationContext - Refreshing org.springframework.web.context.support.GenericWebApplicationContext@306851c7
2023-07-29 21:17:40.122 [main] DEBUG org.springframework.web.servlet.mvc.method.annotation.RequestMappingHandlerMapping - 20 mappings in 'requestMappingHandlerMapping'
2023-07-29 21:17:40.370 [main] DEBUG org.springframework.web.servlet.handler.SimpleUrlHandlerMapping - Patterns [/swagger-ui/] in 'viewControllerHandlerMapping'
2023-07-29 21:17:40.528 [main] DEBUG org.springframework.web.servlet.handler.SimpleUrlHandlerMapping - Patterns [/swagger-ui/**] in 'resourceHandlerMapping'
2023-07-29 21:17:40.598 [main] DEBUG org.springframework.web.servlet.mvc.method.annotation.RequestMappingHandlerAdapter - ControllerAdvice beans: 0 @ModelAttribute, 0 @InitBinder, 1 RequestBodyAdvice, 1 ResponseBodyAdvice
2023-07-29 21:17:40.656 [main] DEBUG org.springframework.web.servlet.mvc.method.annotation.ExceptionHandlerExceptionResolver - ControllerAdvice beans: 1 @ExceptionHandler, 1 ResponseBodyAdvice
2023-07-29 21:17:41.866 [SpringApplicationShutdownHook] DEBUG org.springframework.web.context.support.GenericWebApplicationContext - Closing org.springframework.web.context.support.GenericWebApplicationContext@306851c7, started on Sat Jul 29 21:17:35 GMT+08:00 2023
2023-07-29 21:18:09.688 [main] DEBUG org.springframework.web.context.support.GenericWebApplicationContext - Refreshing org.springframework.web.context.support.GenericWebApplicationContext@306851c7
2023-07-29 21:18:13.987 [main] DEBUG org.springframework.web.servlet.mvc.method.annotation.RequestMappingHandlerMapping - 20 mappings in 'requestMappingHandlerMapping'
2023-07-29 21:18:14.251 [main] DEBUG org.springframework.web.servlet.handler.SimpleUrlHandlerMapping - Patterns [/swagger-ui/] in 'viewControllerHandlerMapping'
2023-07-29 21:18:14.440 [main] DEBUG org.springframework.web.servlet.handler.SimpleUrlHandlerMapping - Patterns [/swagger-ui/**] in 'resourceHandlerMapping'
2023-07-29 21:18:14.502 [main] DEBUG org.springframework.web.servlet.mvc.method.annotation.RequestMappingHandlerAdapter - ControllerAdvice beans: 0 @ModelAttribute, 0 @InitBinder, 1 RequestBodyAdvice, 1 ResponseBodyAdvice
2023-07-29 21:18:14.549 [main] DEBUG org.springframework.web.servlet.mvc.method.annotation.ExceptionHandlerExceptionResolver - ControllerAdvice beans: 1 @ExceptionHandler, 1 ResponseBodyAdvice
2023-07-29 21:18:15.716 [SpringApplicationShutdownHook] DEBUG org.springframework.web.context.support.GenericWebApplicationContext - Closing org.springframework.web.context.support.GenericWebApplicationContext@306851c7, started on Sat Jul 29 21:18:09 GMT+08:00 2023
2023-07-29 21:24:42.136 [main] DEBUG org.springframework.web.context.support.GenericWebApplicationContext - Refreshing org.springframework.web.context.support.GenericWebApplicationContext@306851c7
2023-07-29 21:24:46.601 [main] DEBUG org.springframework.web.servlet.mvc.method.annotation.RequestMappingHandlerMapping - 20 mappings in 'requestMappingHandlerMapping'
2023-07-29 21:24:46.831 [main] DEBUG org.springframework.web.servlet.handler.SimpleUrlHandlerMapping - Patterns [/swagger-ui/] in 'viewControllerHandlerMapping'
2023-07-29 21:24:46.980 [main] DEBUG org.springframework.web.servlet.handler.SimpleUrlHandlerMapping - Patterns [/swagger-ui/**] in 'resourceHandlerMapping'
2023-07-29 21:24:47.050 [main] DEBUG org.springframework.web.servlet.mvc.method.annotation.RequestMappingHandlerAdapter - ControllerAdvice beans: 0 @ModelAttribute, 0 @InitBinder, 1 RequestBodyAdvice, 1 ResponseBodyAdvice
2023-07-29 21:24:47.104 [main] DEBUG org.springframework.web.servlet.mvc.method.annotation.ExceptionHandlerExceptionResolver - ControllerAdvice beans: 1 @ExceptionHandler, 1 ResponseBodyAdvice
2023-07-29 21:24:48.323 [SpringApplicationShutdownHook] DEBUG org.springframework.web.context.support.GenericWebApplicationContext - Closing org.springframework.web.context.support.GenericWebApplicationContext@306851c7, started on Sat Jul 29 21:24:42 GMT+08:00 2023
2023-07-29 21:28:31.528 [main] DEBUG org.springframework.web.context.support.GenericWebApplicationContext - Refreshing org.springframework.web.context.support.GenericWebApplicationContext@306851c7
2023-07-29 21:28:35.847 [main] DEBUG org.springframework.web.servlet.mvc.method.annotation.RequestMappingHandlerMapping - 20 mappings in 'requestMappingHandlerMapping'
2023-07-29 21:28:36.077 [main] DEBUG org.springframework.web.servlet.handler.SimpleUrlHandlerMapping - Patterns [/swagger-ui/] in 'viewControllerHandlerMapping'
2023-07-29 21:28:36.254 [main] DEBUG org.springframework.web.servlet.handler.SimpleUrlHandlerMapping - Patterns [/swagger-ui/**] in 'resourceHandlerMapping'
2023-07-29 21:28:36.355 [main] DEBUG org.springframework.web.servlet.mvc.method.annotation.RequestMappingHandlerAdapter - ControllerAdvice beans: 0 @ModelAttribute, 0 @InitBinder, 1 RequestBodyAdvice, 1 ResponseBodyAdvice
2023-07-29 21:28:36.406 [main] DEBUG org.springframework.web.servlet.mvc.method.annotation.ExceptionHandlerExceptionResolver - ControllerAdvice beans: 1 @ExceptionHandler, 1 ResponseBodyAdvice
2023-07-29 21:28:37.565 [SpringApplicationShutdownHook] DEBUG org.springframework.web.context.support.GenericWebApplicationContext - Closing org.springframework.web.context.support.GenericWebApplicationContext@306851c7, started on Sat Jul 29 21:28:31 GMT+08:00 2023
2023-07-29 21:29:47.169 [main] DEBUG org.springframework.web.context.support.GenericWebApplicationContext - Refreshing org.springframework.web.context.support.GenericWebApplicationContext@306851c7
2023-07-29 21:29:51.171 [main] DEBUG org.springframework.web.servlet.mvc.method.annotation.RequestMappingHandlerMapping - 20 mappings in 'requestMappingHandlerMapping'
2023-07-29 21:29:51.372 [main] DEBUG org.springframework.web.servlet.handler.SimpleUrlHandlerMapping - Patterns [/swagger-ui/] in 'viewControllerHandlerMapping'
2023-07-29 21:29:51.492 [main] DEBUG org.springframework.web.servlet.handler.SimpleUrlHandlerMapping - Patterns [/swagger-ui/**] in 'resourceHandlerMapping'
2023-07-29 21:29:51.544 [main] DEBUG org.springframework.web.servlet.mvc.method.annotation.RequestMappingHandlerAdapter - ControllerAdvice beans: 0 @ModelAttribute, 0 @InitBinder, 1 RequestBodyAdvice, 1 ResponseBodyAdvice
2023-07-29 21:29:51.588 [main] DEBUG org.springframework.web.servlet.mvc.method.annotation.ExceptionHandlerExceptionResolver - ControllerAdvice beans: 1 @ExceptionHandler, 1 ResponseBodyAdvice
2023-07-29 21:29:52.865 [SpringApplicationShutdownHook] DEBUG org.springframework.web.context.support.GenericWebApplicationContext - Closing org.springframework.web.context.support.GenericWebApplicationContext@306851c7, started on Sat Jul 29 21:29:47 GMT+08:00 2023
2023-07-29 21:33:27.255 [main] DEBUG org.springframework.web.context.support.GenericWebApplicationContext - Refreshing org.springframework.web.context.support.GenericWebApplicationContext@306851c7
2023-07-29 21:33:31.325 [main] DEBUG org.springframework.web.servlet.mvc.method.annotation.RequestMappingHandlerMapping - 20 mappings in 'requestMappingHandlerMapping'
2023-07-29 21:33:31.542 [main] DEBUG org.springframework.web.servlet.handler.SimpleUrlHandlerMapping - Patterns [/swagger-ui/] in 'viewControllerHandlerMapping'
2023-07-29 21:33:31.696 [main] DEBUG org.springframework.web.servlet.handler.SimpleUrlHandlerMapping - Patterns [/swagger-ui/**] in 'resourceHandlerMapping'
2023-07-29 21:33:31.767 [main] DEBUG org.springframework.web.servlet.mvc.method.annotation.RequestMappingHandlerAdapter - ControllerAdvice beans: 0 @ModelAttribute, 0 @InitBinder, 1 RequestBodyAdvice, 1 ResponseBodyAdvice
2023-07-29 21:33:31.812 [main] DEBUG org.springframework.web.servlet.mvc.method.annotation.ExceptionHandlerExceptionResolver - ControllerAdvice beans: 1 @ExceptionHandler, 1 ResponseBodyAdvice
2023-07-29 21:33:32.944 [SpringApplicationShutdownHook] DEBUG org.springframework.web.context.support.GenericWebApplicationContext - Closing org.springframework.web.context.support.GenericWebApplicationContext@306851c7, started on Sat Jul 29 21:33:27 GMT+08:00 2023
2023-07-29 21:34:24.258 [main] DEBUG org.springframework.web.context.support.GenericWebApplicationContext - Refreshing org.springframework.web.context.support.GenericWebApplicationContext@306851c7
2023-07-29 21:34:28.267 [main] DEBUG org.springframework.web.servlet.mvc.method.annotation.RequestMappingHandlerMapping - 20 mappings in 'requestMappingHandlerMapping'
2023-07-29 21:34:28.470 [main] DEBUG org.springframework.web.servlet.handler.SimpleUrlHandlerMapping - Patterns [/swagger-ui/] in 'viewControllerHandlerMapping'
2023-07-29 21:34:28.628 [main] DEBUG org.springframework.web.servlet.handler.SimpleUrlHandlerMapping - Patterns [/swagger-ui/**] in 'resourceHandlerMapping'
2023-07-29 21:34:28.703 [main] DEBUG org.springframework.web.servlet.mvc.method.annotation.RequestMappingHandlerAdapter - ControllerAdvice beans: 0 @ModelAttribute, 0 @InitBinder, 1 RequestBodyAdvice, 1 ResponseBodyAdvice
2023-07-29 21:34:28.755 [main] DEBUG org.springframework.web.servlet.mvc.method.annotation.ExceptionHandlerExceptionResolver - ControllerAdvice beans: 1 @ExceptionHandler, 1 ResponseBodyAdvice
2023-07-29 21:34:29.591 [SpringApplicationShutdownHook] DEBUG org.springframework.web.context.support.GenericWebApplicationContext - Closing org.springframework.web.context.support.GenericWebApplicationContext@306851c7, started on Sat Jul 29 21:34:24 GMT+08:00 2023
2023-07-29 21:35:24.717 [main] DEBUG org.springframework.web.context.support.GenericWebApplicationContext - Refreshing org.springframework.web.context.support.GenericWebApplicationContext@306851c7
2023-07-29 21:35:28.713 [main] DEBUG org.springframework.web.servlet.mvc.method.annotation.RequestMappingHandlerMapping - 20 mappings in 'requestMappingHandlerMapping'
2023-07-29 21:35:28.916 [main] DEBUG org.springframework.web.servlet.handler.SimpleUrlHandlerMapping - Patterns [/swagger-ui/] in 'viewControllerHandlerMapping'
2023-07-29 21:35:29.059 [main] DEBUG org.springframework.web.servlet.handler.SimpleUrlHandlerMapping - Patterns [/swagger-ui/**] in 'resourceHandlerMapping'
2023-07-29 21:35:29.121 [main] DEBUG org.springframework.web.servlet.mvc.method.annotation.RequestMappingHandlerAdapter - ControllerAdvice beans: 0 @ModelAttribute, 0 @InitBinder, 1 RequestBodyAdvice, 1 ResponseBodyAdvice
2023-07-29 21:35:29.170 [main] DEBUG org.springframework.web.servlet.mvc.method.annotation.ExceptionHandlerExceptionResolver - ControllerAdvice beans: 1 @ExceptionHandler, 1 ResponseBodyAdvice
2023-07-29 21:35:30.145 [SpringApplicationShutdownHook] DEBUG org.springframework.web.context.support.GenericWebApplicationContext - Closing org.springframework.web.context.support.GenericWebApplicationContext@306851c7, started on Sat Jul 29 21:35:24 GMT+08:00 2023
2023-07-29 21:36:32.967 [main] DEBUG org.springframework.web.context.support.GenericWebApplicationContext - Refreshing org.springframework.web.context.support.GenericWebApplicationContext@306851c7
2023-07-29 21:36:37.158 [main] DEBUG org.springframework.web.servlet.mvc.method.annotation.RequestMappingHandlerMapping - 20 mappings in 'requestMappingHandlerMapping'
2023-07-29 21:36:37.377 [main] DEBUG org.springframework.web.servlet.handler.SimpleUrlHandlerMapping - Patterns [/swagger-ui/] in 'viewControllerHandlerMapping'
2023-07-29 21:36:37.527 [main] DEBUG org.springframework.web.servlet.handler.SimpleUrlHandlerMapping - Patterns [/swagger-ui/**] in 'resourceHandlerMapping'
2023-07-29 21:36:37.598 [main] DEBUG org.springframework.web.servlet.mvc.method.annotation.RequestMappingHandlerAdapter - ControllerAdvice beans: 0 @ModelAttribute, 0 @InitBinder, 1 RequestBodyAdvice, 1 ResponseBodyAdvice
2023-07-29 21:36:37.652 [main] DEBUG org.springframework.web.servlet.mvc.method.annotation.ExceptionHandlerExceptionResolver - ControllerAdvice beans: 1 @ExceptionHandler, 1 ResponseBodyAdvice
2023-07-29 21:36:38.638 [SpringApplicationShutdownHook] DEBUG org.springframework.web.context.support.GenericWebApplicationContext - Closing org.springframework.web.context.support.GenericWebApplicationContext@306851c7, started on Sat Jul 29 21:36:32 GMT+08:00 2023
2023-07-29 21:37:57.768 [main] DEBUG org.springframework.web.context.support.GenericWebApplicationContext - Refreshing org.springframework.web.context.support.GenericWebApplicationContext@306851c7
2023-07-29 21:38:01.809 [main] DEBUG org.springframework.web.servlet.mvc.method.annotation.RequestMappingHandlerMapping - 20 mappings in 'requestMappingHandlerMapping'
2023-07-29 21:38:02.031 [main] DEBUG org.springframework.web.servlet.handler.SimpleUrlHandlerMapping - Patterns [/swagger-ui/] in 'viewControllerHandlerMapping'
2023-07-29 21:38:02.176 [main] DEBUG org.springframework.web.servlet.handler.SimpleUrlHandlerMapping - Patterns [/swagger-ui/**] in 'resourceHandlerMapping'
2023-07-29 21:38:02.250 [main] DEBUG org.springframework.web.servlet.mvc.method.annotation.RequestMappingHandlerAdapter - ControllerAdvice beans: 0 @ModelAttribute, 0 @InitBinder, 1 RequestBodyAdvice, 1 ResponseBodyAdvice
2023-07-29 21:38:02.302 [main] DEBUG org.springframework.web.servlet.mvc.method.annotation.ExceptionHandlerExceptionResolver - ControllerAdvice beans: 1 @ExceptionHandler, 1 ResponseBodyAdvice
2023-07-29 21:38:03.432 [SpringApplicationShutdownHook] DEBUG org.springframework.web.context.support.GenericWebApplicationContext - Closing org.springframework.web.context.support.GenericWebApplicationContext@306851c7, started on Sat Jul 29 21:37:57 GMT+08:00 2023
