2023-07-29 21:06:19.102 [main] INFO  org.springframework.boot.test.context.SpringBootTestContextBootstrapper - Neither @ContextConfiguration nor @ContextHierarchy found for test class [com.wojucai.service.impl.ClientServiceImplTest], using SpringBootContextLoader
2023-07-29 21:06:19.110 [main] INFO  org.springframework.test.context.support.AbstractContextLoader - Could not detect default resource locations for test class [com.wojucai.service.impl.ClientServiceImplTest]: no resource found for suffixes {-context.xml, Context.groovy}.
2023-07-29 21:06:19.111 [main] INFO  org.springframework.test.context.support.AnnotationConfigContextLoaderUtils - Could not detect default configuration classes for test class [com.wojucai.service.impl.ClientServiceImplTest]: ClientServiceImplTest does not declare any static, non-private, non-final, nested classes annotated with @Configuration.
2023-07-29 21:06:19.237 [main] INFO  org.springframework.boot.test.context.SpringBootTestContextBootstrapper - Found @SpringBootConfiguration com.wojucai.OAuthResourceServer for test class com.wojucai.service.impl.ClientServiceImplTest
2023-07-29 21:06:19.328 [main] INFO  org.springframework.boot.test.context.SpringBootTestContextBootstrapper - Loaded default TestExecutionListener class names from location [META-INF/spring.factories]: [org.springframework.boot.test.mock.mockito.MockitoTestExecutionListener, org.springframework.boot.test.mock.mockito.ResetMocksTestExecutionListener, org.springframework.boot.test.autoconfigure.restdocs.RestDocsTestExecutionListener, org.springframework.boot.test.autoconfigure.web.client.MockRestServiceServerResetTestExecutionListener, org.springframework.boot.test.autoconfigure.web.servlet.MockMvcPrintOnlyOnFailureTestExecutionListener, org.springframework.boot.test.autoconfigure.web.servlet.WebDriverTestExecutionListener, org.springframework.boot.test.autoconfigure.webservices.client.MockWebServiceServerTestExecutionListener, org.springframework.test.context.web.ServletTestExecutionListener, org.springframework.test.context.support.DirtiesContextBeforeModesTestExecutionListener, org.springframework.test.context.event.ApplicationEventsTestExecutionListener, org.springframework.test.context.support.DependencyInjectionTestExecutionListener, org.springframework.test.context.support.DirtiesContextTestExecutionListener, org.springframework.test.context.transaction.TransactionalTestExecutionListener, org.springframework.test.context.jdbc.SqlScriptsTestExecutionListener, org.springframework.test.context.event.EventPublishingTestExecutionListener]
2023-07-29 21:06:19.348 [main] INFO  org.springframework.boot.test.context.SpringBootTestContextBootstrapper - Using TestExecutionListeners: [org.springframework.test.context.web.ServletTestExecutionListener@27e47833, org.springframework.test.context.support.DirtiesContextBeforeModesTestExecutionListener@6f6745d6, org.springframework.test.context.event.ApplicationEventsTestExecutionListener@27508c5d, org.springframework.boot.test.mock.mockito.MockitoTestExecutionListener@4f704591, org.springframework.boot.test.autoconfigure.SpringBootDependencyInjectionTestExecutionListener@4b5189ac, org.springframework.test.context.support.DirtiesContextTestExecutionListener@1e4d3ce5, org.springframework.test.context.transaction.TransactionalTestExecutionListener@3ddc6915, org.springframework.test.context.jdbc.SqlScriptsTestExecutionListener@704deff2, org.springframework.test.context.event.EventPublishingTestExecutionListener@379614be, org.springframework.boot.test.mock.mockito.ResetMocksTestExecutionListener@404bbcbd, org.springframework.boot.test.autoconfigure.restdocs.RestDocsTestExecutionListener@1e81f160, org.springframework.boot.test.autoconfigure.web.client.MockRestServiceServerResetTestExecutionListener@1acaf3d, org.springframework.boot.test.autoconfigure.web.servlet.MockMvcPrintOnlyOnFailureTestExecutionListener@6986852, org.springframework.boot.test.autoconfigure.web.servlet.WebDriverTestExecutionListener@1bab8268, org.springframework.boot.test.autoconfigure.webservices.client.MockWebServiceServerTestExecutionListener@a307a8c]
2023-07-29 21:06:19.800 [main] INFO  com.wojucai.service.impl.ClientServiceImplTest - Starting ClientServiceImplTest using Java 1.8.0_291 on LAPTOP-PQIHT6TS with PID 8824 (started by Xuyujie in D:\面试\OAuth-Project\OAuth-ResourceServer)
2023-07-29 21:06:19.801 [main] INFO  com.wojucai.service.impl.ClientServiceImplTest - The following 1 profile is active: "dev"
2023-07-29 21:06:20.819 [main] INFO  org.springframework.data.repository.config.RepositoryConfigurationDelegate - Bootstrapping Spring Data JPA repositories in DEFAULT mode.
2023-07-29 21:06:20.871 [main] INFO  org.springframework.data.repository.config.RepositoryConfigurationDelegate - Finished Spring Data repository scanning in 45 ms. Found 2 JPA repository interfaces.
2023-07-29 21:06:21.455 [main] INFO  com.zaxxer.hikari.HikariDataSource - defaultDataSource - Starting...
2023-07-29 21:06:22.258 [main] INFO  com.zaxxer.hikari.HikariDataSource - defaultDataSource - Start completed.
2023-07-29 21:06:22.330 [main] INFO  org.hibernate.jpa.internal.util.LogHelper - HHH000204: Processing PersistenceUnitInfo [name: default]
2023-07-29 21:06:22.402 [main] INFO  org.hibernate.Version - HHH000412: Hibernate ORM core version 5.6.12.Final
2023-07-29 21:06:22.602 [main] INFO  org.hibernate.annotations.common.Version - HCANN000001: Hibernate Commons Annotations {5.1.2.Final}
2023-07-29 21:06:22.742 [main] INFO  org.hibernate.dialect.Dialect - HHH000400: Using dialect: org.hibernate.dialect.MySQL5Dialect
2023-07-29 21:06:23.619 [main] INFO  org.hibernate.engine.transaction.jta.platform.internal.JtaPlatformInitiator - HHH000490: Using JtaPlatform implementation: [org.hibernate.engine.transaction.jta.platform.internal.NoJtaPlatform]
2023-07-29 21:06:23.629 [main] INFO  org.springframework.orm.jpa.LocalContainerEntityManagerFactoryBean - Initialized JPA EntityManagerFactory for persistence unit 'default'
2023-07-29 21:06:23.945 [main] INFO  org.springframework.orm.jpa.LocalContainerEntityManagerFactoryBean - Closing JPA EntityManagerFactory for persistence unit 'default'
2023-07-29 21:06:23.947 [main] INFO  com.zaxxer.hikari.HikariDataSource - defaultDataSource - Shutdown initiated...
2023-07-29 21:06:23.956 [main] INFO  com.zaxxer.hikari.HikariDataSource - defaultDataSource - Shutdown completed.
2023-07-29 21:06:23.965 [main] INFO  org.springframework.boot.autoconfigure.logging.ConditionEvaluationReportLoggingListener - 

Error starting ApplicationContext. To display the conditions report re-run your application with 'debug' enabled.
2023-07-29 21:09:47.130 [main] INFO  org.springframework.boot.test.context.SpringBootTestContextBootstrapper - Neither @ContextConfiguration nor @ContextHierarchy found for test class [com.wojucai.service.impl.ClientServiceImplTest], using SpringBootContextLoader
2023-07-29 21:09:47.136 [main] INFO  org.springframework.test.context.support.AbstractContextLoader - Could not detect default resource locations for test class [com.wojucai.service.impl.ClientServiceImplTest]: no resource found for suffixes {-context.xml, Context.groovy}.
2023-07-29 21:09:47.137 [main] INFO  org.springframework.test.context.support.AnnotationConfigContextLoaderUtils - Could not detect default configuration classes for test class [com.wojucai.service.impl.ClientServiceImplTest]: ClientServiceImplTest does not declare any static, non-private, non-final, nested classes annotated with @Configuration.
2023-07-29 21:09:47.261 [main] INFO  org.springframework.boot.test.context.SpringBootTestContextBootstrapper - Found @SpringBootConfiguration com.wojucai.OAuthResourceServer for test class com.wojucai.service.impl.ClientServiceImplTest
2023-07-29 21:09:47.356 [main] INFO  org.springframework.boot.test.context.SpringBootTestContextBootstrapper - Loaded default TestExecutionListener class names from location [META-INF/spring.factories]: [org.springframework.boot.test.mock.mockito.MockitoTestExecutionListener, org.springframework.boot.test.mock.mockito.ResetMocksTestExecutionListener, org.springframework.boot.test.autoconfigure.restdocs.RestDocsTestExecutionListener, org.springframework.boot.test.autoconfigure.web.client.MockRestServiceServerResetTestExecutionListener, org.springframework.boot.test.autoconfigure.web.servlet.MockMvcPrintOnlyOnFailureTestExecutionListener, org.springframework.boot.test.autoconfigure.web.servlet.WebDriverTestExecutionListener, org.springframework.boot.test.autoconfigure.webservices.client.MockWebServiceServerTestExecutionListener, org.springframework.test.context.web.ServletTestExecutionListener, org.springframework.test.context.support.DirtiesContextBeforeModesTestExecutionListener, org.springframework.test.context.event.ApplicationEventsTestExecutionListener, org.springframework.test.context.support.DependencyInjectionTestExecutionListener, org.springframework.test.context.support.DirtiesContextTestExecutionListener, org.springframework.test.context.transaction.TransactionalTestExecutionListener, org.springframework.test.context.jdbc.SqlScriptsTestExecutionListener, org.springframework.test.context.event.EventPublishingTestExecutionListener]
2023-07-29 21:09:47.377 [main] INFO  org.springframework.boot.test.context.SpringBootTestContextBootstrapper - Using TestExecutionListeners: [org.springframework.test.context.web.ServletTestExecutionListener@27e47833, org.springframework.test.context.support.DirtiesContextBeforeModesTestExecutionListener@6f6745d6, org.springframework.test.context.event.ApplicationEventsTestExecutionListener@27508c5d, org.springframework.boot.test.mock.mockito.MockitoTestExecutionListener@4f704591, org.springframework.boot.test.autoconfigure.SpringBootDependencyInjectionTestExecutionListener@4b5189ac, org.springframework.test.context.support.DirtiesContextTestExecutionListener@1e4d3ce5, org.springframework.test.context.transaction.TransactionalTestExecutionListener@3ddc6915, org.springframework.test.context.jdbc.SqlScriptsTestExecutionListener@704deff2, org.springframework.test.context.event.EventPublishingTestExecutionListener@379614be, org.springframework.boot.test.mock.mockito.ResetMocksTestExecutionListener@404bbcbd, org.springframework.boot.test.autoconfigure.restdocs.RestDocsTestExecutionListener@1e81f160, org.springframework.boot.test.autoconfigure.web.client.MockRestServiceServerResetTestExecutionListener@1acaf3d, org.springframework.boot.test.autoconfigure.web.servlet.MockMvcPrintOnlyOnFailureTestExecutionListener@6986852, org.springframework.boot.test.autoconfigure.web.servlet.WebDriverTestExecutionListener@1bab8268, org.springframework.boot.test.autoconfigure.webservices.client.MockWebServiceServerTestExecutionListener@a307a8c]
2023-07-29 21:09:47.781 [main] INFO  com.wojucai.service.impl.ClientServiceImplTest - Starting ClientServiceImplTest using Java 1.8.0_291 on LAPTOP-PQIHT6TS with PID 21048 (started by Xuyujie in D:\面试\OAuth-Project\OAuth-ResourceServer)
2023-07-29 21:09:47.781 [main] INFO  com.wojucai.service.impl.ClientServiceImplTest - The following 1 profile is active: "dev"
2023-07-29 21:09:48.653 [main] INFO  org.springframework.data.repository.config.RepositoryConfigurationDelegate - Bootstrapping Spring Data JPA repositories in DEFAULT mode.
2023-07-29 21:09:48.711 [main] INFO  org.springframework.data.repository.config.RepositoryConfigurationDelegate - Finished Spring Data repository scanning in 49 ms. Found 2 JPA repository interfaces.
2023-07-29 21:09:49.370 [main] INFO  com.zaxxer.hikari.HikariDataSource - defaultDataSource - Starting...
2023-07-29 21:09:50.111 [main] INFO  com.zaxxer.hikari.HikariDataSource - defaultDataSource - Start completed.
2023-07-29 21:09:50.167 [main] INFO  org.hibernate.jpa.internal.util.LogHelper - HHH000204: Processing PersistenceUnitInfo [name: default]
2023-07-29 21:09:50.232 [main] INFO  org.hibernate.Version - HHH000412: Hibernate ORM core version 5.6.12.Final
2023-07-29 21:09:50.415 [main] INFO  org.hibernate.annotations.common.Version - HCANN000001: Hibernate Commons Annotations {5.1.2.Final}
2023-07-29 21:09:50.541 [main] INFO  org.hibernate.dialect.Dialect - HHH000400: Using dialect: org.hibernate.dialect.MySQL5Dialect
2023-07-29 21:09:51.349 [main] INFO  org.hibernate.engine.transaction.jta.platform.internal.JtaPlatformInitiator - HHH000490: Using JtaPlatform implementation: [org.hibernate.engine.transaction.jta.platform.internal.NoJtaPlatform]
2023-07-29 21:09:51.359 [main] INFO  org.springframework.orm.jpa.LocalContainerEntityManagerFactoryBean - Initialized JPA EntityManagerFactory for persistence unit 'default'
2023-07-29 21:09:53.459 [main] INFO  com.wojucai.service.impl.ClientServiceImplTest - Started ClientServiceImplTest in 6.044 seconds (JVM running for 7.146)
2023-07-29 21:09:53.567 [SpringApplicationShutdownHook] INFO  org.springframework.orm.jpa.LocalContainerEntityManagerFactoryBean - Closing JPA EntityManagerFactory for persistence unit 'default'
2023-07-29 21:09:53.569 [SpringApplicationShutdownHook] INFO  com.zaxxer.hikari.HikariDataSource - defaultDataSource - Shutdown initiated...
2023-07-29 21:09:53.577 [SpringApplicationShutdownHook] INFO  com.zaxxer.hikari.HikariDataSource - defaultDataSource - Shutdown completed.
2023-07-29 21:15:27.155 [main] INFO  org.springframework.boot.test.context.SpringBootTestContextBootstrapper - Neither @ContextConfiguration nor @ContextHierarchy found for test class [com.wojucai.service.impl.ClientServiceImplTest], using SpringBootContextLoader
2023-07-29 21:15:27.161 [main] INFO  org.springframework.test.context.support.AbstractContextLoader - Could not detect default resource locations for test class [com.wojucai.service.impl.ClientServiceImplTest]: no resource found for suffixes {-context.xml, Context.groovy}.
2023-07-29 21:15:27.162 [main] INFO  org.springframework.test.context.support.AnnotationConfigContextLoaderUtils - Could not detect default configuration classes for test class [com.wojucai.service.impl.ClientServiceImplTest]: ClientServiceImplTest does not declare any static, non-private, non-final, nested classes annotated with @Configuration.
2023-07-29 21:15:27.285 [main] INFO  org.springframework.boot.test.context.SpringBootTestContextBootstrapper - Found @SpringBootConfiguration com.wojucai.OAuthResourceServer for test class com.wojucai.service.impl.ClientServiceImplTest
2023-07-29 21:15:27.378 [main] INFO  org.springframework.boot.test.context.SpringBootTestContextBootstrapper - Loaded default TestExecutionListener class names from location [META-INF/spring.factories]: [org.springframework.boot.test.mock.mockito.MockitoTestExecutionListener, org.springframework.boot.test.mock.mockito.ResetMocksTestExecutionListener, org.springframework.boot.test.autoconfigure.restdocs.RestDocsTestExecutionListener, org.springframework.boot.test.autoconfigure.web.client.MockRestServiceServerResetTestExecutionListener, org.springframework.boot.test.autoconfigure.web.servlet.MockMvcPrintOnlyOnFailureTestExecutionListener, org.springframework.boot.test.autoconfigure.web.servlet.WebDriverTestExecutionListener, org.springframework.boot.test.autoconfigure.webservices.client.MockWebServiceServerTestExecutionListener, org.springframework.test.context.web.ServletTestExecutionListener, org.springframework.test.context.support.DirtiesContextBeforeModesTestExecutionListener, org.springframework.test.context.event.ApplicationEventsTestExecutionListener, org.springframework.test.context.support.DependencyInjectionTestExecutionListener, org.springframework.test.context.support.DirtiesContextTestExecutionListener, org.springframework.test.context.transaction.TransactionalTestExecutionListener, org.springframework.test.context.jdbc.SqlScriptsTestExecutionListener, org.springframework.test.context.event.EventPublishingTestExecutionListener]
2023-07-29 21:15:27.395 [main] INFO  org.springframework.boot.test.context.SpringBootTestContextBootstrapper - Using TestExecutionListeners: [org.springframework.test.context.web.ServletTestExecutionListener@27e47833, org.springframework.test.context.support.DirtiesContextBeforeModesTestExecutionListener@6f6745d6, org.springframework.test.context.event.ApplicationEventsTestExecutionListener@27508c5d, org.springframework.boot.test.mock.mockito.MockitoTestExecutionListener@4f704591, org.springframework.boot.test.autoconfigure.SpringBootDependencyInjectionTestExecutionListener@4b5189ac, org.springframework.test.context.support.DirtiesContextTestExecutionListener@1e4d3ce5, org.springframework.test.context.transaction.TransactionalTestExecutionListener@3ddc6915, org.springframework.test.context.jdbc.SqlScriptsTestExecutionListener@704deff2, org.springframework.test.context.event.EventPublishingTestExecutionListener@379614be, org.springframework.boot.test.mock.mockito.ResetMocksTestExecutionListener@404bbcbd, org.springframework.boot.test.autoconfigure.restdocs.RestDocsTestExecutionListener@1e81f160, org.springframework.boot.test.autoconfigure.web.client.MockRestServiceServerResetTestExecutionListener@1acaf3d, org.springframework.boot.test.autoconfigure.web.servlet.MockMvcPrintOnlyOnFailureTestExecutionListener@6986852, org.springframework.boot.test.autoconfigure.web.servlet.WebDriverTestExecutionListener@1bab8268, org.springframework.boot.test.autoconfigure.webservices.client.MockWebServiceServerTestExecutionListener@a307a8c]
2023-07-29 21:15:27.797 [main] INFO  com.wojucai.service.impl.ClientServiceImplTest - Starting ClientServiceImplTest using Java 1.8.0_291 on LAPTOP-PQIHT6TS with PID 19864 (started by Xuyujie in D:\面试\OAuth-Project\OAuth-ResourceServer)
2023-07-29 21:15:27.798 [main] INFO  com.wojucai.service.impl.ClientServiceImplTest - The following 1 profile is active: "dev"
2023-07-29 21:15:28.687 [main] INFO  org.springframework.data.repository.config.RepositoryConfigurationDelegate - Bootstrapping Spring Data JPA repositories in DEFAULT mode.
2023-07-29 21:15:28.744 [main] INFO  org.springframework.data.repository.config.RepositoryConfigurationDelegate - Finished Spring Data repository scanning in 49 ms. Found 2 JPA repository interfaces.
2023-07-29 21:15:29.394 [main] INFO  com.zaxxer.hikari.HikariDataSource - defaultDataSource - Starting...
2023-07-29 21:15:30.330 [main] INFO  com.zaxxer.hikari.HikariDataSource - defaultDataSource - Start completed.
2023-07-29 21:15:30.392 [main] INFO  org.hibernate.jpa.internal.util.LogHelper - HHH000204: Processing PersistenceUnitInfo [name: default]
2023-07-29 21:15:30.470 [main] INFO  org.hibernate.Version - HHH000412: Hibernate ORM core version 5.6.12.Final
2023-07-29 21:15:30.657 [main] INFO  org.hibernate.annotations.common.Version - HCANN000001: Hibernate Commons Annotations {5.1.2.Final}
2023-07-29 21:15:30.796 [main] INFO  org.hibernate.dialect.Dialect - HHH000400: Using dialect: org.hibernate.dialect.MySQL5Dialect
2023-07-29 21:15:31.634 [main] INFO  org.hibernate.engine.transaction.jta.platform.internal.JtaPlatformInitiator - HHH000490: Using JtaPlatform implementation: [org.hibernate.engine.transaction.jta.platform.internal.NoJtaPlatform]
2023-07-29 21:15:31.644 [main] INFO  org.springframework.orm.jpa.LocalContainerEntityManagerFactoryBean - Initialized JPA EntityManagerFactory for persistence unit 'default'
2023-07-29 21:15:33.825 [main] INFO  com.wojucai.service.impl.ClientServiceImplTest - Started ClientServiceImplTest in 6.386 seconds (JVM running for 7.448)
2023-07-29 21:15:33.926 [SpringApplicationShutdownHook] INFO  org.springframework.orm.jpa.LocalContainerEntityManagerFactoryBean - Closing JPA EntityManagerFactory for persistence unit 'default'
2023-07-29 21:15:33.929 [SpringApplicationShutdownHook] INFO  com.zaxxer.hikari.HikariDataSource - defaultDataSource - Shutdown initiated...
2023-07-29 21:15:33.933 [SpringApplicationShutdownHook] INFO  com.zaxxer.hikari.HikariDataSource - defaultDataSource - Shutdown completed.
2023-07-29 21:17:35.041 [main] INFO  org.springframework.boot.test.context.SpringBootTestContextBootstrapper - Neither @ContextConfiguration nor @ContextHierarchy found for test class [com.wojucai.service.impl.ClientServiceImplTest], using SpringBootContextLoader
2023-07-29 21:17:35.049 [main] INFO  org.springframework.test.context.support.AbstractContextLoader - Could not detect default resource locations for test class [com.wojucai.service.impl.ClientServiceImplTest]: no resource found for suffixes {-context.xml, Context.groovy}.
2023-07-29 21:17:35.050 [main] INFO  org.springframework.test.context.support.AnnotationConfigContextLoaderUtils - Could not detect default configuration classes for test class [com.wojucai.service.impl.ClientServiceImplTest]: ClientServiceImplTest does not declare any static, non-private, non-final, nested classes annotated with @Configuration.
2023-07-29 21:17:35.184 [main] INFO  org.springframework.boot.test.context.SpringBootTestContextBootstrapper - Found @SpringBootConfiguration com.wojucai.OAuthResourceServer for test class com.wojucai.service.impl.ClientServiceImplTest
2023-07-29 21:17:35.278 [main] INFO  org.springframework.boot.test.context.SpringBootTestContextBootstrapper - Loaded default TestExecutionListener class names from location [META-INF/spring.factories]: [org.springframework.boot.test.mock.mockito.MockitoTestExecutionListener, org.springframework.boot.test.mock.mockito.ResetMocksTestExecutionListener, org.springframework.boot.test.autoconfigure.restdocs.RestDocsTestExecutionListener, org.springframework.boot.test.autoconfigure.web.client.MockRestServiceServerResetTestExecutionListener, org.springframework.boot.test.autoconfigure.web.servlet.MockMvcPrintOnlyOnFailureTestExecutionListener, org.springframework.boot.test.autoconfigure.web.servlet.WebDriverTestExecutionListener, org.springframework.boot.test.autoconfigure.webservices.client.MockWebServiceServerTestExecutionListener, org.springframework.test.context.web.ServletTestExecutionListener, org.springframework.test.context.support.DirtiesContextBeforeModesTestExecutionListener, org.springframework.test.context.event.ApplicationEventsTestExecutionListener, org.springframework.test.context.support.DependencyInjectionTestExecutionListener, org.springframework.test.context.support.DirtiesContextTestExecutionListener, org.springframework.test.context.transaction.TransactionalTestExecutionListener, org.springframework.test.context.jdbc.SqlScriptsTestExecutionListener, org.springframework.test.context.event.EventPublishingTestExecutionListener]
2023-07-29 21:17:35.294 [main] INFO  org.springframework.boot.test.context.SpringBootTestContextBootstrapper - Using TestExecutionListeners: [org.springframework.test.context.web.ServletTestExecutionListener@27e47833, org.springframework.test.context.support.DirtiesContextBeforeModesTestExecutionListener@6f6745d6, org.springframework.test.context.event.ApplicationEventsTestExecutionListener@27508c5d, org.springframework.boot.test.mock.mockito.MockitoTestExecutionListener@4f704591, org.springframework.boot.test.autoconfigure.SpringBootDependencyInjectionTestExecutionListener@4b5189ac, org.springframework.test.context.support.DirtiesContextTestExecutionListener@1e4d3ce5, org.springframework.test.context.transaction.TransactionalTestExecutionListener@3ddc6915, org.springframework.test.context.jdbc.SqlScriptsTestExecutionListener@704deff2, org.springframework.test.context.event.EventPublishingTestExecutionListener@379614be, org.springframework.boot.test.mock.mockito.ResetMocksTestExecutionListener@404bbcbd, org.springframework.boot.test.autoconfigure.restdocs.RestDocsTestExecutionListener@1e81f160, org.springframework.boot.test.autoconfigure.web.client.MockRestServiceServerResetTestExecutionListener@1acaf3d, org.springframework.boot.test.autoconfigure.web.servlet.MockMvcPrintOnlyOnFailureTestExecutionListener@6986852, org.springframework.boot.test.autoconfigure.web.servlet.WebDriverTestExecutionListener@1bab8268, org.springframework.boot.test.autoconfigure.webservices.client.MockWebServiceServerTestExecutionListener@a307a8c]
2023-07-29 21:17:35.678 [main] INFO  com.wojucai.service.impl.ClientServiceImplTest - Starting ClientServiceImplTest using Java 1.8.0_291 on LAPTOP-PQIHT6TS with PID 3928 (started by Xuyujie in D:\面试\OAuth-Project\OAuth-ResourceServer)
2023-07-29 21:17:35.679 [main] INFO  com.wojucai.service.impl.ClientServiceImplTest - The following 1 profile is active: "dev"
2023-07-29 21:17:36.541 [main] INFO  org.springframework.data.repository.config.RepositoryConfigurationDelegate - Bootstrapping Spring Data JPA repositories in DEFAULT mode.
2023-07-29 21:17:36.609 [main] INFO  org.springframework.data.repository.config.RepositoryConfigurationDelegate - Finished Spring Data repository scanning in 58 ms. Found 2 JPA repository interfaces.
2023-07-29 21:17:37.275 [main] INFO  com.zaxxer.hikari.HikariDataSource - defaultDataSource - Starting...
2023-07-29 21:17:38.015 [main] INFO  com.zaxxer.hikari.HikariDataSource - defaultDataSource - Start completed.
2023-07-29 21:17:38.071 [main] INFO  org.hibernate.jpa.internal.util.LogHelper - HHH000204: Processing PersistenceUnitInfo [name: default]
2023-07-29 21:17:38.139 [main] INFO  org.hibernate.Version - HHH000412: Hibernate ORM core version 5.6.12.Final
2023-07-29 21:17:38.370 [main] INFO  org.hibernate.annotations.common.Version - HCANN000001: Hibernate Commons Annotations {5.1.2.Final}
2023-07-29 21:17:38.495 [main] INFO  org.hibernate.dialect.Dialect - HHH000400: Using dialect: org.hibernate.dialect.MySQL5Dialect
2023-07-29 21:17:39.303 [main] INFO  org.hibernate.engine.transaction.jta.platform.internal.JtaPlatformInitiator - HHH000490: Using JtaPlatform implementation: [org.hibernate.engine.transaction.jta.platform.internal.NoJtaPlatform]
2023-07-29 21:17:39.313 [main] INFO  org.springframework.orm.jpa.LocalContainerEntityManagerFactoryBean - Initialized JPA EntityManagerFactory for persistence unit 'default'
2023-07-29 21:17:41.557 [main] INFO  com.wojucai.service.impl.ClientServiceImplTest - Started ClientServiceImplTest in 6.222 seconds (JVM running for 7.331)
2023-07-29 21:17:41.872 [SpringApplicationShutdownHook] INFO  org.springframework.orm.jpa.LocalContainerEntityManagerFactoryBean - Closing JPA EntityManagerFactory for persistence unit 'default'
2023-07-29 21:17:41.873 [SpringApplicationShutdownHook] INFO  com.zaxxer.hikari.HikariDataSource - defaultDataSource - Shutdown initiated...
2023-07-29 21:17:41.878 [SpringApplicationShutdownHook] INFO  com.zaxxer.hikari.HikariDataSource - defaultDataSource - Shutdown completed.
2023-07-29 21:18:09.069 [main] INFO  org.springframework.boot.test.context.SpringBootTestContextBootstrapper - Neither @ContextConfiguration nor @ContextHierarchy found for test class [com.wojucai.service.impl.ClientServiceImplTest], using SpringBootContextLoader
2023-07-29 21:18:09.076 [main] INFO  org.springframework.test.context.support.AbstractContextLoader - Could not detect default resource locations for test class [com.wojucai.service.impl.ClientServiceImplTest]: no resource found for suffixes {-context.xml, Context.groovy}.
2023-07-29 21:18:09.076 [main] INFO  org.springframework.test.context.support.AnnotationConfigContextLoaderUtils - Could not detect default configuration classes for test class [com.wojucai.service.impl.ClientServiceImplTest]: ClientServiceImplTest does not declare any static, non-private, non-final, nested classes annotated with @Configuration.
2023-07-29 21:18:09.188 [main] INFO  org.springframework.boot.test.context.SpringBootTestContextBootstrapper - Found @SpringBootConfiguration com.wojucai.OAuthResourceServer for test class com.wojucai.service.impl.ClientServiceImplTest
2023-07-29 21:18:09.279 [main] INFO  org.springframework.boot.test.context.SpringBootTestContextBootstrapper - Loaded default TestExecutionListener class names from location [META-INF/spring.factories]: [org.springframework.boot.test.mock.mockito.MockitoTestExecutionListener, org.springframework.boot.test.mock.mockito.ResetMocksTestExecutionListener, org.springframework.boot.test.autoconfigure.restdocs.RestDocsTestExecutionListener, org.springframework.boot.test.autoconfigure.web.client.MockRestServiceServerResetTestExecutionListener, org.springframework.boot.test.autoconfigure.web.servlet.MockMvcPrintOnlyOnFailureTestExecutionListener, org.springframework.boot.test.autoconfigure.web.servlet.WebDriverTestExecutionListener, org.springframework.boot.test.autoconfigure.webservices.client.MockWebServiceServerTestExecutionListener, org.springframework.test.context.web.ServletTestExecutionListener, org.springframework.test.context.support.DirtiesContextBeforeModesTestExecutionListener, org.springframework.test.context.event.ApplicationEventsTestExecutionListener, org.springframework.test.context.support.DependencyInjectionTestExecutionListener, org.springframework.test.context.support.DirtiesContextTestExecutionListener, org.springframework.test.context.transaction.TransactionalTestExecutionListener, org.springframework.test.context.jdbc.SqlScriptsTestExecutionListener, org.springframework.test.context.event.EventPublishingTestExecutionListener]
2023-07-29 21:18:09.296 [main] INFO  org.springframework.boot.test.context.SpringBootTestContextBootstrapper - Using TestExecutionListeners: [org.springframework.test.context.web.ServletTestExecutionListener@27e47833, org.springframework.test.context.support.DirtiesContextBeforeModesTestExecutionListener@6f6745d6, org.springframework.test.context.event.ApplicationEventsTestExecutionListener@27508c5d, org.springframework.boot.test.mock.mockito.MockitoTestExecutionListener@4f704591, org.springframework.boot.test.autoconfigure.SpringBootDependencyInjectionTestExecutionListener@4b5189ac, org.springframework.test.context.support.DirtiesContextTestExecutionListener@1e4d3ce5, org.springframework.test.context.transaction.TransactionalTestExecutionListener@3ddc6915, org.springframework.test.context.jdbc.SqlScriptsTestExecutionListener@704deff2, org.springframework.test.context.event.EventPublishingTestExecutionListener@379614be, org.springframework.boot.test.mock.mockito.ResetMocksTestExecutionListener@404bbcbd, org.springframework.boot.test.autoconfigure.restdocs.RestDocsTestExecutionListener@1e81f160, org.springframework.boot.test.autoconfigure.web.client.MockRestServiceServerResetTestExecutionListener@1acaf3d, org.springframework.boot.test.autoconfigure.web.servlet.MockMvcPrintOnlyOnFailureTestExecutionListener@6986852, org.springframework.boot.test.autoconfigure.web.servlet.WebDriverTestExecutionListener@1bab8268, org.springframework.boot.test.autoconfigure.webservices.client.MockWebServiceServerTestExecutionListener@a307a8c]
2023-07-29 21:18:09.656 [main] INFO  com.wojucai.service.impl.ClientServiceImplTest - Starting ClientServiceImplTest using Java 1.8.0_291 on LAPTOP-PQIHT6TS with PID 12784 (started by Xuyujie in D:\面试\OAuth-Project\OAuth-ResourceServer)
2023-07-29 21:18:09.657 [main] INFO  com.wojucai.service.impl.ClientServiceImplTest - The following 1 profile is active: "dev"
2023-07-29 21:18:10.425 [main] INFO  org.springframework.data.repository.config.RepositoryConfigurationDelegate - Bootstrapping Spring Data JPA repositories in DEFAULT mode.
2023-07-29 21:18:10.476 [main] INFO  org.springframework.data.repository.config.RepositoryConfigurationDelegate - Finished Spring Data repository scanning in 44 ms. Found 2 JPA repository interfaces.
2023-07-29 21:18:11.160 [main] INFO  com.zaxxer.hikari.HikariDataSource - defaultDataSource - Starting...
2023-07-29 21:18:11.980 [main] INFO  com.zaxxer.hikari.HikariDataSource - defaultDataSource - Start completed.
2023-07-29 21:18:12.036 [main] INFO  org.hibernate.jpa.internal.util.LogHelper - HHH000204: Processing PersistenceUnitInfo [name: default]
2023-07-29 21:18:12.109 [main] INFO  org.hibernate.Version - HHH000412: Hibernate ORM core version 5.6.12.Final
2023-07-29 21:18:12.297 [main] INFO  org.hibernate.annotations.common.Version - HCANN000001: Hibernate Commons Annotations {5.1.2.Final}
2023-07-29 21:18:12.419 [main] INFO  org.hibernate.dialect.Dialect - HHH000400: Using dialect: org.hibernate.dialect.MySQL5Dialect
2023-07-29 21:18:13.192 [main] INFO  org.hibernate.engine.transaction.jta.platform.internal.JtaPlatformInitiator - HHH000490: Using JtaPlatform implementation: [org.hibernate.engine.transaction.jta.platform.internal.NoJtaPlatform]
2023-07-29 21:18:13.202 [main] INFO  org.springframework.orm.jpa.LocalContainerEntityManagerFactoryBean - Initialized JPA EntityManagerFactory for persistence unit 'default'
2023-07-29 21:18:15.377 [main] INFO  com.wojucai.service.impl.ClientServiceImplTest - Started ClientServiceImplTest in 6.044 seconds (JVM running for 7.105)
2023-07-29 21:18:15.722 [SpringApplicationShutdownHook] INFO  org.springframework.orm.jpa.LocalContainerEntityManagerFactoryBean - Closing JPA EntityManagerFactory for persistence unit 'default'
2023-07-29 21:18:15.724 [SpringApplicationShutdownHook] INFO  com.zaxxer.hikari.HikariDataSource - defaultDataSource - Shutdown initiated...
2023-07-29 21:18:15.729 [SpringApplicationShutdownHook] INFO  com.zaxxer.hikari.HikariDataSource - defaultDataSource - Shutdown completed.
2023-07-29 21:24:41.528 [main] INFO  org.springframework.boot.test.context.SpringBootTestContextBootstrapper - Neither @ContextConfiguration nor @ContextHierarchy found for test class [com.wojucai.service.impl.ClientServiceImplTest], using SpringBootContextLoader
2023-07-29 21:24:41.534 [main] INFO  org.springframework.test.context.support.AbstractContextLoader - Could not detect default resource locations for test class [com.wojucai.service.impl.ClientServiceImplTest]: no resource found for suffixes {-context.xml, Context.groovy}.
2023-07-29 21:24:41.534 [main] INFO  org.springframework.test.context.support.AnnotationConfigContextLoaderUtils - Could not detect default configuration classes for test class [com.wojucai.service.impl.ClientServiceImplTest]: ClientServiceImplTest does not declare any static, non-private, non-final, nested classes annotated with @Configuration.
2023-07-29 21:24:41.648 [main] INFO  org.springframework.boot.test.context.SpringBootTestContextBootstrapper - Found @SpringBootConfiguration com.wojucai.OAuthResourceServer for test class com.wojucai.service.impl.ClientServiceImplTest
2023-07-29 21:24:41.752 [main] INFO  org.springframework.boot.test.context.SpringBootTestContextBootstrapper - Loaded default TestExecutionListener class names from location [META-INF/spring.factories]: [org.springframework.boot.test.mock.mockito.MockitoTestExecutionListener, org.springframework.boot.test.mock.mockito.ResetMocksTestExecutionListener, org.springframework.boot.test.autoconfigure.restdocs.RestDocsTestExecutionListener, org.springframework.boot.test.autoconfigure.web.client.MockRestServiceServerResetTestExecutionListener, org.springframework.boot.test.autoconfigure.web.servlet.MockMvcPrintOnlyOnFailureTestExecutionListener, org.springframework.boot.test.autoconfigure.web.servlet.WebDriverTestExecutionListener, org.springframework.boot.test.autoconfigure.webservices.client.MockWebServiceServerTestExecutionListener, org.springframework.test.context.web.ServletTestExecutionListener, org.springframework.test.context.support.DirtiesContextBeforeModesTestExecutionListener, org.springframework.test.context.event.ApplicationEventsTestExecutionListener, org.springframework.test.context.support.DependencyInjectionTestExecutionListener, org.springframework.test.context.support.DirtiesContextTestExecutionListener, org.springframework.test.context.transaction.TransactionalTestExecutionListener, org.springframework.test.context.jdbc.SqlScriptsTestExecutionListener, org.springframework.test.context.event.EventPublishingTestExecutionListener]
2023-07-29 21:24:41.771 [main] INFO  org.springframework.boot.test.context.SpringBootTestContextBootstrapper - Using TestExecutionListeners: [org.springframework.test.context.web.ServletTestExecutionListener@27e47833, org.springframework.test.context.support.DirtiesContextBeforeModesTestExecutionListener@6f6745d6, org.springframework.test.context.event.ApplicationEventsTestExecutionListener@27508c5d, org.springframework.boot.test.mock.mockito.MockitoTestExecutionListener@4f704591, org.springframework.boot.test.autoconfigure.SpringBootDependencyInjectionTestExecutionListener@4b5189ac, org.springframework.test.context.support.DirtiesContextTestExecutionListener@1e4d3ce5, org.springframework.test.context.transaction.TransactionalTestExecutionListener@3ddc6915, org.springframework.test.context.jdbc.SqlScriptsTestExecutionListener@704deff2, org.springframework.test.context.event.EventPublishingTestExecutionListener@379614be, org.springframework.boot.test.mock.mockito.ResetMocksTestExecutionListener@404bbcbd, org.springframework.boot.test.autoconfigure.restdocs.RestDocsTestExecutionListener@1e81f160, org.springframework.boot.test.autoconfigure.web.client.MockRestServiceServerResetTestExecutionListener@1acaf3d, org.springframework.boot.test.autoconfigure.web.servlet.MockMvcPrintOnlyOnFailureTestExecutionListener@6986852, org.springframework.boot.test.autoconfigure.web.servlet.WebDriverTestExecutionListener@1bab8268, org.springframework.boot.test.autoconfigure.webservices.client.MockWebServiceServerTestExecutionListener@a307a8c]
2023-07-29 21:24:42.103 [main] INFO  com.wojucai.service.impl.ClientServiceImplTest - Starting ClientServiceImplTest using Java 1.8.0_291 on LAPTOP-PQIHT6TS with PID 18640 (started by Xuyujie in D:\面试\OAuth-Project\OAuth-ResourceServer)
2023-07-29 21:24:42.104 [main] INFO  com.wojucai.service.impl.ClientServiceImplTest - The following 1 profile is active: "dev"
2023-07-29 21:24:42.843 [main] INFO  org.springframework.data.repository.config.RepositoryConfigurationDelegate - Bootstrapping Spring Data JPA repositories in DEFAULT mode.
2023-07-29 21:24:42.894 [main] INFO  org.springframework.data.repository.config.RepositoryConfigurationDelegate - Finished Spring Data repository scanning in 43 ms. Found 2 JPA repository interfaces.
2023-07-29 21:24:43.503 [main] INFO  com.zaxxer.hikari.HikariDataSource - defaultDataSource - Starting...
2023-07-29 21:24:44.342 [main] INFO  com.zaxxer.hikari.HikariDataSource - defaultDataSource - Start completed.
2023-07-29 21:24:44.401 [main] INFO  org.hibernate.jpa.internal.util.LogHelper - HHH000204: Processing PersistenceUnitInfo [name: default]
2023-07-29 21:24:44.471 [main] INFO  org.hibernate.Version - HHH000412: Hibernate ORM core version 5.6.12.Final
2023-07-29 21:24:44.643 [main] INFO  org.hibernate.annotations.common.Version - HCANN000001: Hibernate Commons Annotations {5.1.2.Final}
2023-07-29 21:24:44.775 [main] INFO  org.hibernate.dialect.Dialect - HHH000400: Using dialect: org.hibernate.dialect.MySQL5Dialect
2023-07-29 21:24:45.613 [main] INFO  org.hibernate.engine.transaction.jta.platform.internal.JtaPlatformInitiator - HHH000490: Using JtaPlatform implementation: [org.hibernate.engine.transaction.jta.platform.internal.NoJtaPlatform]
2023-07-29 21:24:45.625 [main] INFO  org.springframework.orm.jpa.LocalContainerEntityManagerFactoryBean - Initialized JPA EntityManagerFactory for persistence unit 'default'
2023-07-29 21:24:48.036 [main] INFO  com.wojucai.service.impl.ClientServiceImplTest - Started ClientServiceImplTest in 6.23 seconds (JVM running for 7.324)
2023-07-29 21:24:48.330 [SpringApplicationShutdownHook] INFO  org.springframework.orm.jpa.LocalContainerEntityManagerFactoryBean - Closing JPA EntityManagerFactory for persistence unit 'default'
2023-07-29 21:24:48.332 [SpringApplicationShutdownHook] INFO  com.zaxxer.hikari.HikariDataSource - defaultDataSource - Shutdown initiated...
2023-07-29 21:24:48.335 [SpringApplicationShutdownHook] INFO  com.zaxxer.hikari.HikariDataSource - defaultDataSource - Shutdown completed.
2023-07-29 21:28:30.931 [main] INFO  org.springframework.boot.test.context.SpringBootTestContextBootstrapper - Neither @ContextConfiguration nor @ContextHierarchy found for test class [com.wojucai.service.impl.ClientServiceImplTest], using SpringBootContextLoader
2023-07-29 21:28:30.937 [main] INFO  org.springframework.test.context.support.AbstractContextLoader - Could not detect default resource locations for test class [com.wojucai.service.impl.ClientServiceImplTest]: no resource found for suffixes {-context.xml, Context.groovy}.
2023-07-29 21:28:30.938 [main] INFO  org.springframework.test.context.support.AnnotationConfigContextLoaderUtils - Could not detect default configuration classes for test class [com.wojucai.service.impl.ClientServiceImplTest]: ClientServiceImplTest does not declare any static, non-private, non-final, nested classes annotated with @Configuration.
2023-07-29 21:28:31.040 [main] INFO  org.springframework.boot.test.context.SpringBootTestContextBootstrapper - Found @SpringBootConfiguration com.wojucai.OAuthResourceServer for test class com.wojucai.service.impl.ClientServiceImplTest
2023-07-29 21:28:31.126 [main] INFO  org.springframework.boot.test.context.SpringBootTestContextBootstrapper - Loaded default TestExecutionListener class names from location [META-INF/spring.factories]: [org.springframework.boot.test.mock.mockito.MockitoTestExecutionListener, org.springframework.boot.test.mock.mockito.ResetMocksTestExecutionListener, org.springframework.boot.test.autoconfigure.restdocs.RestDocsTestExecutionListener, org.springframework.boot.test.autoconfigure.web.client.MockRestServiceServerResetTestExecutionListener, org.springframework.boot.test.autoconfigure.web.servlet.MockMvcPrintOnlyOnFailureTestExecutionListener, org.springframework.boot.test.autoconfigure.web.servlet.WebDriverTestExecutionListener, org.springframework.boot.test.autoconfigure.webservices.client.MockWebServiceServerTestExecutionListener, org.springframework.test.context.web.ServletTestExecutionListener, org.springframework.test.context.support.DirtiesContextBeforeModesTestExecutionListener, org.springframework.test.context.event.ApplicationEventsTestExecutionListener, org.springframework.test.context.support.DependencyInjectionTestExecutionListener, org.springframework.test.context.support.DirtiesContextTestExecutionListener, org.springframework.test.context.transaction.TransactionalTestExecutionListener, org.springframework.test.context.jdbc.SqlScriptsTestExecutionListener, org.springframework.test.context.event.EventPublishingTestExecutionListener]
2023-07-29 21:28:31.142 [main] INFO  org.springframework.boot.test.context.SpringBootTestContextBootstrapper - Using TestExecutionListeners: [org.springframework.test.context.web.ServletTestExecutionListener@27e47833, org.springframework.test.context.support.DirtiesContextBeforeModesTestExecutionListener@6f6745d6, org.springframework.test.context.event.ApplicationEventsTestExecutionListener@27508c5d, org.springframework.boot.test.mock.mockito.MockitoTestExecutionListener@4f704591, org.springframework.boot.test.autoconfigure.SpringBootDependencyInjectionTestExecutionListener@4b5189ac, org.springframework.test.context.support.DirtiesContextTestExecutionListener@1e4d3ce5, org.springframework.test.context.transaction.TransactionalTestExecutionListener@3ddc6915, org.springframework.test.context.jdbc.SqlScriptsTestExecutionListener@704deff2, org.springframework.test.context.event.EventPublishingTestExecutionListener@379614be, org.springframework.boot.test.mock.mockito.ResetMocksTestExecutionListener@404bbcbd, org.springframework.boot.test.autoconfigure.restdocs.RestDocsTestExecutionListener@1e81f160, org.springframework.boot.test.autoconfigure.web.client.MockRestServiceServerResetTestExecutionListener@1acaf3d, org.springframework.boot.test.autoconfigure.web.servlet.MockMvcPrintOnlyOnFailureTestExecutionListener@6986852, org.springframework.boot.test.autoconfigure.web.servlet.WebDriverTestExecutionListener@1bab8268, org.springframework.boot.test.autoconfigure.webservices.client.MockWebServiceServerTestExecutionListener@a307a8c]
2023-07-29 21:28:31.493 [main] INFO  com.wojucai.service.impl.ClientServiceImplTest - Starting ClientServiceImplTest using Java 1.8.0_291 on LAPTOP-PQIHT6TS with PID 18448 (started by Xuyujie in D:\面试\OAuth-Project\OAuth-ResourceServer)
2023-07-29 21:28:31.494 [main] INFO  com.wojucai.service.impl.ClientServiceImplTest - The following 1 profile is active: "dev"
2023-07-29 21:28:32.327 [main] INFO  org.springframework.data.repository.config.RepositoryConfigurationDelegate - Bootstrapping Spring Data JPA repositories in DEFAULT mode.
2023-07-29 21:28:32.392 [main] INFO  org.springframework.data.repository.config.RepositoryConfigurationDelegate - Finished Spring Data repository scanning in 57 ms. Found 2 JPA repository interfaces.
2023-07-29 21:28:33.017 [main] INFO  com.zaxxer.hikari.HikariDataSource - defaultDataSource - Starting...
2023-07-29 21:28:33.774 [main] INFO  com.zaxxer.hikari.HikariDataSource - defaultDataSource - Start completed.
2023-07-29 21:28:33.833 [main] INFO  org.hibernate.jpa.internal.util.LogHelper - HHH000204: Processing PersistenceUnitInfo [name: default]
2023-07-29 21:28:33.902 [main] INFO  org.hibernate.Version - HHH000412: Hibernate ORM core version 5.6.12.Final
2023-07-29 21:28:34.111 [main] INFO  org.hibernate.annotations.common.Version - HCANN000001: Hibernate Commons Annotations {5.1.2.Final}
2023-07-29 21:28:34.237 [main] INFO  org.hibernate.dialect.Dialect - HHH000400: Using dialect: org.hibernate.dialect.MySQL5Dialect
2023-07-29 21:28:35.050 [main] INFO  org.hibernate.engine.transaction.jta.platform.internal.JtaPlatformInitiator - HHH000490: Using JtaPlatform implementation: [org.hibernate.engine.transaction.jta.platform.internal.NoJtaPlatform]
2023-07-29 21:28:35.079 [main] INFO  org.springframework.orm.jpa.LocalContainerEntityManagerFactoryBean - Initialized JPA EntityManagerFactory for persistence unit 'default'
2023-07-29 21:28:37.288 [main] INFO  com.wojucai.service.impl.ClientServiceImplTest - Started ClientServiceImplTest in 6.108 seconds (JVM running for 7.215)
2023-07-29 21:28:37.572 [SpringApplicationShutdownHook] INFO  org.springframework.orm.jpa.LocalContainerEntityManagerFactoryBean - Closing JPA EntityManagerFactory for persistence unit 'default'
2023-07-29 21:28:37.574 [SpringApplicationShutdownHook] INFO  com.zaxxer.hikari.HikariDataSource - defaultDataSource - Shutdown initiated...
2023-07-29 21:28:37.577 [SpringApplicationShutdownHook] INFO  com.zaxxer.hikari.HikariDataSource - defaultDataSource - Shutdown completed.
2023-07-29 21:29:46.545 [main] INFO  org.springframework.boot.test.context.SpringBootTestContextBootstrapper - Neither @ContextConfiguration nor @ContextHierarchy found for test class [com.wojucai.service.impl.ClientServiceImplTest], using SpringBootContextLoader
2023-07-29 21:29:46.557 [main] INFO  org.springframework.test.context.support.AbstractContextLoader - Could not detect default resource locations for test class [com.wojucai.service.impl.ClientServiceImplTest]: no resource found for suffixes {-context.xml, Context.groovy}.
2023-07-29 21:29:46.558 [main] INFO  org.springframework.test.context.support.AnnotationConfigContextLoaderUtils - Could not detect default configuration classes for test class [com.wojucai.service.impl.ClientServiceImplTest]: ClientServiceImplTest does not declare any static, non-private, non-final, nested classes annotated with @Configuration.
2023-07-29 21:29:46.684 [main] INFO  org.springframework.boot.test.context.SpringBootTestContextBootstrapper - Found @SpringBootConfiguration com.wojucai.OAuthResourceServer for test class com.wojucai.service.impl.ClientServiceImplTest
2023-07-29 21:29:46.781 [main] INFO  org.springframework.boot.test.context.SpringBootTestContextBootstrapper - Loaded default TestExecutionListener class names from location [META-INF/spring.factories]: [org.springframework.boot.test.mock.mockito.MockitoTestExecutionListener, org.springframework.boot.test.mock.mockito.ResetMocksTestExecutionListener, org.springframework.boot.test.autoconfigure.restdocs.RestDocsTestExecutionListener, org.springframework.boot.test.autoconfigure.web.client.MockRestServiceServerResetTestExecutionListener, org.springframework.boot.test.autoconfigure.web.servlet.MockMvcPrintOnlyOnFailureTestExecutionListener, org.springframework.boot.test.autoconfigure.web.servlet.WebDriverTestExecutionListener, org.springframework.boot.test.autoconfigure.webservices.client.MockWebServiceServerTestExecutionListener, org.springframework.test.context.web.ServletTestExecutionListener, org.springframework.test.context.support.DirtiesContextBeforeModesTestExecutionListener, org.springframework.test.context.event.ApplicationEventsTestExecutionListener, org.springframework.test.context.support.DependencyInjectionTestExecutionListener, org.springframework.test.context.support.DirtiesContextTestExecutionListener, org.springframework.test.context.transaction.TransactionalTestExecutionListener, org.springframework.test.context.jdbc.SqlScriptsTestExecutionListener, org.springframework.test.context.event.EventPublishingTestExecutionListener]
2023-07-29 21:29:46.796 [main] INFO  org.springframework.boot.test.context.SpringBootTestContextBootstrapper - Using TestExecutionListeners: [org.springframework.test.context.web.ServletTestExecutionListener@27e47833, org.springframework.test.context.support.DirtiesContextBeforeModesTestExecutionListener@6f6745d6, org.springframework.test.context.event.ApplicationEventsTestExecutionListener@27508c5d, org.springframework.boot.test.mock.mockito.MockitoTestExecutionListener@4f704591, org.springframework.boot.test.autoconfigure.SpringBootDependencyInjectionTestExecutionListener@4b5189ac, org.springframework.test.context.support.DirtiesContextTestExecutionListener@1e4d3ce5, org.springframework.test.context.transaction.TransactionalTestExecutionListener@3ddc6915, org.springframework.test.context.jdbc.SqlScriptsTestExecutionListener@704deff2, org.springframework.test.context.event.EventPublishingTestExecutionListener@379614be, org.springframework.boot.test.mock.mockito.ResetMocksTestExecutionListener@404bbcbd, org.springframework.boot.test.autoconfigure.restdocs.RestDocsTestExecutionListener@1e81f160, org.springframework.boot.test.autoconfigure.web.client.MockRestServiceServerResetTestExecutionListener@1acaf3d, org.springframework.boot.test.autoconfigure.web.servlet.MockMvcPrintOnlyOnFailureTestExecutionListener@6986852, org.springframework.boot.test.autoconfigure.web.servlet.WebDriverTestExecutionListener@1bab8268, org.springframework.boot.test.autoconfigure.webservices.client.MockWebServiceServerTestExecutionListener@a307a8c]
2023-07-29 21:29:47.138 [main] INFO  com.wojucai.service.impl.ClientServiceImplTest - Starting ClientServiceImplTest using Java 1.8.0_291 on LAPTOP-PQIHT6TS with PID 6128 (started by Xuyujie in D:\面试\OAuth-Project\OAuth-ResourceServer)
2023-07-29 21:29:47.138 [main] INFO  com.wojucai.service.impl.ClientServiceImplTest - The following 1 profile is active: "dev"
2023-07-29 21:29:47.921 [main] INFO  org.springframework.data.repository.config.RepositoryConfigurationDelegate - Bootstrapping Spring Data JPA repositories in DEFAULT mode.
2023-07-29 21:29:47.980 [main] INFO  org.springframework.data.repository.config.RepositoryConfigurationDelegate - Finished Spring Data repository scanning in 50 ms. Found 2 JPA repository interfaces.
2023-07-29 21:29:48.554 [main] INFO  com.zaxxer.hikari.HikariDataSource - defaultDataSource - Starting...
2023-07-29 21:29:49.276 [main] INFO  com.zaxxer.hikari.HikariDataSource - defaultDataSource - Start completed.
2023-07-29 21:29:49.326 [main] INFO  org.hibernate.jpa.internal.util.LogHelper - HHH000204: Processing PersistenceUnitInfo [name: default]
2023-07-29 21:29:49.375 [main] INFO  org.hibernate.Version - HHH000412: Hibernate ORM core version 5.6.12.Final
2023-07-29 21:29:49.541 [main] INFO  org.hibernate.annotations.common.Version - HCANN000001: Hibernate Commons Annotations {5.1.2.Final}
2023-07-29 21:29:49.665 [main] INFO  org.hibernate.dialect.Dialect - HHH000400: Using dialect: org.hibernate.dialect.MySQL5Dialect
2023-07-29 21:29:50.504 [main] INFO  org.hibernate.engine.transaction.jta.platform.internal.JtaPlatformInitiator - HHH000490: Using JtaPlatform implementation: [org.hibernate.engine.transaction.jta.platform.internal.NoJtaPlatform]
2023-07-29 21:29:50.513 [main] INFO  org.springframework.orm.jpa.LocalContainerEntityManagerFactoryBean - Initialized JPA EntityManagerFactory for persistence unit 'default'
2023-07-29 21:29:52.544 [main] INFO  com.wojucai.service.impl.ClientServiceImplTest - Started ClientServiceImplTest in 5.708 seconds (JVM running for 6.792)
2023-07-29 21:29:52.871 [SpringApplicationShutdownHook] INFO  org.springframework.orm.jpa.LocalContainerEntityManagerFactoryBean - Closing JPA EntityManagerFactory for persistence unit 'default'
2023-07-29 21:29:52.873 [SpringApplicationShutdownHook] INFO  com.zaxxer.hikari.HikariDataSource - defaultDataSource - Shutdown initiated...
2023-07-29 21:29:52.876 [SpringApplicationShutdownHook] INFO  com.zaxxer.hikari.HikariDataSource - defaultDataSource - Shutdown completed.
2023-07-29 21:33:26.683 [main] INFO  org.springframework.boot.test.context.SpringBootTestContextBootstrapper - Neither @ContextConfiguration nor @ContextHierarchy found for test class [com.wojucai.service.impl.ClientServiceImplTest], using SpringBootContextLoader
2023-07-29 21:33:26.689 [main] INFO  org.springframework.test.context.support.AbstractContextLoader - Could not detect default resource locations for test class [com.wojucai.service.impl.ClientServiceImplTest]: no resource found for suffixes {-context.xml, Context.groovy}.
2023-07-29 21:33:26.690 [main] INFO  org.springframework.test.context.support.AnnotationConfigContextLoaderUtils - Could not detect default configuration classes for test class [com.wojucai.service.impl.ClientServiceImplTest]: ClientServiceImplTest does not declare any static, non-private, non-final, nested classes annotated with @Configuration.
2023-07-29 21:33:26.799 [main] INFO  org.springframework.boot.test.context.SpringBootTestContextBootstrapper - Found @SpringBootConfiguration com.wojucai.OAuthResourceServer for test class com.wojucai.service.impl.ClientServiceImplTest
2023-07-29 21:33:26.887 [main] INFO  org.springframework.boot.test.context.SpringBootTestContextBootstrapper - Loaded default TestExecutionListener class names from location [META-INF/spring.factories]: [org.springframework.boot.test.mock.mockito.MockitoTestExecutionListener, org.springframework.boot.test.mock.mockito.ResetMocksTestExecutionListener, org.springframework.boot.test.autoconfigure.restdocs.RestDocsTestExecutionListener, org.springframework.boot.test.autoconfigure.web.client.MockRestServiceServerResetTestExecutionListener, org.springframework.boot.test.autoconfigure.web.servlet.MockMvcPrintOnlyOnFailureTestExecutionListener, org.springframework.boot.test.autoconfigure.web.servlet.WebDriverTestExecutionListener, org.springframework.boot.test.autoconfigure.webservices.client.MockWebServiceServerTestExecutionListener, org.springframework.test.context.web.ServletTestExecutionListener, org.springframework.test.context.support.DirtiesContextBeforeModesTestExecutionListener, org.springframework.test.context.event.ApplicationEventsTestExecutionListener, org.springframework.test.context.support.DependencyInjectionTestExecutionListener, org.springframework.test.context.support.DirtiesContextTestExecutionListener, org.springframework.test.context.transaction.TransactionalTestExecutionListener, org.springframework.test.context.jdbc.SqlScriptsTestExecutionListener, org.springframework.test.context.event.EventPublishingTestExecutionListener]
2023-07-29 21:33:26.902 [main] INFO  org.springframework.boot.test.context.SpringBootTestContextBootstrapper - Using TestExecutionListeners: [org.springframework.test.context.web.ServletTestExecutionListener@27e47833, org.springframework.test.context.support.DirtiesContextBeforeModesTestExecutionListener@6f6745d6, org.springframework.test.context.event.ApplicationEventsTestExecutionListener@27508c5d, org.springframework.boot.test.mock.mockito.MockitoTestExecutionListener@4f704591, org.springframework.boot.test.autoconfigure.SpringBootDependencyInjectionTestExecutionListener@4b5189ac, org.springframework.test.context.support.DirtiesContextTestExecutionListener@1e4d3ce5, org.springframework.test.context.transaction.TransactionalTestExecutionListener@3ddc6915, org.springframework.test.context.jdbc.SqlScriptsTestExecutionListener@704deff2, org.springframework.test.context.event.EventPublishingTestExecutionListener@379614be, org.springframework.boot.test.mock.mockito.ResetMocksTestExecutionListener@404bbcbd, org.springframework.boot.test.autoconfigure.restdocs.RestDocsTestExecutionListener@1e81f160, org.springframework.boot.test.autoconfigure.web.client.MockRestServiceServerResetTestExecutionListener@1acaf3d, org.springframework.boot.test.autoconfigure.web.servlet.MockMvcPrintOnlyOnFailureTestExecutionListener@6986852, org.springframework.boot.test.autoconfigure.web.servlet.WebDriverTestExecutionListener@1bab8268, org.springframework.boot.test.autoconfigure.webservices.client.MockWebServiceServerTestExecutionListener@a307a8c]
2023-07-29 21:33:27.224 [main] INFO  com.wojucai.service.impl.ClientServiceImplTest - Starting ClientServiceImplTest using Java 1.8.0_291 on LAPTOP-PQIHT6TS with PID 10260 (started by Xuyujie in D:\面试\OAuth-Project\OAuth-ResourceServer)
2023-07-29 21:33:27.225 [main] INFO  com.wojucai.service.impl.ClientServiceImplTest - The following 1 profile is active: "dev"
2023-07-29 21:33:27.972 [main] INFO  org.springframework.data.repository.config.RepositoryConfigurationDelegate - Bootstrapping Spring Data JPA repositories in DEFAULT mode.
2023-07-29 21:33:28.017 [main] INFO  org.springframework.data.repository.config.RepositoryConfigurationDelegate - Finished Spring Data repository scanning in 39 ms. Found 2 JPA repository interfaces.
2023-07-29 21:33:28.663 [main] INFO  com.zaxxer.hikari.HikariDataSource - defaultDataSource - Starting...
2023-07-29 21:33:29.392 [main] INFO  com.zaxxer.hikari.HikariDataSource - defaultDataSource - Start completed.
2023-07-29 21:33:29.446 [main] INFO  org.hibernate.jpa.internal.util.LogHelper - HHH000204: Processing PersistenceUnitInfo [name: default]
2023-07-29 21:33:29.500 [main] INFO  org.hibernate.Version - HHH000412: Hibernate ORM core version 5.6.12.Final
2023-07-29 21:33:29.684 [main] INFO  org.hibernate.annotations.common.Version - HCANN000001: Hibernate Commons Annotations {5.1.2.Final}
2023-07-29 21:33:29.798 [main] INFO  org.hibernate.dialect.Dialect - HHH000400: Using dialect: org.hibernate.dialect.MySQL5Dialect
2023-07-29 21:33:30.554 [main] INFO  org.hibernate.engine.transaction.jta.platform.internal.JtaPlatformInitiator - HHH000490: Using JtaPlatform implementation: [org.hibernate.engine.transaction.jta.platform.internal.NoJtaPlatform]
2023-07-29 21:33:30.562 [main] INFO  org.springframework.orm.jpa.LocalContainerEntityManagerFactoryBean - Initialized JPA EntityManagerFactory for persistence unit 'default'
2023-07-29 21:33:32.659 [main] INFO  com.wojucai.service.impl.ClientServiceImplTest - Started ClientServiceImplTest in 5.723 seconds (JVM running for 6.795)
2023-07-29 21:33:32.952 [SpringApplicationShutdownHook] INFO  org.springframework.orm.jpa.LocalContainerEntityManagerFactoryBean - Closing JPA EntityManagerFactory for persistence unit 'default'
2023-07-29 21:33:32.954 [SpringApplicationShutdownHook] INFO  com.zaxxer.hikari.HikariDataSource - defaultDataSource - Shutdown initiated...
2023-07-29 21:33:32.957 [SpringApplicationShutdownHook] INFO  com.zaxxer.hikari.HikariDataSource - defaultDataSource - Shutdown completed.
2023-07-29 21:34:23.667 [main] INFO  org.springframework.boot.test.context.SpringBootTestContextBootstrapper - Neither @ContextConfiguration nor @ContextHierarchy found for test class [com.wojucai.service.impl.ClientServiceImplTest], using SpringBootContextLoader
2023-07-29 21:34:23.676 [main] INFO  org.springframework.test.context.support.AbstractContextLoader - Could not detect default resource locations for test class [com.wojucai.service.impl.ClientServiceImplTest]: no resource found for suffixes {-context.xml, Context.groovy}.
2023-07-29 21:34:23.677 [main] INFO  org.springframework.test.context.support.AnnotationConfigContextLoaderUtils - Could not detect default configuration classes for test class [com.wojucai.service.impl.ClientServiceImplTest]: ClientServiceImplTest does not declare any static, non-private, non-final, nested classes annotated with @Configuration.
2023-07-29 21:34:23.801 [main] INFO  org.springframework.boot.test.context.SpringBootTestContextBootstrapper - Found @SpringBootConfiguration com.wojucai.OAuthResourceServer for test class com.wojucai.service.impl.ClientServiceImplTest
2023-07-29 21:34:23.885 [main] INFO  org.springframework.boot.test.context.SpringBootTestContextBootstrapper - Loaded default TestExecutionListener class names from location [META-INF/spring.factories]: [org.springframework.boot.test.mock.mockito.MockitoTestExecutionListener, org.springframework.boot.test.mock.mockito.ResetMocksTestExecutionListener, org.springframework.boot.test.autoconfigure.restdocs.RestDocsTestExecutionListener, org.springframework.boot.test.autoconfigure.web.client.MockRestServiceServerResetTestExecutionListener, org.springframework.boot.test.autoconfigure.web.servlet.MockMvcPrintOnlyOnFailureTestExecutionListener, org.springframework.boot.test.autoconfigure.web.servlet.WebDriverTestExecutionListener, org.springframework.boot.test.autoconfigure.webservices.client.MockWebServiceServerTestExecutionListener, org.springframework.test.context.web.ServletTestExecutionListener, org.springframework.test.context.support.DirtiesContextBeforeModesTestExecutionListener, org.springframework.test.context.event.ApplicationEventsTestExecutionListener, org.springframework.test.context.support.DependencyInjectionTestExecutionListener, org.springframework.test.context.support.DirtiesContextTestExecutionListener, org.springframework.test.context.transaction.TransactionalTestExecutionListener, org.springframework.test.context.jdbc.SqlScriptsTestExecutionListener, org.springframework.test.context.event.EventPublishingTestExecutionListener]
2023-07-29 21:34:23.901 [main] INFO  org.springframework.boot.test.context.SpringBootTestContextBootstrapper - Using TestExecutionListeners: [org.springframework.test.context.web.ServletTestExecutionListener@27e47833, org.springframework.test.context.support.DirtiesContextBeforeModesTestExecutionListener@6f6745d6, org.springframework.test.context.event.ApplicationEventsTestExecutionListener@27508c5d, org.springframework.boot.test.mock.mockito.MockitoTestExecutionListener@4f704591, org.springframework.boot.test.autoconfigure.SpringBootDependencyInjectionTestExecutionListener@4b5189ac, org.springframework.test.context.support.DirtiesContextTestExecutionListener@1e4d3ce5, org.springframework.test.context.transaction.TransactionalTestExecutionListener@3ddc6915, org.springframework.test.context.jdbc.SqlScriptsTestExecutionListener@704deff2, org.springframework.test.context.event.EventPublishingTestExecutionListener@379614be, org.springframework.boot.test.mock.mockito.ResetMocksTestExecutionListener@404bbcbd, org.springframework.boot.test.autoconfigure.restdocs.RestDocsTestExecutionListener@1e81f160, org.springframework.boot.test.autoconfigure.web.client.MockRestServiceServerResetTestExecutionListener@1acaf3d, org.springframework.boot.test.autoconfigure.web.servlet.MockMvcPrintOnlyOnFailureTestExecutionListener@6986852, org.springframework.boot.test.autoconfigure.web.servlet.WebDriverTestExecutionListener@1bab8268, org.springframework.boot.test.autoconfigure.webservices.client.MockWebServiceServerTestExecutionListener@a307a8c]
2023-07-29 21:34:24.227 [main] INFO  com.wojucai.service.impl.ClientServiceImplTest - Starting ClientServiceImplTest using Java 1.8.0_291 on LAPTOP-PQIHT6TS with PID 18780 (started by Xuyujie in D:\面试\OAuth-Project\OAuth-ResourceServer)
2023-07-29 21:34:24.228 [main] INFO  com.wojucai.service.impl.ClientServiceImplTest - The following 1 profile is active: "dev"
2023-07-29 21:34:25.032 [main] INFO  org.springframework.data.repository.config.RepositoryConfigurationDelegate - Bootstrapping Spring Data JPA repositories in DEFAULT mode.
2023-07-29 21:34:25.093 [main] INFO  org.springframework.data.repository.config.RepositoryConfigurationDelegate - Finished Spring Data repository scanning in 52 ms. Found 2 JPA repository interfaces.
2023-07-29 21:34:25.680 [main] INFO  com.zaxxer.hikari.HikariDataSource - defaultDataSource - Starting...
2023-07-29 21:34:26.410 [main] INFO  com.zaxxer.hikari.HikariDataSource - defaultDataSource - Start completed.
2023-07-29 21:34:26.465 [main] INFO  org.hibernate.jpa.internal.util.LogHelper - HHH000204: Processing PersistenceUnitInfo [name: default]
2023-07-29 21:34:26.530 [main] INFO  org.hibernate.Version - HHH000412: Hibernate ORM core version 5.6.12.Final
2023-07-29 21:34:26.710 [main] INFO  org.hibernate.annotations.common.Version - HCANN000001: Hibernate Commons Annotations {5.1.2.Final}
2023-07-29 21:34:26.825 [main] INFO  org.hibernate.dialect.Dialect - HHH000400: Using dialect: org.hibernate.dialect.MySQL5Dialect
2023-07-29 21:34:27.570 [main] INFO  org.hibernate.engine.transaction.jta.platform.internal.JtaPlatformInitiator - HHH000490: Using JtaPlatform implementation: [org.hibernate.engine.transaction.jta.platform.internal.NoJtaPlatform]
2023-07-29 21:34:27.578 [main] INFO  org.springframework.orm.jpa.LocalContainerEntityManagerFactoryBean - Initialized JPA EntityManagerFactory for persistence unit 'default'
2023-07-29 21:34:29.503 [main] INFO  com.wojucai.service.impl.ClientServiceImplTest - Started ClientServiceImplTest in 5.569 seconds (JVM running for 6.623)
2023-07-29 21:34:29.599 [SpringApplicationShutdownHook] INFO  org.springframework.orm.jpa.LocalContainerEntityManagerFactoryBean - Closing JPA EntityManagerFactory for persistence unit 'default'
2023-07-29 21:34:29.601 [SpringApplicationShutdownHook] INFO  com.zaxxer.hikari.HikariDataSource - defaultDataSource - Shutdown initiated...
2023-07-29 21:34:29.606 [SpringApplicationShutdownHook] INFO  com.zaxxer.hikari.HikariDataSource - defaultDataSource - Shutdown completed.
2023-07-29 21:35:24.074 [main] INFO  org.springframework.boot.test.context.SpringBootTestContextBootstrapper - Neither @ContextConfiguration nor @ContextHierarchy found for test class [com.wojucai.service.impl.ClientServiceImplTest], using SpringBootContextLoader
2023-07-29 21:35:24.080 [main] INFO  org.springframework.test.context.support.AbstractContextLoader - Could not detect default resource locations for test class [com.wojucai.service.impl.ClientServiceImplTest]: no resource found for suffixes {-context.xml, Context.groovy}.
2023-07-29 21:35:24.081 [main] INFO  org.springframework.test.context.support.AnnotationConfigContextLoaderUtils - Could not detect default configuration classes for test class [com.wojucai.service.impl.ClientServiceImplTest]: ClientServiceImplTest does not declare any static, non-private, non-final, nested classes annotated with @Configuration.
2023-07-29 21:35:24.195 [main] INFO  org.springframework.boot.test.context.SpringBootTestContextBootstrapper - Found @SpringBootConfiguration com.wojucai.OAuthResourceServer for test class com.wojucai.service.impl.ClientServiceImplTest
2023-07-29 21:35:24.281 [main] INFO  org.springframework.boot.test.context.SpringBootTestContextBootstrapper - Loaded default TestExecutionListener class names from location [META-INF/spring.factories]: [org.springframework.boot.test.mock.mockito.MockitoTestExecutionListener, org.springframework.boot.test.mock.mockito.ResetMocksTestExecutionListener, org.springframework.boot.test.autoconfigure.restdocs.RestDocsTestExecutionListener, org.springframework.boot.test.autoconfigure.web.client.MockRestServiceServerResetTestExecutionListener, org.springframework.boot.test.autoconfigure.web.servlet.MockMvcPrintOnlyOnFailureTestExecutionListener, org.springframework.boot.test.autoconfigure.web.servlet.WebDriverTestExecutionListener, org.springframework.boot.test.autoconfigure.webservices.client.MockWebServiceServerTestExecutionListener, org.springframework.test.context.web.ServletTestExecutionListener, org.springframework.test.context.support.DirtiesContextBeforeModesTestExecutionListener, org.springframework.test.context.event.ApplicationEventsTestExecutionListener, org.springframework.test.context.support.DependencyInjectionTestExecutionListener, org.springframework.test.context.support.DirtiesContextTestExecutionListener, org.springframework.test.context.transaction.TransactionalTestExecutionListener, org.springframework.test.context.jdbc.SqlScriptsTestExecutionListener, org.springframework.test.context.event.EventPublishingTestExecutionListener]
2023-07-29 21:35:24.299 [main] INFO  org.springframework.boot.test.context.SpringBootTestContextBootstrapper - Using TestExecutionListeners: [org.springframework.test.context.web.ServletTestExecutionListener@27e47833, org.springframework.test.context.support.DirtiesContextBeforeModesTestExecutionListener@6f6745d6, org.springframework.test.context.event.ApplicationEventsTestExecutionListener@27508c5d, org.springframework.boot.test.mock.mockito.MockitoTestExecutionListener@4f704591, org.springframework.boot.test.autoconfigure.SpringBootDependencyInjectionTestExecutionListener@4b5189ac, org.springframework.test.context.support.DirtiesContextTestExecutionListener@1e4d3ce5, org.springframework.test.context.transaction.TransactionalTestExecutionListener@3ddc6915, org.springframework.test.context.jdbc.SqlScriptsTestExecutionListener@704deff2, org.springframework.test.context.event.EventPublishingTestExecutionListener@379614be, org.springframework.boot.test.mock.mockito.ResetMocksTestExecutionListener@404bbcbd, org.springframework.boot.test.autoconfigure.restdocs.RestDocsTestExecutionListener@1e81f160, org.springframework.boot.test.autoconfigure.web.client.MockRestServiceServerResetTestExecutionListener@1acaf3d, org.springframework.boot.test.autoconfigure.web.servlet.MockMvcPrintOnlyOnFailureTestExecutionListener@6986852, org.springframework.boot.test.autoconfigure.web.servlet.WebDriverTestExecutionListener@1bab8268, org.springframework.boot.test.autoconfigure.webservices.client.MockWebServiceServerTestExecutionListener@a307a8c]
2023-07-29 21:35:24.682 [main] INFO  com.wojucai.service.impl.ClientServiceImplTest - Starting ClientServiceImplTest using Java 1.8.0_291 on LAPTOP-PQIHT6TS with PID 16732 (started by Xuyujie in D:\面试\OAuth-Project\OAuth-ResourceServer)
2023-07-29 21:35:24.683 [main] INFO  com.wojucai.service.impl.ClientServiceImplTest - The following 1 profile is active: "dev"
2023-07-29 21:35:25.462 [main] INFO  org.springframework.data.repository.config.RepositoryConfigurationDelegate - Bootstrapping Spring Data JPA repositories in DEFAULT mode.
2023-07-29 21:35:25.522 [main] INFO  org.springframework.data.repository.config.RepositoryConfigurationDelegate - Finished Spring Data repository scanning in 53 ms. Found 2 JPA repository interfaces.
2023-07-29 21:35:26.120 [main] INFO  com.zaxxer.hikari.HikariDataSource - defaultDataSource - Starting...
2023-07-29 21:35:26.852 [main] INFO  com.zaxxer.hikari.HikariDataSource - defaultDataSource - Start completed.
2023-07-29 21:35:26.906 [main] INFO  org.hibernate.jpa.internal.util.LogHelper - HHH000204: Processing PersistenceUnitInfo [name: default]
2023-07-29 21:35:26.959 [main] INFO  org.hibernate.Version - HHH000412: Hibernate ORM core version 5.6.12.Final
2023-07-29 21:35:27.130 [main] INFO  org.hibernate.annotations.common.Version - HCANN000001: Hibernate Commons Annotations {5.1.2.Final}
2023-07-29 21:35:27.247 [main] INFO  org.hibernate.dialect.Dialect - HHH000400: Using dialect: org.hibernate.dialect.MySQL5Dialect
2023-07-29 21:35:28.003 [main] INFO  org.hibernate.engine.transaction.jta.platform.internal.JtaPlatformInitiator - HHH000490: Using JtaPlatform implementation: [org.hibernate.engine.transaction.jta.platform.internal.NoJtaPlatform]
2023-07-29 21:35:28.012 [main] INFO  org.springframework.orm.jpa.LocalContainerEntityManagerFactoryBean - Initialized JPA EntityManagerFactory for persistence unit 'default'
2023-07-29 21:35:30.005 [main] INFO  com.wojucai.service.impl.ClientServiceImplTest - Started ClientServiceImplTest in 5.665 seconds (JVM running for 6.702)
2023-07-29 21:35:30.149 [SpringApplicationShutdownHook] INFO  org.springframework.orm.jpa.LocalContainerEntityManagerFactoryBean - Closing JPA EntityManagerFactory for persistence unit 'default'
2023-07-29 21:35:30.151 [SpringApplicationShutdownHook] INFO  com.zaxxer.hikari.HikariDataSource - defaultDataSource - Shutdown initiated...
2023-07-29 21:35:30.155 [SpringApplicationShutdownHook] INFO  com.zaxxer.hikari.HikariDataSource - defaultDataSource - Shutdown completed.
2023-07-29 21:36:32.335 [main] INFO  org.springframework.boot.test.context.SpringBootTestContextBootstrapper - Neither @ContextConfiguration nor @ContextHierarchy found for test class [com.wojucai.service.impl.ClientServiceImplTest], using SpringBootContextLoader
2023-07-29 21:36:32.342 [main] INFO  org.springframework.test.context.support.AbstractContextLoader - Could not detect default resource locations for test class [com.wojucai.service.impl.ClientServiceImplTest]: no resource found for suffixes {-context.xml, Context.groovy}.
2023-07-29 21:36:32.342 [main] INFO  org.springframework.test.context.support.AnnotationConfigContextLoaderUtils - Could not detect default configuration classes for test class [com.wojucai.service.impl.ClientServiceImplTest]: ClientServiceImplTest does not declare any static, non-private, non-final, nested classes annotated with @Configuration.
2023-07-29 21:36:32.458 [main] INFO  org.springframework.boot.test.context.SpringBootTestContextBootstrapper - Found @SpringBootConfiguration com.wojucai.OAuthResourceServer for test class com.wojucai.service.impl.ClientServiceImplTest
2023-07-29 21:36:32.546 [main] INFO  org.springframework.boot.test.context.SpringBootTestContextBootstrapper - Loaded default TestExecutionListener class names from location [META-INF/spring.factories]: [org.springframework.boot.test.mock.mockito.MockitoTestExecutionListener, org.springframework.boot.test.mock.mockito.ResetMocksTestExecutionListener, org.springframework.boot.test.autoconfigure.restdocs.RestDocsTestExecutionListener, org.springframework.boot.test.autoconfigure.web.client.MockRestServiceServerResetTestExecutionListener, org.springframework.boot.test.autoconfigure.web.servlet.MockMvcPrintOnlyOnFailureTestExecutionListener, org.springframework.boot.test.autoconfigure.web.servlet.WebDriverTestExecutionListener, org.springframework.boot.test.autoconfigure.webservices.client.MockWebServiceServerTestExecutionListener, org.springframework.test.context.web.ServletTestExecutionListener, org.springframework.test.context.support.DirtiesContextBeforeModesTestExecutionListener, org.springframework.test.context.event.ApplicationEventsTestExecutionListener, org.springframework.test.context.support.DependencyInjectionTestExecutionListener, org.springframework.test.context.support.DirtiesContextTestExecutionListener, org.springframework.test.context.transaction.TransactionalTestExecutionListener, org.springframework.test.context.jdbc.SqlScriptsTestExecutionListener, org.springframework.test.context.event.EventPublishingTestExecutionListener]
2023-07-29 21:36:32.562 [main] INFO  org.springframework.boot.test.context.SpringBootTestContextBootstrapper - Using TestExecutionListeners: [org.springframework.test.context.web.ServletTestExecutionListener@27e47833, org.springframework.test.context.support.DirtiesContextBeforeModesTestExecutionListener@6f6745d6, org.springframework.test.context.event.ApplicationEventsTestExecutionListener@27508c5d, org.springframework.boot.test.mock.mockito.MockitoTestExecutionListener@4f704591, org.springframework.boot.test.autoconfigure.SpringBootDependencyInjectionTestExecutionListener@4b5189ac, org.springframework.test.context.support.DirtiesContextTestExecutionListener@1e4d3ce5, org.springframework.test.context.transaction.TransactionalTestExecutionListener@3ddc6915, org.springframework.test.context.jdbc.SqlScriptsTestExecutionListener@704deff2, org.springframework.test.context.event.EventPublishingTestExecutionListener@379614be, org.springframework.boot.test.mock.mockito.ResetMocksTestExecutionListener@404bbcbd, org.springframework.boot.test.autoconfigure.restdocs.RestDocsTestExecutionListener@1e81f160, org.springframework.boot.test.autoconfigure.web.client.MockRestServiceServerResetTestExecutionListener@1acaf3d, org.springframework.boot.test.autoconfigure.web.servlet.MockMvcPrintOnlyOnFailureTestExecutionListener@6986852, org.springframework.boot.test.autoconfigure.web.servlet.WebDriverTestExecutionListener@1bab8268, org.springframework.boot.test.autoconfigure.webservices.client.MockWebServiceServerTestExecutionListener@a307a8c]
2023-07-29 21:36:32.933 [main] INFO  com.wojucai.service.impl.ClientServiceImplTest - Starting ClientServiceImplTest using Java 1.8.0_291 on LAPTOP-PQIHT6TS with PID 1728 (started by Xuyujie in D:\面试\OAuth-Project\OAuth-ResourceServer)
2023-07-29 21:36:32.934 [main] INFO  com.wojucai.service.impl.ClientServiceImplTest - The following 1 profile is active: "dev"
2023-07-29 21:36:33.781 [main] INFO  org.springframework.data.repository.config.RepositoryConfigurationDelegate - Bootstrapping Spring Data JPA repositories in DEFAULT mode.
2023-07-29 21:36:33.843 [main] INFO  org.springframework.data.repository.config.RepositoryConfigurationDelegate - Finished Spring Data repository scanning in 53 ms. Found 2 JPA repository interfaces.
2023-07-29 21:36:34.448 [main] INFO  com.zaxxer.hikari.HikariDataSource - defaultDataSource - Starting...
2023-07-29 21:36:35.193 [main] INFO  com.zaxxer.hikari.HikariDataSource - defaultDataSource - Start completed.
2023-07-29 21:36:35.249 [main] INFO  org.hibernate.jpa.internal.util.LogHelper - HHH000204: Processing PersistenceUnitInfo [name: default]
2023-07-29 21:36:35.315 [main] INFO  org.hibernate.Version - HHH000412: Hibernate ORM core version 5.6.12.Final
2023-07-29 21:36:35.496 [main] INFO  org.hibernate.annotations.common.Version - HCANN000001: Hibernate Commons Annotations {5.1.2.Final}
2023-07-29 21:36:35.612 [main] INFO  org.hibernate.dialect.Dialect - HHH000400: Using dialect: org.hibernate.dialect.MySQL5Dialect
2023-07-29 21:36:36.381 [main] INFO  org.hibernate.engine.transaction.jta.platform.internal.JtaPlatformInitiator - HHH000490: Using JtaPlatform implementation: [org.hibernate.engine.transaction.jta.platform.internal.NoJtaPlatform]
2023-07-29 21:36:36.390 [main] INFO  org.springframework.orm.jpa.LocalContainerEntityManagerFactoryBean - Initialized JPA EntityManagerFactory for persistence unit 'default'
2023-07-29 21:36:38.497 [main] INFO  com.wojucai.service.impl.ClientServiceImplTest - Started ClientServiceImplTest in 5.899 seconds (JVM running for 6.922)
2023-07-29 21:36:38.644 [SpringApplicationShutdownHook] INFO  org.springframework.orm.jpa.LocalContainerEntityManagerFactoryBean - Closing JPA EntityManagerFactory for persistence unit 'default'
2023-07-29 21:36:38.646 [SpringApplicationShutdownHook] INFO  com.zaxxer.hikari.HikariDataSource - defaultDataSource - Shutdown initiated...
2023-07-29 21:36:38.651 [SpringApplicationShutdownHook] INFO  com.zaxxer.hikari.HikariDataSource - defaultDataSource - Shutdown completed.
2023-07-29 21:37:57.190 [main] INFO  org.springframework.boot.test.context.SpringBootTestContextBootstrapper - Neither @ContextConfiguration nor @ContextHierarchy found for test class [com.wojucai.service.impl.ClientServiceImplTest], using SpringBootContextLoader
2023-07-29 21:37:57.197 [main] INFO  org.springframework.test.context.support.AbstractContextLoader - Could not detect default resource locations for test class [com.wojucai.service.impl.ClientServiceImplTest]: no resource found for suffixes {-context.xml, Context.groovy}.
2023-07-29 21:37:57.197 [main] INFO  org.springframework.test.context.support.AnnotationConfigContextLoaderUtils - Could not detect default configuration classes for test class [com.wojucai.service.impl.ClientServiceImplTest]: ClientServiceImplTest does not declare any static, non-private, non-final, nested classes annotated with @Configuration.
2023-07-29 21:37:57.313 [main] INFO  org.springframework.boot.test.context.SpringBootTestContextBootstrapper - Found @SpringBootConfiguration com.wojucai.OAuthResourceServer for test class com.wojucai.service.impl.ClientServiceImplTest
2023-07-29 21:37:57.398 [main] INFO  org.springframework.boot.test.context.SpringBootTestContextBootstrapper - Loaded default TestExecutionListener class names from location [META-INF/spring.factories]: [org.springframework.boot.test.mock.mockito.MockitoTestExecutionListener, org.springframework.boot.test.mock.mockito.ResetMocksTestExecutionListener, org.springframework.boot.test.autoconfigure.restdocs.RestDocsTestExecutionListener, org.springframework.boot.test.autoconfigure.web.client.MockRestServiceServerResetTestExecutionListener, org.springframework.boot.test.autoconfigure.web.servlet.MockMvcPrintOnlyOnFailureTestExecutionListener, org.springframework.boot.test.autoconfigure.web.servlet.WebDriverTestExecutionListener, org.springframework.boot.test.autoconfigure.webservices.client.MockWebServiceServerTestExecutionListener, org.springframework.test.context.web.ServletTestExecutionListener, org.springframework.test.context.support.DirtiesContextBeforeModesTestExecutionListener, org.springframework.test.context.event.ApplicationEventsTestExecutionListener, org.springframework.test.context.support.DependencyInjectionTestExecutionListener, org.springframework.test.context.support.DirtiesContextTestExecutionListener, org.springframework.test.context.transaction.TransactionalTestExecutionListener, org.springframework.test.context.jdbc.SqlScriptsTestExecutionListener, org.springframework.test.context.event.EventPublishingTestExecutionListener]
2023-07-29 21:37:57.413 [main] INFO  org.springframework.boot.test.context.SpringBootTestContextBootstrapper - Using TestExecutionListeners: [org.springframework.test.context.web.ServletTestExecutionListener@27e47833, org.springframework.test.context.support.DirtiesContextBeforeModesTestExecutionListener@6f6745d6, org.springframework.test.context.event.ApplicationEventsTestExecutionListener@27508c5d, org.springframework.boot.test.mock.mockito.MockitoTestExecutionListener@4f704591, org.springframework.boot.test.autoconfigure.SpringBootDependencyInjectionTestExecutionListener@4b5189ac, org.springframework.test.context.support.DirtiesContextTestExecutionListener@1e4d3ce5, org.springframework.test.context.transaction.TransactionalTestExecutionListener@3ddc6915, org.springframework.test.context.jdbc.SqlScriptsTestExecutionListener@704deff2, org.springframework.test.context.event.EventPublishingTestExecutionListener@379614be, org.springframework.boot.test.mock.mockito.ResetMocksTestExecutionListener@404bbcbd, org.springframework.boot.test.autoconfigure.restdocs.RestDocsTestExecutionListener@1e81f160, org.springframework.boot.test.autoconfigure.web.client.MockRestServiceServerResetTestExecutionListener@1acaf3d, org.springframework.boot.test.autoconfigure.web.servlet.MockMvcPrintOnlyOnFailureTestExecutionListener@6986852, org.springframework.boot.test.autoconfigure.web.servlet.WebDriverTestExecutionListener@1bab8268, org.springframework.boot.test.autoconfigure.webservices.client.MockWebServiceServerTestExecutionListener@a307a8c]
2023-07-29 21:37:57.738 [main] INFO  com.wojucai.service.impl.ClientServiceImplTest - Starting ClientServiceImplTest using Java 1.8.0_291 on LAPTOP-PQIHT6TS with PID 18672 (started by Xuyujie in D:\面试\OAuth-Project\OAuth-ResourceServer)
2023-07-29 21:37:57.739 [main] INFO  com.wojucai.service.impl.ClientServiceImplTest - The following 1 profile is active: "dev"
2023-07-29 21:37:58.465 [main] INFO  org.springframework.data.repository.config.RepositoryConfigurationDelegate - Bootstrapping Spring Data JPA repositories in DEFAULT mode.
2023-07-29 21:37:58.516 [main] INFO  org.springframework.data.repository.config.RepositoryConfigurationDelegate - Finished Spring Data repository scanning in 43 ms. Found 2 JPA repository interfaces.
2023-07-29 21:37:59.068 [main] INFO  com.zaxxer.hikari.HikariDataSource - defaultDataSource - Starting...
2023-07-29 21:37:59.784 [main] INFO  com.zaxxer.hikari.HikariDataSource - defaultDataSource - Start completed.
2023-07-29 21:37:59.841 [main] INFO  org.hibernate.jpa.internal.util.LogHelper - HHH000204: Processing PersistenceUnitInfo [name: default]
2023-07-29 21:37:59.912 [main] INFO  org.hibernate.Version - HHH000412: Hibernate ORM core version 5.6.12.Final
2023-07-29 21:38:00.089 [main] INFO  org.hibernate.annotations.common.Version - HCANN000001: Hibernate Commons Annotations {5.1.2.Final}
2023-07-29 21:38:00.215 [main] INFO  org.hibernate.dialect.Dialect - HHH000400: Using dialect: org.hibernate.dialect.MySQL5Dialect
2023-07-29 21:38:01.039 [main] INFO  org.hibernate.engine.transaction.jta.platform.internal.JtaPlatformInitiator - HHH000490: Using JtaPlatform implementation: [org.hibernate.engine.transaction.jta.platform.internal.NoJtaPlatform]
2023-07-29 21:38:01.048 [main] INFO  org.springframework.orm.jpa.LocalContainerEntityManagerFactoryBean - Initialized JPA EntityManagerFactory for persistence unit 'default'
2023-07-29 21:38:03.130 [main] INFO  com.wojucai.service.impl.ClientServiceImplTest - Started ClientServiceImplTest in 5.684 seconds (JVM running for 6.717)
2023-07-29 21:38:03.440 [SpringApplicationShutdownHook] INFO  org.springframework.orm.jpa.LocalContainerEntityManagerFactoryBean - Closing JPA EntityManagerFactory for persistence unit 'default'
2023-07-29 21:38:03.443 [SpringApplicationShutdownHook] INFO  com.zaxxer.hikari.HikariDataSource - defaultDataSource - Shutdown initiated...
2023-07-29 21:38:03.448 [SpringApplicationShutdownHook] INFO  com.zaxxer.hikari.HikariDataSource - defaultDataSource - Shutdown completed.
