2023-08-23 10:25:08.155  INFO 10000 --- [main] com.wojucai.service.TestUserService      : Starting TestUserService using Java 11.0.11 on LAPTOP-PQIHT6TS with PID 10000 (started by Xuyujie in D:\面试\OAuth-Project\AuthorizationServer)
2023-08-23 10:25:08.155  INFO 10000 --- [main] com.wojucai.service.TestUserService      : No active profile set, falling back to 1 default profile: "default"
2023-08-23 10:25:08.198 DEBUG 10000 --- [main] o.s.w.c.s.GenericWebApplicationContext   : Refreshing org.springframework.web.context.support.GenericWebApplicationContext@173373b4
2023-08-23 10:25:09.212  INFO 10000 --- [main] o.s.cloud.context.scope.GenericScope     : BeanFactory id=6c84ee03-6be5-36ac-8974-b4a0d2f05793
2023-08-23 10:25:10.470 DEBUG 10000 --- [main] s.w.s.m.m.a.RequestMappingHandlerMapping : 33 mappings in 'requestMappingHandlerMapping'
2023-08-23 10:25:10.911 DEBUG 10000 --- [main] s.w.s.m.m.a.RequestMappingHandlerAdapter : ControllerAdvice beans: 0 @ModelAttribute, 0 @InitBinder, 1 RequestBodyAdvice, 1 ResponseBodyAdvice
2023-08-23 10:25:10.939  INFO 10000 --- [main] o.s.b.a.w.s.WelcomePageHandlerMapping    : Adding welcome page: class path resource [static/index.html]
2023-08-23 10:25:10.972 DEBUG 10000 --- [main] o.s.w.s.handler.SimpleUrlHandlerMapping  : Patterns [/swagger-ui/] in 'viewControllerHandlerMapping'
2023-08-23 10:25:11.019 DEBUG 10000 --- [main] o.s.w.s.handler.SimpleUrlHandlerMapping  : Patterns [/webjars/**, /**, /swagger-ui/**] in 'resourceHandlerMapping'
2023-08-23 10:25:11.030 DEBUG 10000 --- [main] .m.m.a.ExceptionHandlerExceptionResolver : ControllerAdvice beans: 1 @ExceptionHandler, 1 ResponseBodyAdvice
2023-08-23 10:25:11.836  INFO 10000 --- [main] com.wojucai.service.TestUserService      : Started TestUserService in 4.348 seconds (JVM running for 5.466)
2023-08-23 10:25:12.135 DEBUG 10000 --- [main] com.wojucai.service.UserService          : [UserService#queryAll] ---> GET http://localhost:8082/sysUser/queryAll?pageNumber=10&pageNow=0 HTTP/1.1
2023-08-23 10:25:12.135 DEBUG 10000 --- [main] com.wojucai.service.UserService          : [UserService#queryAll] ---> END HTTP (0-byte body)
2023-08-23 10:25:12.913 DEBUG 10000 --- [main] com.wojucai.service.UserService          : [UserService#queryAll] <--- HTTP/1.1 200 (770ms)
2023-08-23 10:25:12.913 DEBUG 10000 --- [main] com.wojucai.service.UserService          : [UserService#queryAll] connection: keep-alive
2023-08-23 10:25:12.913 DEBUG 10000 --- [main] com.wojucai.service.UserService          : [UserService#queryAll] content-type: application/json
2023-08-23 10:25:12.913 DEBUG 10000 --- [main] com.wojucai.service.UserService          : [UserService#queryAll] date: Wed, 23 Aug 2023 02:25:12 GMT
2023-08-23 10:25:12.913 DEBUG 10000 --- [main] com.wojucai.service.UserService          : [UserService#queryAll] keep-alive: timeout=60
2023-08-23 10:25:12.913 DEBUG 10000 --- [main] com.wojucai.service.UserService          : [UserService#queryAll] transfer-encoding: chunked
2023-08-23 10:25:12.913 DEBUG 10000 --- [main] com.wojucai.service.UserService          : [UserService#queryAll] 
2023-08-23 10:25:12.953 DEBUG 10000 --- [main] com.wojucai.service.UserService          : [UserService#queryAll] {"code":10000,"message":"请求成功","object":{"content":[{"userId":1,"username":"admin","nickName":"莴苣菜3号","birthday":"2023-08-08 19:21:00","userImage":"http://local","sex":"男","age":18,"description":"有点傻","createTime":"2023-08-05T06:09:08","updateTime":"2023-08-19T06:09:12","role":{"roleId":2,"roleDesc":"管理员","roleName":"ADMIN"}}{"userId":2,"username":"userdemo","nickName":"莴苣菜2号","birthday":"2023-08-02 00:41:54","userImage":"http://local","sex":"男","age":18,"description":"有点傻","createTime":"2023-08-05T06:09:10","updateTime":"2023-08-25T06:09:15","role":{"roleId":1,"roleDesc":"普通用户","roleName":"USER"}}{"userId":572,"username":"user1","nickName":"莴苣菜1号","birthday":"2023-08-20 19:21:05","sex":"女","description":"我是普通人","createTime":"2023-08-11T14:02:48","updateTime":"2023-08-11T14:02:48","role":{"roleId":1,"roleDesc":"普通用户","roleName":"USER"}}],"pageable":{"sort":{"empty":true,"sorted":false,"unsorted":true},"offset":"0","pageSize":10,"pageNumber":0,"paged":true,"unpaged":false},"last":true,"totalPages":1,"totalElements":"3","size":10,"number":0,"sort":{"empty":true,"sorted":false,"unsorted":true},"first":true,"numberOfElements":3,"empty":false}}
2023-08-23 10:25:12.956 DEBUG 10000 --- [main] com.wojucai.service.UserService          : [UserService#queryAll] <--- END HTTP (1239-byte body)
2023-08-23 10:25:12.970 DEBUG 10000 --- [SpringApplicationShutdownHook] o.s.w.c.s.GenericWebApplicationContext   : Closing org.springframework.web.context.support.GenericWebApplicationContext@173373b4, started on Wed Aug 23 10:25:08 GMT+08:00 2023
2023-08-23 10:25:52.004  INFO 9004 --- [main] com.wojucai.service.TestUserService      : Starting TestUserService using Java 11.0.11 on LAPTOP-PQIHT6TS with PID 9004 (started by Xuyujie in D:\面试\OAuth-Project\AuthorizationServer)
2023-08-23 10:25:52.015  INFO 9004 --- [main] com.wojucai.service.TestUserService      : No active profile set, falling back to 1 default profile: "default"
2023-08-23 10:25:52.046 DEBUG 9004 --- [main] o.s.w.c.s.GenericWebApplicationContext   : Refreshing org.springframework.web.context.support.GenericWebApplicationContext@173373b4
2023-08-23 10:25:53.017  INFO 9004 --- [main] o.s.cloud.context.scope.GenericScope     : BeanFactory id=6c84ee03-6be5-36ac-8974-b4a0d2f05793
2023-08-23 10:25:54.089 DEBUG 9004 --- [main] s.w.s.m.m.a.RequestMappingHandlerMapping : 33 mappings in 'requestMappingHandlerMapping'
2023-08-23 10:25:54.457 DEBUG 9004 --- [main] s.w.s.m.m.a.RequestMappingHandlerAdapter : ControllerAdvice beans: 0 @ModelAttribute, 0 @InitBinder, 1 RequestBodyAdvice, 1 ResponseBodyAdvice
2023-08-23 10:25:54.484  INFO 9004 --- [main] o.s.b.a.w.s.WelcomePageHandlerMapping    : Adding welcome page: class path resource [static/index.html]
2023-08-23 10:25:54.521 DEBUG 9004 --- [main] o.s.w.s.handler.SimpleUrlHandlerMapping  : Patterns [/swagger-ui/] in 'viewControllerHandlerMapping'
2023-08-23 10:25:54.564 DEBUG 9004 --- [main] o.s.w.s.handler.SimpleUrlHandlerMapping  : Patterns [/webjars/**, /**, /swagger-ui/**] in 'resourceHandlerMapping'
2023-08-23 10:25:54.574 DEBUG 9004 --- [main] .m.m.a.ExceptionHandlerExceptionResolver : ControllerAdvice beans: 1 @ExceptionHandler, 1 ResponseBodyAdvice
2023-08-23 10:25:55.310  INFO 9004 --- [main] com.wojucai.service.TestUserService      : Started TestUserService in 3.867 seconds (JVM running for 4.896)
2023-08-23 10:25:55.566 DEBUG 9004 --- [main] com.wojucai.service.UserService          : [UserService#queryAll] ---> GET http://localhost:8082/sysUser/queryAll?pageNumber=10&pageNow=0 HTTP/1.1
2023-08-23 10:25:55.566 DEBUG 9004 --- [main] com.wojucai.service.UserService          : [UserService#queryAll] ---> END HTTP (0-byte body)
2023-08-23 10:25:56.389 DEBUG 9004 --- [main] com.wojucai.service.UserService          : [UserService#queryAll] <--- HTTP/1.1 200 (814ms)
2023-08-23 10:25:56.389 DEBUG 9004 --- [main] com.wojucai.service.UserService          : [UserService#queryAll] connection: keep-alive
2023-08-23 10:25:56.389 DEBUG 9004 --- [main] com.wojucai.service.UserService          : [UserService#queryAll] content-type: application/json
2023-08-23 10:25:56.389 DEBUG 9004 --- [main] com.wojucai.service.UserService          : [UserService#queryAll] date: Wed, 23 Aug 2023 02:25:56 GMT
2023-08-23 10:25:56.389 DEBUG 9004 --- [main] com.wojucai.service.UserService          : [UserService#queryAll] keep-alive: timeout=60
2023-08-23 10:25:56.389 DEBUG 9004 --- [main] com.wojucai.service.UserService          : [UserService#queryAll] transfer-encoding: chunked
2023-08-23 10:25:56.389 DEBUG 9004 --- [main] com.wojucai.service.UserService          : [UserService#queryAll] 
2023-08-23 10:25:56.389 DEBUG 9004 --- [main] com.wojucai.service.UserService          : [UserService#queryAll] {"code":10000,"message":"请求成功","object":{"content":[{"userId":1,"username":"admin","nickName":"莴苣菜3号","birthday":"2023-08-08 19:21:00","userImage":"http://local","sex":"男","age":18,"description":"有点傻","createTime":"2023-08-05T06:09:08","updateTime":"2023-08-19T06:09:12","role":{"roleId":2,"roleDesc":"管理员","roleName":"ADMIN"}}{"userId":2,"username":"userdemo","nickName":"莴苣菜2号","birthday":"2023-08-02 00:41:54","userImage":"http://local","sex":"男","age":18,"description":"有点傻","createTime":"2023-08-05T06:09:10","updateTime":"2023-08-25T06:09:15","role":{"roleId":1,"roleDesc":"普通用户","roleName":"USER"}}{"userId":572,"username":"user1","nickName":"莴苣菜1号","birthday":"2023-08-20 19:21:05","sex":"女","description":"我是普通人","createTime":"2023-08-11T14:02:48","updateTime":"2023-08-11T14:02:48","role":{"roleId":1,"roleDesc":"普通用户","roleName":"USER"}}],"pageable":{"sort":{"empty":true,"sorted":false,"unsorted":true},"offset":"0","pageSize":10,"pageNumber":0,"paged":true,"unpaged":false},"last":true,"totalPages":1,"totalElements":"3","size":10,"number":0,"sort":{"empty":true,"sorted":false,"unsorted":true},"first":true,"numberOfElements":3,"empty":false}}
2023-08-23 10:25:56.389 DEBUG 9004 --- [main] com.wojucai.service.UserService          : [UserService#queryAll] <--- END HTTP (1239-byte body)
2023-08-23 10:25:56.399 DEBUG 9004 --- [SpringApplicationShutdownHook] o.s.w.c.s.GenericWebApplicationContext   : Closing org.springframework.web.context.support.GenericWebApplicationContext@173373b4, started on Wed Aug 23 10:25:52 GMT+08:00 2023
2023-08-23 10:27:59.518  INFO 7180 --- [main] com.wojucai.service.TestUserService      : Starting TestUserService using Java 11.0.11 on LAPTOP-PQIHT6TS with PID 7180 (started by Xuyujie in D:\面试\OAuth-Project\AuthorizationServer)
2023-08-23 10:27:59.524  INFO 7180 --- [main] com.wojucai.service.TestUserService      : No active profile set, falling back to 1 default profile: "default"
2023-08-23 10:27:59.559 DEBUG 7180 --- [main] o.s.w.c.s.GenericWebApplicationContext   : Refreshing org.springframework.web.context.support.GenericWebApplicationContext@173373b4
2023-08-23 10:28:00.537  INFO 7180 --- [main] o.s.cloud.context.scope.GenericScope     : BeanFactory id=6c84ee03-6be5-36ac-8974-b4a0d2f05793
2023-08-23 10:28:01.929 DEBUG 7180 --- [main] s.w.s.m.m.a.RequestMappingHandlerMapping : 33 mappings in 'requestMappingHandlerMapping'
2023-08-23 10:28:02.383 DEBUG 7180 --- [main] s.w.s.m.m.a.RequestMappingHandlerAdapter : ControllerAdvice beans: 0 @ModelAttribute, 0 @InitBinder, 1 RequestBodyAdvice, 1 ResponseBodyAdvice
2023-08-23 10:28:02.415  INFO 7180 --- [main] o.s.b.a.w.s.WelcomePageHandlerMapping    : Adding welcome page: class path resource [static/index.html]
2023-08-23 10:28:02.447 DEBUG 7180 --- [main] o.s.w.s.handler.SimpleUrlHandlerMapping  : Patterns [/swagger-ui/] in 'viewControllerHandlerMapping'
2023-08-23 10:28:02.484 DEBUG 7180 --- [main] o.s.w.s.handler.SimpleUrlHandlerMapping  : Patterns [/webjars/**, /**, /swagger-ui/**] in 'resourceHandlerMapping'
2023-08-23 10:28:02.494 DEBUG 7180 --- [main] .m.m.a.ExceptionHandlerExceptionResolver : ControllerAdvice beans: 1 @ExceptionHandler, 1 ResponseBodyAdvice
2023-08-23 10:28:03.439  INFO 7180 --- [main] com.wojucai.service.TestUserService      : Started TestUserService in 4.557 seconds (JVM running for 5.648)
2023-08-23 10:28:03.727 DEBUG 7180 --- [main] com.wojucai.service.UserService          : [UserService#queryAll] ---> GET http://localhost:8082/sysUser/queryAll?pageNumber=10&pageNow=0 HTTP/1.1
2023-08-23 10:28:03.737 DEBUG 7180 --- [main] com.wojucai.service.UserService          : [UserService#queryAll] ---> END HTTP (0-byte body)
2023-08-23 10:28:04.420 DEBUG 7180 --- [main] com.wojucai.service.UserService          : [UserService#queryAll] <--- HTTP/1.1 200 (682ms)
2023-08-23 10:28:04.420 DEBUG 7180 --- [main] com.wojucai.service.UserService          : [UserService#queryAll] connection: keep-alive
2023-08-23 10:28:04.420 DEBUG 7180 --- [main] com.wojucai.service.UserService          : [UserService#queryAll] content-type: application/json
2023-08-23 10:28:04.420 DEBUG 7180 --- [main] com.wojucai.service.UserService          : [UserService#queryAll] date: Wed, 23 Aug 2023 02:28:04 GMT
2023-08-23 10:28:04.420 DEBUG 7180 --- [main] com.wojucai.service.UserService          : [UserService#queryAll] keep-alive: timeout=60
2023-08-23 10:28:04.420 DEBUG 7180 --- [main] com.wojucai.service.UserService          : [UserService#queryAll] transfer-encoding: chunked
2023-08-23 10:28:04.420 DEBUG 7180 --- [main] com.wojucai.service.UserService          : [UserService#queryAll] 
2023-08-23 10:28:04.420 DEBUG 7180 --- [main] com.wojucai.service.UserService          : [UserService#queryAll] {"code":10000,"message":"请求成功","object":{"content":[{"userId":1,"username":"admin","nickName":"莴苣菜3号","birthday":"2023-08-08 19:21:00","userImage":"http://local","sex":"男","age":18,"description":"有点傻","createTime":"2023-08-05T06:09:08","updateTime":"2023-08-19T06:09:12","role":{"roleId":2,"roleDesc":"管理员","roleName":"ADMIN"}}{"userId":2,"username":"userdemo","nickName":"莴苣菜2号","birthday":"2023-08-02 00:41:54","userImage":"http://local","sex":"男","age":18,"description":"有点傻","createTime":"2023-08-05T06:09:10","updateTime":"2023-08-25T06:09:15","role":{"roleId":1,"roleDesc":"普通用户","roleName":"USER"}}{"userId":572,"username":"user1","nickName":"莴苣菜1号","birthday":"2023-08-20 19:21:05","sex":"女","description":"我是普通人","createTime":"2023-08-11T14:02:48","updateTime":"2023-08-11T14:02:48","role":{"roleId":1,"roleDesc":"普通用户","roleName":"USER"}}],"pageable":{"sort":{"empty":true,"sorted":false,"unsorted":true},"offset":"0","pageSize":10,"pageNumber":0,"paged":true,"unpaged":false},"last":true,"totalPages":1,"totalElements":"3","size":10,"number":0,"sort":{"empty":true,"sorted":false,"unsorted":true},"first":true,"numberOfElements":3,"empty":false}}
2023-08-23 10:28:04.420 DEBUG 7180 --- [main] com.wojucai.service.UserService          : [UserService#queryAll] <--- END HTTP (1239-byte body)
2023-08-23 10:28:04.446 DEBUG 7180 --- [SpringApplicationShutdownHook] o.s.w.c.s.GenericWebApplicationContext   : Closing org.springframework.web.context.support.GenericWebApplicationContext@173373b4, started on Wed Aug 23 10:27:59 GMT+08:00 2023
2023-08-23 10:29:59.732  INFO 17216 --- [main] com.wojucai.service.TestUserService      : Starting TestUserService using Java 11.0.11 on LAPTOP-PQIHT6TS with PID 17216 (started by Xuyujie in D:\面试\OAuth-Project\AuthorizationServer)
2023-08-23 10:29:59.743  INFO 17216 --- [main] com.wojucai.service.TestUserService      : No active profile set, falling back to 1 default profile: "default"
2023-08-23 10:29:59.776 DEBUG 17216 --- [main] o.s.w.c.s.GenericWebApplicationContext   : Refreshing org.springframework.web.context.support.GenericWebApplicationContext@173373b4
2023-08-23 10:30:00.740  INFO 17216 --- [main] o.s.cloud.context.scope.GenericScope     : BeanFactory id=6c84ee03-6be5-36ac-8974-b4a0d2f05793
2023-08-23 10:30:02.078 DEBUG 17216 --- [main] s.w.s.m.m.a.RequestMappingHandlerMapping : 33 mappings in 'requestMappingHandlerMapping'
2023-08-23 10:30:02.506 DEBUG 17216 --- [main] s.w.s.m.m.a.RequestMappingHandlerAdapter : ControllerAdvice beans: 0 @ModelAttribute, 0 @InitBinder, 1 RequestBodyAdvice, 1 ResponseBodyAdvice
2023-08-23 10:30:02.538  INFO 17216 --- [main] o.s.b.a.w.s.WelcomePageHandlerMapping    : Adding welcome page: class path resource [static/index.html]
2023-08-23 10:30:02.578 DEBUG 17216 --- [main] o.s.w.s.handler.SimpleUrlHandlerMapping  : Patterns [/swagger-ui/] in 'viewControllerHandlerMapping'
2023-08-23 10:30:02.602 DEBUG 17216 --- [main] o.s.w.s.handler.SimpleUrlHandlerMapping  : Patterns [/webjars/**, /**, /swagger-ui/**] in 'resourceHandlerMapping'
2023-08-23 10:30:02.627 DEBUG 17216 --- [main] .m.m.a.ExceptionHandlerExceptionResolver : ControllerAdvice beans: 1 @ExceptionHandler, 1 ResponseBodyAdvice
2023-08-23 10:30:03.508  INFO 17216 --- [main] com.wojucai.service.TestUserService      : Started TestUserService in 4.381 seconds (JVM running for 5.461)
2023-08-23 10:30:03.829 DEBUG 17216 --- [main] com.wojucai.service.UserService          : [UserService#queryAll] ---> GET http://localhost:8082/sysUser/queryAll?pageNumber=10&pageNow=0 HTTP/1.1
2023-08-23 10:30:03.829 DEBUG 17216 --- [main] com.wojucai.service.UserService          : [UserService#queryAll] ---> END HTTP (0-byte body)
2023-08-23 10:30:05.514 DEBUG 17216 --- [main] com.wojucai.service.UserService          : [UserService#queryAll] <--- HTTP/1.1 200 (1685ms)
2023-08-23 10:30:05.514 DEBUG 17216 --- [main] com.wojucai.service.UserService          : [UserService#queryAll] connection: keep-alive
2023-08-23 10:30:05.514 DEBUG 17216 --- [main] com.wojucai.service.UserService          : [UserService#queryAll] content-type: application/json
2023-08-23 10:30:05.514 DEBUG 17216 --- [main] com.wojucai.service.UserService          : [UserService#queryAll] date: Wed, 23 Aug 2023 02:30:05 GMT
2023-08-23 10:30:05.514 DEBUG 17216 --- [main] com.wojucai.service.UserService          : [UserService#queryAll] keep-alive: timeout=60
2023-08-23 10:30:05.514 DEBUG 17216 --- [main] com.wojucai.service.UserService          : [UserService#queryAll] transfer-encoding: chunked
2023-08-23 10:30:05.514 DEBUG 17216 --- [main] com.wojucai.service.UserService          : [UserService#queryAll] 
2023-08-23 10:30:05.514 DEBUG 17216 --- [main] com.wojucai.service.UserService          : [UserService#queryAll] {"code":10000,"message":"请求成功","object":{"content":[{"userId":1,"username":"admin","nickName":"莴苣菜3号","birthday":"2023-08-08 19:21:00","userImage":"http://local","sex":"男","age":18,"description":"有点傻","createTime":"2023-08-05T06:09:08","updateTime":"2023-08-19T06:09:12","role":{"roleId":2,"roleDesc":"管理员","roleName":"ADMIN"}}{"userId":2,"username":"userdemo","nickName":"莴苣菜2号","birthday":"2023-08-02 00:41:54","userImage":"http://local","sex":"男","age":18,"description":"有点傻","createTime":"2023-08-05T06:09:10","updateTime":"2023-08-25T06:09:15","role":{"roleId":1,"roleDesc":"普通用户","roleName":"USER"}}{"userId":572,"username":"user1","nickName":"莴苣菜1号","birthday":"2023-08-20 19:21:05","sex":"女","description":"我是普通人","createTime":"2023-08-11T14:02:48","updateTime":"2023-08-11T14:02:48","role":{"roleId":1,"roleDesc":"普通用户","roleName":"USER"}}],"pageable":{"sort":{"empty":true,"sorted":false,"unsorted":true},"offset":"0","pageSize":10,"pageNumber":0,"paged":true,"unpaged":false},"last":true,"totalPages":1,"totalElements":"3","size":10,"number":0,"sort":{"empty":true,"sorted":false,"unsorted":true},"first":true,"numberOfElements":3,"empty":false}}
2023-08-23 10:30:05.514 DEBUG 17216 --- [main] com.wojucai.service.UserService          : [UserService#queryAll] <--- END HTTP (1239-byte body)
2023-08-23 10:30:05.535 DEBUG 17216 --- [SpringApplicationShutdownHook] o.s.w.c.s.GenericWebApplicationContext   : Closing org.springframework.web.context.support.GenericWebApplicationContext@173373b4, started on Wed Aug 23 10:29:59 GMT+08:00 2023
2023-08-23 10:32:37.073  INFO 10556 --- [main] com.wojucai.service.TestUserService      : Starting TestUserService using Java 11.0.11 on LAPTOP-PQIHT6TS with PID 10556 (started by Xuyujie in D:\面试\OAuth-Project\AuthorizationServer)
2023-08-23 10:32:37.076  INFO 10556 --- [main] com.wojucai.service.TestUserService      : No active profile set, falling back to 1 default profile: "default"
2023-08-23 10:32:37.098 DEBUG 10556 --- [main] o.s.w.c.s.GenericWebApplicationContext   : Refreshing org.springframework.web.context.support.GenericWebApplicationContext@173373b4
2023-08-23 10:32:38.015  INFO 10556 --- [main] o.s.cloud.context.scope.GenericScope     : BeanFactory id=6c84ee03-6be5-36ac-8974-b4a0d2f05793
2023-08-23 10:32:39.103 DEBUG 10556 --- [main] s.w.s.m.m.a.RequestMappingHandlerMapping : 33 mappings in 'requestMappingHandlerMapping'
2023-08-23 10:32:39.472 DEBUG 10556 --- [main] s.w.s.m.m.a.RequestMappingHandlerAdapter : ControllerAdvice beans: 0 @ModelAttribute, 0 @InitBinder, 1 RequestBodyAdvice, 1 ResponseBodyAdvice
2023-08-23 10:32:39.498  INFO 10556 --- [main] o.s.b.a.w.s.WelcomePageHandlerMapping    : Adding welcome page: class path resource [static/index.html]
2023-08-23 10:32:39.519 DEBUG 10556 --- [main] o.s.w.s.handler.SimpleUrlHandlerMapping  : Patterns [/swagger-ui/] in 'viewControllerHandlerMapping'
2023-08-23 10:32:39.551 DEBUG 10556 --- [main] o.s.w.s.handler.SimpleUrlHandlerMapping  : Patterns [/webjars/**, /**, /swagger-ui/**] in 'resourceHandlerMapping'
2023-08-23 10:32:39.567 DEBUG 10556 --- [main] .m.m.a.ExceptionHandlerExceptionResolver : ControllerAdvice beans: 1 @ExceptionHandler, 1 ResponseBodyAdvice
2023-08-23 10:32:40.330  INFO 10556 --- [main] com.wojucai.service.TestUserService      : Started TestUserService in 3.862 seconds (JVM running for 4.936)
2023-08-23 10:32:40.586 DEBUG 10556 --- [main] com.wojucai.service.UserService          : [UserService#queryAll] ---> GET http://localhost:8082/sysUser/queryAll?pageNumber=10&pageNow=0 HTTP/1.1
2023-08-23 10:32:40.591 DEBUG 10556 --- [main] com.wojucai.service.UserService          : [UserService#queryAll] ---> END HTTP (0-byte body)
2023-08-23 10:32:41.557 DEBUG 10556 --- [main] com.wojucai.service.UserService          : [UserService#queryAll] <--- HTTP/1.1 200 (964ms)
2023-08-23 10:32:41.557 DEBUG 10556 --- [main] com.wojucai.service.UserService          : [UserService#queryAll] connection: keep-alive
2023-08-23 10:32:41.557 DEBUG 10556 --- [main] com.wojucai.service.UserService          : [UserService#queryAll] content-type: application/json
2023-08-23 10:32:41.557 DEBUG 10556 --- [main] com.wojucai.service.UserService          : [UserService#queryAll] date: Wed, 23 Aug 2023 02:32:41 GMT
2023-08-23 10:32:41.557 DEBUG 10556 --- [main] com.wojucai.service.UserService          : [UserService#queryAll] keep-alive: timeout=60
2023-08-23 10:32:41.557 DEBUG 10556 --- [main] com.wojucai.service.UserService          : [UserService#queryAll] transfer-encoding: chunked
2023-08-23 10:32:41.557 DEBUG 10556 --- [main] com.wojucai.service.UserService          : [UserService#queryAll] 
2023-08-23 10:32:41.557 DEBUG 10556 --- [main] com.wojucai.service.UserService          : [UserService#queryAll] {"code":10000,"message":"请求成功","object":{"content":[{"userId":1,"username":"admin","nickName":"莴苣菜3号","birthday":"2023-08-08 19:21:00","userImage":"http://local","sex":"男","age":18,"description":"有点傻","createTime":"2023-08-05T06:09:08","updateTime":"2023-08-19T06:09:12","role":{"roleId":2,"roleDesc":"管理员","roleName":"ADMIN"}}{"userId":2,"username":"userdemo","nickName":"莴苣菜2号","birthday":"2023-08-02 00:41:54","userImage":"http://local","sex":"男","age":18,"description":"有点傻","createTime":"2023-08-05T06:09:10","updateTime":"2023-08-25T06:09:15","role":{"roleId":1,"roleDesc":"普通用户","roleName":"USER"}}{"userId":572,"username":"user1","nickName":"莴苣菜1号","birthday":"2023-08-20 19:21:05","sex":"女","description":"我是普通人","createTime":"2023-08-11T14:02:48","updateTime":"2023-08-11T14:02:48","role":{"roleId":1,"roleDesc":"普通用户","roleName":"USER"}}],"pageable":{"sort":{"empty":true,"sorted":false,"unsorted":true},"offset":"0","pageSize":10,"pageNumber":0,"paged":true,"unpaged":false},"last":true,"totalPages":1,"totalElements":"3","size":10,"number":0,"sort":{"empty":true,"sorted":false,"unsorted":true},"first":true,"numberOfElements":3,"empty":false}}
2023-08-23 10:32:41.557 DEBUG 10556 --- [main] com.wojucai.service.UserService          : [UserService#queryAll] <--- END HTTP (1239-byte body)
2023-08-23 10:32:41.571 DEBUG 10556 --- [SpringApplicationShutdownHook] o.s.w.c.s.GenericWebApplicationContext   : Closing org.springframework.web.context.support.GenericWebApplicationContext@173373b4, started on Wed Aug 23 10:32:37 GMT+08:00 2023
